31-Jan-2025 07:15:13.995 INFO [main] org.apache.catalina.startup.VersionLoggerListener.log Server version name:   Apache Tomcat/9.0.96
31-Jan-2025 07:15:14.003 INFO [main] org.apache.catalina.startup.VersionLoggerListener.log Server built:          Oct 3 2024 19:44:30 UTC
31-Jan-2025 07:15:14.004 INFO [main] org.apache.catalina.startup.VersionLoggerListener.log Server version number: 9.0.96.0
31-Jan-2025 07:15:14.004 INFO [main] org.apache.catalina.startup.VersionLoggerListener.log OS Name:               Windows 10
31-Jan-2025 07:15:14.004 INFO [main] org.apache.catalina.startup.VersionLoggerListener.log OS Version:            10.0
31-Jan-2025 07:15:14.004 INFO [main] org.apache.catalina.startup.VersionLoggerListener.log Architecture:          amd64
31-Jan-2025 07:15:14.004 INFO [main] org.apache.catalina.startup.VersionLoggerListener.log Java Home:             C:\Users\Himasha\.jdks\openjdk-22.0.2
31-Jan-2025 07:15:14.004 INFO [main] org.apache.catalina.startup.VersionLoggerListener.log JVM Version:           22.0.2+9-70
31-Jan-2025 07:15:14.004 INFO [main] org.apache.catalina.startup.VersionLoggerListener.log JVM Vendor:            Oracle Corporation
31-Jan-2025 07:15:14.004 INFO [main] org.apache.catalina.startup.VersionLoggerListener.log CATALINA_BASE:         E:\Parlimate\Parlimate-Project
31-Jan-2025 07:15:14.005 INFO [main] org.apache.catalina.startup.VersionLoggerListener.log CATALINA_HOME:         C:\Program Files\apache-tomcat-9.0.96-windows-x64\apache-tomcat-9.0.96
31-Jan-2025 07:15:14.032 INFO [main] org.apache.catalina.startup.VersionLoggerListener.log Command line argument: --add-opens=java.base/java.lang=ALL-UNNAMED
31-Jan-2025 07:15:14.032 INFO [main] org.apache.catalina.startup.VersionLoggerListener.log Command line argument: --add-opens=java.base/java.io=ALL-UNNAMED
31-Jan-2025 07:15:14.032 INFO [main] org.apache.catalina.startup.VersionLoggerListener.log Command line argument: --add-opens=java.base/java.util=ALL-UNNAMED
31-Jan-2025 07:15:14.032 INFO [main] org.apache.catalina.startup.VersionLoggerListener.log Command line argument: --add-opens=java.base/java.util.concurrent=ALL-UNNAMED
31-Jan-2025 07:15:14.032 INFO [main] org.apache.catalina.startup.VersionLoggerListener.log Command line argument: --add-opens=java.rmi/sun.rmi.transport=ALL-UNNAMED
31-Jan-2025 07:15:14.032 INFO [main] org.apache.catalina.startup.VersionLoggerListener.log Command line argument: -Dcatalina.home=C:\Program Files\apache-tomcat-9.0.96-windows-x64\apache-tomcat-9.0.96
31-Jan-2025 07:15:14.033 INFO [main] org.apache.catalina.startup.VersionLoggerListener.log Command line argument: -Dcatalina.base=E:\Parlimate\Parlimate-Project
31-Jan-2025 07:15:14.033 INFO [main] org.apache.catalina.startup.VersionLoggerListener.log Command line argument: -Djava.io.tmpdir=E:\Parlimate\Parlimate-Project\temp
31-Jan-2025 07:15:14.033 INFO [main] org.apache.catalina.startup.VersionLoggerListener.log Command line argument: -Djava.util.logging.config.file=E:\Parlimate\Parlimate-Project\conf\logging.properties
31-Jan-2025 07:15:14.033 INFO [main] org.apache.catalina.startup.VersionLoggerListener.log Command line argument: -Djava.util.logging.manager=org.apache.juli.ClassLoaderLogManager
31-Jan-2025 07:15:14.033 INFO [main] org.apache.catalina.startup.VersionLoggerListener.log Command line argument: -javaagent:C:\Program Files\JetBrains\IntelliJ IDEA 2024.2.3\lib\idea_rt.jar=64961:C:\Program Files\JetBrains\IntelliJ IDEA 2024.2.3\bin
31-Jan-2025 07:15:14.033 INFO [main] org.apache.catalina.startup.VersionLoggerListener.log Command line argument: -Dfile.encoding=UTF-8
31-Jan-2025 07:15:14.033 INFO [main] org.apache.catalina.startup.VersionLoggerListener.log Command line argument: -Dsun.stdout.encoding=UTF-8
31-Jan-2025 07:15:14.033 INFO [main] org.apache.catalina.startup.VersionLoggerListener.log Command line argument: -Dsun.stderr.encoding=UTF-8
31-Jan-2025 07:15:19.948 INFO [main] org.apache.catalina.core.AprLifecycleListener.lifecycleEvent Loaded Apache Tomcat Native library [1.3.1] using APR version [1.7.4].
31-Jan-2025 07:15:19.993 INFO [main] org.apache.catalina.core.AprLifecycleListener.lifecycleEvent APR capabilities: IPv6 [true], sendfile [true], accept filters [false], random [true], UDS [true].
31-Jan-2025 07:15:19.993 INFO [main] org.apache.catalina.core.AprLifecycleListener.lifecycleEvent APR/OpenSSL configuration: useAprConnector [false], useOpenSSL [true]
31-Jan-2025 07:15:20.054 INFO [main] org.apache.catalina.core.AprLifecycleListener.initializeSSL OpenSSL successfully initialized [OpenSSL 3.0.14 4 Jun 2024]
31-Jan-2025 07:15:20.707 INFO [main] org.apache.coyote.AbstractProtocol.init Initializing ProtocolHandler ["http-nio-8080"]
31-Jan-2025 07:15:20.751 INFO [main] org.apache.catalina.startup.Catalina.load Server initialization in [7324] milliseconds
31-Jan-2025 07:15:20.877 INFO [main] org.apache.catalina.core.StandardService.startInternal Starting service [Catalina]
31-Jan-2025 07:15:20.877 INFO [main] org.apache.catalina.core.StandardEngine.startInternal Starting Servlet engine: [Apache Tomcat/9.0.96]
31-Jan-2025 07:15:20.890 INFO [main] org.apache.catalina.startup.HostConfig.deployDescriptor Deploying deployment descriptor [E:\Parlimate\Parlimate-Project\conf\Catalina\localhost\Parlimate.xml]
31-Jan-2025 07:16:53.135 INFO [main] org.apache.jasper.servlet.TldScanner.scanJars At least one JAR was scanned for TLDs yet contained no TLDs. Enable debug logging for this logger for a complete list of JARs that were scanned but no TLDs were found in them. Skipping unneeded JARs during scanning can improve startup time and JSP compilation time.
31-Jan-2025 07:16:53.367 INFO [main] org.apache.catalina.startup.HostConfig.deployDescriptor Deployment of deployment descriptor [E:\Parlimate\Parlimate-Project\conf\Catalina\localhost\Parlimate.xml] has finished in [92,475] ms
31-Jan-2025 07:16:53.375 INFO [main] org.apache.coyote.AbstractProtocol.start Starting ProtocolHandler ["http-nio-8080"]
31-Jan-2025 07:16:53.441 INFO [main] org.apache.catalina.startup.Catalina.start Server startup in [92687] milliseconds
