22-Feb-2025 00:08:55.439 INFO [Thread-1] org.apache.coyote.AbstractProtocol.pause Pausing ProtocolHandler ["http-nio-8080"]
22-Feb-2025 00:08:56.270 INFO [Thread-1] org.apache.catalina.core.StandardService.stopInternal Stopping service [Catalina]
22-Feb-2025 00:08:57.696 WARNING [Thread-1] org.apache.catalina.loader.WebappClassLoaderBase.clearReferencesJdbc The web application [Parlimate] registered the JDBC driver [org.postgresql.Driver] but failed to unregister it when the web application was stopped. To prevent a memory leak, the JDBC Driver has been forcibly unregistered.
22-Feb-2025 00:08:58.113 INFO [Thread-1] org.apache.coyote.AbstractProtocol.stop Stopping ProtocolHandler ["http-nio-8080"]
22-Feb-2025 00:08:58.541 INFO [Thread-1] org.apache.coyote.AbstractProtocol.destroy Destroying ProtocolHandler ["http-nio-8080"]
22-Feb-2025 00:09:14.402 INFO [main] org.apache.catalina.startup.VersionLoggerListener.log Server version name:   Apache Tomcat/9.0.96
22-Feb-2025 00:09:14.405 INFO [main] org.apache.catalina.startup.VersionLoggerListener.log Server built:          Oct 3 2024 19:44:30 UTC
22-Feb-2025 00:09:14.405 INFO [main] org.apache.catalina.startup.VersionLoggerListener.log Server version number: 9.0.96.0
22-Feb-2025 00:09:14.405 INFO [main] org.apache.catalina.startup.VersionLoggerListener.log OS Name:               Windows 10
22-Feb-2025 00:09:14.405 INFO [main] org.apache.catalina.startup.VersionLoggerListener.log OS Version:            10.0
22-Feb-2025 00:09:14.405 INFO [main] org.apache.catalina.startup.VersionLoggerListener.log Architecture:          amd64
22-Feb-2025 00:09:14.405 INFO [main] org.apache.catalina.startup.VersionLoggerListener.log Java Home:             C:\Users\Himasha\.jdks\openjdk-22.0.2
22-Feb-2025 00:09:14.405 INFO [main] org.apache.catalina.startup.VersionLoggerListener.log JVM Version:           22.0.2+9-70
22-Feb-2025 00:09:14.405 INFO [main] org.apache.catalina.startup.VersionLoggerListener.log JVM Vendor:            Oracle Corporation
22-Feb-2025 00:09:14.405 INFO [main] org.apache.catalina.startup.VersionLoggerListener.log CATALINA_BASE:         E:\Parlimate\Parlimate-Project
22-Feb-2025 00:09:14.406 INFO [main] org.apache.catalina.startup.VersionLoggerListener.log CATALINA_HOME:         C:\Program Files\apache-tomcat-9.0.96-windows-x64\apache-tomcat-9.0.96
22-Feb-2025 00:09:14.411 INFO [main] org.apache.catalina.startup.VersionLoggerListener.log Command line argument: --add-opens=java.base/java.lang=ALL-UNNAMED
22-Feb-2025 00:09:14.411 INFO [main] org.apache.catalina.startup.VersionLoggerListener.log Command line argument: --add-opens=java.base/java.io=ALL-UNNAMED
22-Feb-2025 00:09:14.411 INFO [main] org.apache.catalina.startup.VersionLoggerListener.log Command line argument: --add-opens=java.base/java.util=ALL-UNNAMED
22-Feb-2025 00:09:14.411 INFO [main] org.apache.catalina.startup.VersionLoggerListener.log Command line argument: --add-opens=java.base/java.util.concurrent=ALL-UNNAMED
22-Feb-2025 00:09:14.411 INFO [main] org.apache.catalina.startup.VersionLoggerListener.log Command line argument: --add-opens=java.rmi/sun.rmi.transport=ALL-UNNAMED
22-Feb-2025 00:09:14.411 INFO [main] org.apache.catalina.startup.VersionLoggerListener.log Command line argument: -Dcatalina.home=C:\Program Files\apache-tomcat-9.0.96-windows-x64\apache-tomcat-9.0.96
22-Feb-2025 00:09:14.411 INFO [main] org.apache.catalina.startup.VersionLoggerListener.log Command line argument: -Dcatalina.base=E:\Parlimate\Parlimate-Project
22-Feb-2025 00:09:14.411 INFO [main] org.apache.catalina.startup.VersionLoggerListener.log Command line argument: -Djava.io.tmpdir=E:\Parlimate\Parlimate-Project\temp
22-Feb-2025 00:09:14.411 INFO [main] org.apache.catalina.startup.VersionLoggerListener.log Command line argument: -Djava.util.logging.config.file=E:\Parlimate\Parlimate-Project\conf\logging.properties
22-Feb-2025 00:09:14.411 INFO [main] org.apache.catalina.startup.VersionLoggerListener.log Command line argument: -Djava.util.logging.manager=org.apache.juli.ClassLoaderLogManager
22-Feb-2025 00:09:14.411 INFO [main] org.apache.catalina.startup.VersionLoggerListener.log Command line argument: -javaagent:C:\Program Files\JetBrains\IntelliJ IDEA 2024.2.3\lib\idea_rt.jar=51618:C:\Program Files\JetBrains\IntelliJ IDEA 2024.2.3\bin
22-Feb-2025 00:09:14.411 INFO [main] org.apache.catalina.startup.VersionLoggerListener.log Command line argument: -Dfile.encoding=UTF-8
22-Feb-2025 00:09:14.411 INFO [main] org.apache.catalina.startup.VersionLoggerListener.log Command line argument: -Dsun.stdout.encoding=UTF-8
22-Feb-2025 00:09:14.411 INFO [main] org.apache.catalina.startup.VersionLoggerListener.log Command line argument: -Dsun.stderr.encoding=UTF-8
22-Feb-2025 00:09:15.864 INFO [main] org.apache.catalina.core.AprLifecycleListener.lifecycleEvent Loaded Apache Tomcat Native library [1.3.1] using APR version [1.7.4].
22-Feb-2025 00:09:15.865 INFO [main] org.apache.catalina.core.AprLifecycleListener.lifecycleEvent APR capabilities: IPv6 [true], sendfile [true], accept filters [false], random [true], UDS [true].
22-Feb-2025 00:09:15.865 INFO [main] org.apache.catalina.core.AprLifecycleListener.lifecycleEvent APR/OpenSSL configuration: useAprConnector [false], useOpenSSL [true]
22-Feb-2025 00:09:15.915 INFO [main] org.apache.catalina.core.AprLifecycleListener.initializeSSL OpenSSL successfully initialized [OpenSSL 3.0.14 4 Jun 2024]
22-Feb-2025 00:09:16.267 INFO [main] org.apache.coyote.AbstractProtocol.init Initializing ProtocolHandler ["http-nio-8080"]
22-Feb-2025 00:09:16.283 INFO [main] org.apache.catalina.startup.Catalina.load Server initialization in [2105] milliseconds
22-Feb-2025 00:09:16.321 INFO [main] org.apache.catalina.core.StandardService.startInternal Starting service [Catalina]
22-Feb-2025 00:09:16.321 INFO [main] org.apache.catalina.core.StandardEngine.startInternal Starting Servlet engine: [Apache Tomcat/9.0.96]
22-Feb-2025 00:09:16.327 INFO [main] org.apache.catalina.startup.HostConfig.deployDescriptor Deploying deployment descriptor [E:\Parlimate\Parlimate-Project\conf\Catalina\localhost\Parlimate.xml]
22-Feb-2025 00:09:19.104 INFO [main] org.apache.jasper.servlet.TldScanner.scanJars At least one JAR was scanned for TLDs yet contained no TLDs. Enable debug logging for this logger for a complete list of JARs that were scanned but no TLDs were found in them. Skipping unneeded JARs during scanning can improve startup time and JSP compilation time.
22-Feb-2025 00:09:19.163 INFO [main] org.apache.catalina.startup.HostConfig.deployDescriptor Deployment of deployment descriptor [E:\Parlimate\Parlimate-Project\conf\Catalina\localhost\Parlimate.xml] has finished in [2,835] ms
22-Feb-2025 00:09:19.166 INFO [main] org.apache.coyote.AbstractProtocol.start Starting ProtocolHandler ["http-nio-8080"]
22-Feb-2025 00:09:19.182 INFO [main] org.apache.catalina.startup.Catalina.start Server startup in [2897] milliseconds
22-Feb-2025 00:11:05.411 INFO [Thread-1] org.apache.coyote.AbstractProtocol.pause Pausing ProtocolHandler ["http-nio-8080"]
22-Feb-2025 00:11:05.415 INFO [Thread-1] org.apache.catalina.core.StandardService.stopInternal Stopping service [Catalina]
22-Feb-2025 00:11:05.433 INFO [Thread-1] org.apache.coyote.AbstractProtocol.stop Stopping ProtocolHandler ["http-nio-8080"]
22-Feb-2025 00:11:05.444 INFO [Thread-1] org.apache.coyote.AbstractProtocol.destroy Destroying ProtocolHandler ["http-nio-8080"]
22-Feb-2025 00:11:07.726 INFO [main] org.apache.catalina.startup.VersionLoggerListener.log Server version name:   Apache Tomcat/9.0.96
22-Feb-2025 00:11:07.730 INFO [main] org.apache.catalina.startup.VersionLoggerListener.log Server built:          Oct 3 2024 19:44:30 UTC
22-Feb-2025 00:11:07.730 INFO [main] org.apache.catalina.startup.VersionLoggerListener.log Server version number: 9.0.96.0
22-Feb-2025 00:11:07.730 INFO [main] org.apache.catalina.startup.VersionLoggerListener.log OS Name:               Windows 10
22-Feb-2025 00:11:07.730 INFO [main] org.apache.catalina.startup.VersionLoggerListener.log OS Version:            10.0
22-Feb-2025 00:11:07.730 INFO [main] org.apache.catalina.startup.VersionLoggerListener.log Architecture:          amd64
22-Feb-2025 00:11:07.730 INFO [main] org.apache.catalina.startup.VersionLoggerListener.log Java Home:             C:\Users\Himasha\.jdks\openjdk-22.0.2
22-Feb-2025 00:11:07.730 INFO [main] org.apache.catalina.startup.VersionLoggerListener.log JVM Version:           22.0.2+9-70
22-Feb-2025 00:11:07.730 INFO [main] org.apache.catalina.startup.VersionLoggerListener.log JVM Vendor:            Oracle Corporation
22-Feb-2025 00:11:07.731 INFO [main] org.apache.catalina.startup.VersionLoggerListener.log CATALINA_BASE:         E:\Parlimate\Parlimate-Project
22-Feb-2025 00:11:07.731 INFO [main] org.apache.catalina.startup.VersionLoggerListener.log CATALINA_HOME:         C:\Program Files\apache-tomcat-9.0.96-windows-x64\apache-tomcat-9.0.96
22-Feb-2025 00:11:07.738 INFO [main] org.apache.catalina.startup.VersionLoggerListener.log Command line argument: --add-opens=java.base/java.lang=ALL-UNNAMED
22-Feb-2025 00:11:07.739 INFO [main] org.apache.catalina.startup.VersionLoggerListener.log Command line argument: --add-opens=java.base/java.io=ALL-UNNAMED
22-Feb-2025 00:11:07.739 INFO [main] org.apache.catalina.startup.VersionLoggerListener.log Command line argument: --add-opens=java.base/java.util=ALL-UNNAMED
22-Feb-2025 00:11:07.739 INFO [main] org.apache.catalina.startup.VersionLoggerListener.log Command line argument: --add-opens=java.base/java.util.concurrent=ALL-UNNAMED
22-Feb-2025 00:11:07.739 INFO [main] org.apache.catalina.startup.VersionLoggerListener.log Command line argument: --add-opens=java.rmi/sun.rmi.transport=ALL-UNNAMED
22-Feb-2025 00:11:07.739 INFO [main] org.apache.catalina.startup.VersionLoggerListener.log Command line argument: -Dcatalina.home=C:\Program Files\apache-tomcat-9.0.96-windows-x64\apache-tomcat-9.0.96
22-Feb-2025 00:11:07.739 INFO [main] org.apache.catalina.startup.VersionLoggerListener.log Command line argument: -Dcatalina.base=E:\Parlimate\Parlimate-Project
22-Feb-2025 00:11:07.739 INFO [main] org.apache.catalina.startup.VersionLoggerListener.log Command line argument: -Djava.io.tmpdir=E:\Parlimate\Parlimate-Project\temp
22-Feb-2025 00:11:07.739 INFO [main] org.apache.catalina.startup.VersionLoggerListener.log Command line argument: -Djava.util.logging.config.file=E:\Parlimate\Parlimate-Project\conf\logging.properties
22-Feb-2025 00:11:07.739 INFO [main] org.apache.catalina.startup.VersionLoggerListener.log Command line argument: -Djava.util.logging.manager=org.apache.juli.ClassLoaderLogManager
22-Feb-2025 00:11:07.739 INFO [main] org.apache.catalina.startup.VersionLoggerListener.log Command line argument: -javaagent:C:\Program Files\JetBrains\IntelliJ IDEA 2024.2.3\lib\idea_rt.jar=51644:C:\Program Files\JetBrains\IntelliJ IDEA 2024.2.3\bin
22-Feb-2025 00:11:07.739 INFO [main] org.apache.catalina.startup.VersionLoggerListener.log Command line argument: -Dfile.encoding=UTF-8
22-Feb-2025 00:11:07.739 INFO [main] org.apache.catalina.startup.VersionLoggerListener.log Command line argument: -Dsun.stdout.encoding=UTF-8
22-Feb-2025 00:11:07.739 INFO [main] org.apache.catalina.startup.VersionLoggerListener.log Command line argument: -Dsun.stderr.encoding=UTF-8
22-Feb-2025 00:11:07.742 INFO [main] org.apache.catalina.core.AprLifecycleListener.lifecycleEvent Loaded Apache Tomcat Native library [1.3.1] using APR version [1.7.4].
22-Feb-2025 00:11:07.742 INFO [main] org.apache.catalina.core.AprLifecycleListener.lifecycleEvent APR capabilities: IPv6 [true], sendfile [true], accept filters [false], random [true], UDS [true].
22-Feb-2025 00:11:07.742 INFO [main] org.apache.catalina.core.AprLifecycleListener.lifecycleEvent APR/OpenSSL configuration: useAprConnector [false], useOpenSSL [true]
22-Feb-2025 00:11:07.747 INFO [main] org.apache.catalina.core.AprLifecycleListener.initializeSSL OpenSSL successfully initialized [OpenSSL 3.0.14 4 Jun 2024]
22-Feb-2025 00:11:08.085 INFO [main] org.apache.coyote.AbstractProtocol.init Initializing ProtocolHandler ["http-nio-8080"]
22-Feb-2025 00:11:08.106 INFO [main] org.apache.catalina.startup.Catalina.load Server initialization in [592] milliseconds
22-Feb-2025 00:11:08.142 INFO [main] org.apache.catalina.core.StandardService.startInternal Starting service [Catalina]
22-Feb-2025 00:11:08.143 INFO [main] org.apache.catalina.core.StandardEngine.startInternal Starting Servlet engine: [Apache Tomcat/9.0.96]
22-Feb-2025 00:11:08.148 INFO [main] org.apache.catalina.startup.HostConfig.deployDescriptor Deploying deployment descriptor [E:\Parlimate\Parlimate-Project\conf\Catalina\localhost\Parlimate.xml]
22-Feb-2025 00:11:08.755 INFO [main] org.apache.jasper.servlet.TldScanner.scanJars At least one JAR was scanned for TLDs yet contained no TLDs. Enable debug logging for this logger for a complete list of JARs that were scanned but no TLDs were found in them. Skipping unneeded JARs during scanning can improve startup time and JSP compilation time.
22-Feb-2025 00:11:08.810 INFO [main] org.apache.catalina.startup.HostConfig.deployDescriptor Deployment of deployment descriptor [E:\Parlimate\Parlimate-Project\conf\Catalina\localhost\Parlimate.xml] has finished in [661] ms
22-Feb-2025 00:11:08.813 INFO [main] org.apache.coyote.AbstractProtocol.start Starting ProtocolHandler ["http-nio-8080"]
22-Feb-2025 00:11:08.831 INFO [main] org.apache.catalina.startup.Catalina.start Server startup in [724] milliseconds
22-Feb-2025 00:18:13.159 INFO [Thread-1] org.apache.coyote.AbstractProtocol.pause Pausing ProtocolHandler ["http-nio-8080"]
22-Feb-2025 00:18:13.170 INFO [Thread-1] org.apache.catalina.core.StandardService.stopInternal Stopping service [Catalina]
22-Feb-2025 00:18:13.208 WARNING [Thread-1] org.apache.catalina.loader.WebappClassLoaderBase.clearReferencesJdbc The web application [Parlimate] registered the JDBC driver [org.postgresql.Driver] but failed to unregister it when the web application was stopped. To prevent a memory leak, the JDBC Driver has been forcibly unregistered.
22-Feb-2025 00:18:13.226 INFO [Thread-1] org.apache.coyote.AbstractProtocol.stop Stopping ProtocolHandler ["http-nio-8080"]
22-Feb-2025 00:18:13.252 INFO [Thread-1] org.apache.coyote.AbstractProtocol.destroy Destroying ProtocolHandler ["http-nio-8080"]
22-Feb-2025 00:18:17.870 INFO [main] org.apache.catalina.startup.VersionLoggerListener.log Server version name:   Apache Tomcat/9.0.96
22-Feb-2025 00:18:17.874 INFO [main] org.apache.catalina.startup.VersionLoggerListener.log Server built:          Oct 3 2024 19:44:30 UTC
22-Feb-2025 00:18:17.874 INFO [main] org.apache.catalina.startup.VersionLoggerListener.log Server version number: 9.0.96.0
22-Feb-2025 00:18:17.875 INFO [main] org.apache.catalina.startup.VersionLoggerListener.log OS Name:               Windows 10
22-Feb-2025 00:18:17.875 INFO [main] org.apache.catalina.startup.VersionLoggerListener.log OS Version:            10.0
22-Feb-2025 00:18:17.876 INFO [main] org.apache.catalina.startup.VersionLoggerListener.log Architecture:          amd64
22-Feb-2025 00:18:17.876 INFO [main] org.apache.catalina.startup.VersionLoggerListener.log Java Home:             C:\Users\Himasha\.jdks\openjdk-22.0.2
22-Feb-2025 00:18:17.876 INFO [main] org.apache.catalina.startup.VersionLoggerListener.log JVM Version:           22.0.2+9-70
22-Feb-2025 00:18:17.876 INFO [main] org.apache.catalina.startup.VersionLoggerListener.log JVM Vendor:            Oracle Corporation
22-Feb-2025 00:18:17.876 INFO [main] org.apache.catalina.startup.VersionLoggerListener.log CATALINA_BASE:         E:\Parlimate\Parlimate-Project
22-Feb-2025 00:18:17.876 INFO [main] org.apache.catalina.startup.VersionLoggerListener.log CATALINA_HOME:         C:\Program Files\apache-tomcat-9.0.96-windows-x64\apache-tomcat-9.0.96
22-Feb-2025 00:18:17.887 INFO [main] org.apache.catalina.startup.VersionLoggerListener.log Command line argument: --add-opens=java.base/java.lang=ALL-UNNAMED
22-Feb-2025 00:18:17.888 INFO [main] org.apache.catalina.startup.VersionLoggerListener.log Command line argument: --add-opens=java.base/java.io=ALL-UNNAMED
22-Feb-2025 00:18:17.888 INFO [main] org.apache.catalina.startup.VersionLoggerListener.log Command line argument: --add-opens=java.base/java.util=ALL-UNNAMED
22-Feb-2025 00:18:17.888 INFO [main] org.apache.catalina.startup.VersionLoggerListener.log Command line argument: --add-opens=java.base/java.util.concurrent=ALL-UNNAMED
22-Feb-2025 00:18:17.888 INFO [main] org.apache.catalina.startup.VersionLoggerListener.log Command line argument: --add-opens=java.rmi/sun.rmi.transport=ALL-UNNAMED
22-Feb-2025 00:18:17.888 INFO [main] org.apache.catalina.startup.VersionLoggerListener.log Command line argument: -Dcatalina.home=C:\Program Files\apache-tomcat-9.0.96-windows-x64\apache-tomcat-9.0.96
22-Feb-2025 00:18:17.888 INFO [main] org.apache.catalina.startup.VersionLoggerListener.log Command line argument: -Dcatalina.base=E:\Parlimate\Parlimate-Project
22-Feb-2025 00:18:17.888 INFO [main] org.apache.catalina.startup.VersionLoggerListener.log Command line argument: -Djava.io.tmpdir=E:\Parlimate\Parlimate-Project\temp
22-Feb-2025 00:18:17.888 INFO [main] org.apache.catalina.startup.VersionLoggerListener.log Command line argument: -Djava.util.logging.config.file=E:\Parlimate\Parlimate-Project\conf\logging.properties
22-Feb-2025 00:18:17.888 INFO [main] org.apache.catalina.startup.VersionLoggerListener.log Command line argument: -Djava.util.logging.manager=org.apache.juli.ClassLoaderLogManager
22-Feb-2025 00:18:17.888 INFO [main] org.apache.catalina.startup.VersionLoggerListener.log Command line argument: -javaagent:C:\Program Files\JetBrains\IntelliJ IDEA 2024.2.3\lib\idea_rt.jar=51933:C:\Program Files\JetBrains\IntelliJ IDEA 2024.2.3\bin
22-Feb-2025 00:18:17.888 INFO [main] org.apache.catalina.startup.VersionLoggerListener.log Command line argument: -Dfile.encoding=UTF-8
22-Feb-2025 00:18:17.888 INFO [main] org.apache.catalina.startup.VersionLoggerListener.log Command line argument: -Dsun.stdout.encoding=UTF-8
22-Feb-2025 00:18:17.888 INFO [main] org.apache.catalina.startup.VersionLoggerListener.log Command line argument: -Dsun.stderr.encoding=UTF-8
22-Feb-2025 00:18:17.893 INFO [main] org.apache.catalina.core.AprLifecycleListener.lifecycleEvent Loaded Apache Tomcat Native library [1.3.1] using APR version [1.7.4].
22-Feb-2025 00:18:17.893 INFO [main] org.apache.catalina.core.AprLifecycleListener.lifecycleEvent APR capabilities: IPv6 [true], sendfile [true], accept filters [false], random [true], UDS [true].
22-Feb-2025 00:18:17.893 INFO [main] org.apache.catalina.core.AprLifecycleListener.lifecycleEvent APR/OpenSSL configuration: useAprConnector [false], useOpenSSL [true]
22-Feb-2025 00:18:17.902 INFO [main] org.apache.catalina.core.AprLifecycleListener.initializeSSL OpenSSL successfully initialized [OpenSSL 3.0.14 4 Jun 2024]
22-Feb-2025 00:18:18.360 INFO [main] org.apache.coyote.AbstractProtocol.init Initializing ProtocolHandler ["http-nio-8080"]
22-Feb-2025 00:18:18.385 INFO [main] org.apache.catalina.startup.Catalina.load Server initialization in [739] milliseconds
22-Feb-2025 00:18:18.434 INFO [main] org.apache.catalina.core.StandardService.startInternal Starting service [Catalina]
22-Feb-2025 00:18:18.434 INFO [main] org.apache.catalina.core.StandardEngine.startInternal Starting Servlet engine: [Apache Tomcat/9.0.96]
22-Feb-2025 00:18:18.445 INFO [main] org.apache.catalina.startup.HostConfig.deployDescriptor Deploying deployment descriptor [E:\Parlimate\Parlimate-Project\conf\Catalina\localhost\Parlimate.xml]
22-Feb-2025 00:18:19.481 INFO [main] org.apache.jasper.servlet.TldScanner.scanJars At least one JAR was scanned for TLDs yet contained no TLDs. Enable debug logging for this logger for a complete list of JARs that were scanned but no TLDs were found in them. Skipping unneeded JARs during scanning can improve startup time and JSP compilation time.
22-Feb-2025 00:18:19.604 INFO [main] org.apache.catalina.startup.HostConfig.deployDescriptor Deployment of deployment descriptor [E:\Parlimate\Parlimate-Project\conf\Catalina\localhost\Parlimate.xml] has finished in [1,158] ms
22-Feb-2025 00:18:19.609 INFO [main] org.apache.coyote.AbstractProtocol.start Starting ProtocolHandler ["http-nio-8080"]
22-Feb-2025 00:18:19.640 INFO [main] org.apache.catalina.startup.Catalina.start Server startup in [1252] milliseconds
22-Feb-2025 00:25:33.550 INFO [Thread-1] org.apache.coyote.AbstractProtocol.pause Pausing ProtocolHandler ["http-nio-8080"]
22-Feb-2025 00:25:33.561 INFO [Thread-1] org.apache.catalina.core.StandardService.stopInternal Stopping service [Catalina]
22-Feb-2025 00:25:33.602 WARNING [Thread-1] org.apache.catalina.loader.WebappClassLoaderBase.clearReferencesJdbc The web application [Parlimate] registered the JDBC driver [org.postgresql.Driver] but failed to unregister it when the web application was stopped. To prevent a memory leak, the JDBC Driver has been forcibly unregistered.
22-Feb-2025 00:25:33.621 INFO [Thread-1] org.apache.coyote.AbstractProtocol.stop Stopping ProtocolHandler ["http-nio-8080"]
22-Feb-2025 00:25:33.651 INFO [Thread-1] org.apache.coyote.AbstractProtocol.destroy Destroying ProtocolHandler ["http-nio-8080"]
22-Feb-2025 00:25:43.947 INFO [main] org.apache.catalina.startup.VersionLoggerListener.log Server version name:   Apache Tomcat/9.0.96
22-Feb-2025 00:25:43.951 INFO [main] org.apache.catalina.startup.VersionLoggerListener.log Server built:          Oct 3 2024 19:44:30 UTC
22-Feb-2025 00:25:43.951 INFO [main] org.apache.catalina.startup.VersionLoggerListener.log Server version number: 9.0.96.0
22-Feb-2025 00:25:43.951 INFO [main] org.apache.catalina.startup.VersionLoggerListener.log OS Name:               Windows 10
22-Feb-2025 00:25:43.951 INFO [main] org.apache.catalina.startup.VersionLoggerListener.log OS Version:            10.0
22-Feb-2025 00:25:43.951 INFO [main] org.apache.catalina.startup.VersionLoggerListener.log Architecture:          amd64
22-Feb-2025 00:25:43.952 INFO [main] org.apache.catalina.startup.VersionLoggerListener.log Java Home:             C:\Users\Himasha\.jdks\openjdk-22.0.2
22-Feb-2025 00:25:43.952 INFO [main] org.apache.catalina.startup.VersionLoggerListener.log JVM Version:           22.0.2+9-70
22-Feb-2025 00:25:43.952 INFO [main] org.apache.catalina.startup.VersionLoggerListener.log JVM Vendor:            Oracle Corporation
22-Feb-2025 00:25:43.952 INFO [main] org.apache.catalina.startup.VersionLoggerListener.log CATALINA_BASE:         E:\Parlimate\Parlimate-Project
22-Feb-2025 00:25:43.952 INFO [main] org.apache.catalina.startup.VersionLoggerListener.log CATALINA_HOME:         C:\Program Files\apache-tomcat-9.0.96-windows-x64\apache-tomcat-9.0.96
22-Feb-2025 00:25:43.959 INFO [main] org.apache.catalina.startup.VersionLoggerListener.log Command line argument: --add-opens=java.base/java.lang=ALL-UNNAMED
22-Feb-2025 00:25:43.959 INFO [main] org.apache.catalina.startup.VersionLoggerListener.log Command line argument: --add-opens=java.base/java.io=ALL-UNNAMED
22-Feb-2025 00:25:43.960 INFO [main] org.apache.catalina.startup.VersionLoggerListener.log Command line argument: --add-opens=java.base/java.util=ALL-UNNAMED
22-Feb-2025 00:25:43.960 INFO [main] org.apache.catalina.startup.VersionLoggerListener.log Command line argument: --add-opens=java.base/java.util.concurrent=ALL-UNNAMED
22-Feb-2025 00:25:43.960 INFO [main] org.apache.catalina.startup.VersionLoggerListener.log Command line argument: --add-opens=java.rmi/sun.rmi.transport=ALL-UNNAMED
22-Feb-2025 00:25:43.960 INFO [main] org.apache.catalina.startup.VersionLoggerListener.log Command line argument: -Dcatalina.home=C:\Program Files\apache-tomcat-9.0.96-windows-x64\apache-tomcat-9.0.96
22-Feb-2025 00:25:43.960 INFO [main] org.apache.catalina.startup.VersionLoggerListener.log Command line argument: -Dcatalina.base=E:\Parlimate\Parlimate-Project
22-Feb-2025 00:25:43.960 INFO [main] org.apache.catalina.startup.VersionLoggerListener.log Command line argument: -Djava.io.tmpdir=E:\Parlimate\Parlimate-Project\temp
22-Feb-2025 00:25:43.960 INFO [main] org.apache.catalina.startup.VersionLoggerListener.log Command line argument: -Djava.util.logging.config.file=E:\Parlimate\Parlimate-Project\conf\logging.properties
22-Feb-2025 00:25:43.960 INFO [main] org.apache.catalina.startup.VersionLoggerListener.log Command line argument: -Djava.util.logging.manager=org.apache.juli.ClassLoaderLogManager
22-Feb-2025 00:25:43.960 INFO [main] org.apache.catalina.startup.VersionLoggerListener.log Command line argument: -javaagent:C:\Program Files\JetBrains\IntelliJ IDEA 2024.2.3\lib\idea_rt.jar=52118:C:\Program Files\JetBrains\IntelliJ IDEA 2024.2.3\bin
22-Feb-2025 00:25:43.960 INFO [main] org.apache.catalina.startup.VersionLoggerListener.log Command line argument: -Dfile.encoding=UTF-8
22-Feb-2025 00:25:43.960 INFO [main] org.apache.catalina.startup.VersionLoggerListener.log Command line argument: -Dsun.stdout.encoding=UTF-8
22-Feb-2025 00:25:43.960 INFO [main] org.apache.catalina.startup.VersionLoggerListener.log Command line argument: -Dsun.stderr.encoding=UTF-8
22-Feb-2025 00:25:43.965 INFO [main] org.apache.catalina.core.AprLifecycleListener.lifecycleEvent Loaded Apache Tomcat Native library [1.3.1] using APR version [1.7.4].
22-Feb-2025 00:25:43.965 INFO [main] org.apache.catalina.core.AprLifecycleListener.lifecycleEvent APR capabilities: IPv6 [true], sendfile [true], accept filters [false], random [true], UDS [true].
22-Feb-2025 00:25:43.965 INFO [main] org.apache.catalina.core.AprLifecycleListener.lifecycleEvent APR/OpenSSL configuration: useAprConnector [false], useOpenSSL [true]
22-Feb-2025 00:25:43.987 INFO [main] org.apache.catalina.core.AprLifecycleListener.initializeSSL OpenSSL successfully initialized [OpenSSL 3.0.14 4 Jun 2024]
22-Feb-2025 00:25:44.450 INFO [main] org.apache.coyote.AbstractProtocol.init Initializing ProtocolHandler ["http-nio-8080"]
22-Feb-2025 00:25:44.477 INFO [main] org.apache.catalina.startup.Catalina.load Server initialization in [773] milliseconds
22-Feb-2025 00:25:44.532 INFO [main] org.apache.catalina.core.StandardService.startInternal Starting service [Catalina]
22-Feb-2025 00:25:44.532 INFO [main] org.apache.catalina.core.StandardEngine.startInternal Starting Servlet engine: [Apache Tomcat/9.0.96]
22-Feb-2025 00:25:44.542 INFO [main] org.apache.catalina.startup.HostConfig.deployDescriptor Deploying deployment descriptor [E:\Parlimate\Parlimate-Project\conf\Catalina\localhost\Parlimate.xml]
22-Feb-2025 00:25:46.464 INFO [main] org.apache.jasper.servlet.TldScanner.scanJars At least one JAR was scanned for TLDs yet contained no TLDs. Enable debug logging for this logger for a complete list of JARs that were scanned but no TLDs were found in them. Skipping unneeded JARs during scanning can improve startup time and JSP compilation time.
22-Feb-2025 00:25:46.535 INFO [main] org.apache.catalina.startup.HostConfig.deployDescriptor Deployment of deployment descriptor [E:\Parlimate\Parlimate-Project\conf\Catalina\localhost\Parlimate.xml] has finished in [1,992] ms
22-Feb-2025 00:25:46.538 INFO [main] org.apache.coyote.AbstractProtocol.start Starting ProtocolHandler ["http-nio-8080"]
22-Feb-2025 00:25:46.558 INFO [main] org.apache.catalina.startup.Catalina.start Server startup in [2079] milliseconds
