10-Mar-2025 23:15:13.244 INFO [main] org.apache.catalina.startup.VersionLoggerListener.log Server version name:   Apache Tomcat/9.0.96
10-Mar-2025 23:15:13.247 INFO [main] org.apache.catalina.startup.VersionLoggerListener.log Server built:          Oct 3 2024 19:44:30 UTC
10-Mar-2025 23:15:13.247 INFO [main] org.apache.catalina.startup.VersionLoggerListener.log Server version number: 9.0.96.0
10-Mar-2025 23:15:13.247 INFO [main] org.apache.catalina.startup.VersionLoggerListener.log OS Name:               Windows 10
10-Mar-2025 23:15:13.248 INFO [main] org.apache.catalina.startup.VersionLoggerListener.log OS Version:            10.0
10-Mar-2025 23:15:13.248 INFO [main] org.apache.catalina.startup.VersionLoggerListener.log Architecture:          amd64
10-Mar-2025 23:15:13.248 INFO [main] org.apache.catalina.startup.VersionLoggerListener.log Java Home:             C:\Users\Himasha\.jdks\openjdk-22.0.2
10-Mar-2025 23:15:13.248 INFO [main] org.apache.catalina.startup.VersionLoggerListener.log JVM Version:           22.0.2+9-70
10-Mar-2025 23:15:13.248 INFO [main] org.apache.catalina.startup.VersionLoggerListener.log JVM Vendor:            Oracle Corporation
10-Mar-2025 23:15:13.248 INFO [main] org.apache.catalina.startup.VersionLoggerListener.log CATALINA_BASE:         E:\Parlimate\Parlimate-Project
10-Mar-2025 23:15:13.248 INFO [main] org.apache.catalina.startup.VersionLoggerListener.log CATALINA_HOME:         C:\Program Files\apache-tomcat-9.0.96-windows-x64\apache-tomcat-9.0.96
10-Mar-2025 23:15:13.254 INFO [main] org.apache.catalina.startup.VersionLoggerListener.log Command line argument: --add-opens=java.base/java.lang=ALL-UNNAMED
10-Mar-2025 23:15:13.254 INFO [main] org.apache.catalina.startup.VersionLoggerListener.log Command line argument: --add-opens=java.base/java.io=ALL-UNNAMED
10-Mar-2025 23:15:13.254 INFO [main] org.apache.catalina.startup.VersionLoggerListener.log Command line argument: --add-opens=java.base/java.util=ALL-UNNAMED
10-Mar-2025 23:15:13.254 INFO [main] org.apache.catalina.startup.VersionLoggerListener.log Command line argument: --add-opens=java.base/java.util.concurrent=ALL-UNNAMED
10-Mar-2025 23:15:13.254 INFO [main] org.apache.catalina.startup.VersionLoggerListener.log Command line argument: --add-opens=java.rmi/sun.rmi.transport=ALL-UNNAMED
10-Mar-2025 23:15:13.254 INFO [main] org.apache.catalina.startup.VersionLoggerListener.log Command line argument: -Dcatalina.home=C:\Program Files\apache-tomcat-9.0.96-windows-x64\apache-tomcat-9.0.96
10-Mar-2025 23:15:13.254 INFO [main] org.apache.catalina.startup.VersionLoggerListener.log Command line argument: -Dcatalina.base=E:\Parlimate\Parlimate-Project
10-Mar-2025 23:15:13.254 INFO [main] org.apache.catalina.startup.VersionLoggerListener.log Command line argument: -Djava.io.tmpdir=E:\Parlimate\Parlimate-Project\temp
10-Mar-2025 23:15:13.254 INFO [main] org.apache.catalina.startup.VersionLoggerListener.log Command line argument: -Djava.util.logging.config.file=E:\Parlimate\Parlimate-Project\conf\logging.properties
10-Mar-2025 23:15:13.254 INFO [main] org.apache.catalina.startup.VersionLoggerListener.log Command line argument: -Djava.util.logging.manager=org.apache.juli.ClassLoaderLogManager
10-Mar-2025 23:15:13.254 INFO [main] org.apache.catalina.startup.VersionLoggerListener.log Command line argument: -javaagent:C:\Program Files\JetBrains\IntelliJ IDEA 2024.2.3\lib\idea_rt.jar=59570:C:\Program Files\JetBrains\IntelliJ IDEA 2024.2.3\bin
10-Mar-2025 23:15:13.255 INFO [main] org.apache.catalina.startup.VersionLoggerListener.log Command line argument: -Dfile.encoding=UTF-8
10-Mar-2025 23:15:13.255 INFO [main] org.apache.catalina.startup.VersionLoggerListener.log Command line argument: -Dsun.stdout.encoding=UTF-8
10-Mar-2025 23:15:13.255 INFO [main] org.apache.catalina.startup.VersionLoggerListener.log Command line argument: -Dsun.stderr.encoding=UTF-8
10-Mar-2025 23:15:14.423 INFO [main] org.apache.catalina.core.AprLifecycleListener.lifecycleEvent Loaded Apache Tomcat Native library [1.3.1] using APR version [1.7.4].
10-Mar-2025 23:15:14.423 INFO [main] org.apache.catalina.core.AprLifecycleListener.lifecycleEvent APR capabilities: IPv6 [true], sendfile [true], accept filters [false], random [true], UDS [true].
10-Mar-2025 23:15:14.424 INFO [main] org.apache.catalina.core.AprLifecycleListener.lifecycleEvent APR/OpenSSL configuration: useAprConnector [false], useOpenSSL [true]
10-Mar-2025 23:15:14.502 INFO [main] org.apache.catalina.core.AprLifecycleListener.initializeSSL OpenSSL successfully initialized [OpenSSL 3.0.14 4 Jun 2024]
10-Mar-2025 23:15:14.880 INFO [main] org.apache.coyote.AbstractProtocol.init Initializing ProtocolHandler ["http-nio-8080"]
10-Mar-2025 23:15:14.895 INFO [main] org.apache.catalina.startup.Catalina.load Server initialization in [1916] milliseconds
10-Mar-2025 23:15:14.930 INFO [main] org.apache.catalina.core.StandardService.startInternal Starting service [Catalina]
10-Mar-2025 23:15:14.931 INFO [main] org.apache.catalina.core.StandardEngine.startInternal Starting Servlet engine: [Apache Tomcat/9.0.96]
10-Mar-2025 23:15:14.957 INFO [main] org.apache.catalina.startup.HostConfig.deployDescriptor Deploying deployment descriptor [E:\Parlimate\Parlimate-Project\conf\Catalina\localhost\Parlimate.xml]
10-Mar-2025 23:15:19.170 INFO [main] org.apache.jasper.servlet.TldScanner.scanJars At least one JAR was scanned for TLDs yet contained no TLDs. Enable debug logging for this logger for a complete list of JARs that were scanned but no TLDs were found in them. Skipping unneeded JARs during scanning can improve startup time and JSP compilation time.
10-Mar-2025 23:15:19.229 INFO [main] org.apache.catalina.startup.HostConfig.deployDescriptor Deployment of deployment descriptor [E:\Parlimate\Parlimate-Project\conf\Catalina\localhost\Parlimate.xml] has finished in [4,272] ms
10-Mar-2025 23:15:19.233 INFO [main] org.apache.coyote.AbstractProtocol.start Starting ProtocolHandler ["http-nio-8080"]
10-Mar-2025 23:15:19.249 INFO [main] org.apache.catalina.startup.Catalina.start Server startup in [4353] milliseconds
10-Mar-2025 23:16:29.318 INFO [Catalina-utility-1] org.apache.catalina.startup.HostConfig.reload Reloading context [/Parlimate]
10-Mar-2025 23:16:29.318 INFO [Catalina-utility-1] org.apache.catalina.core.StandardContext.reload Reloading Context with name [/Parlimate] has started
10-Mar-2025 23:16:29.344 WARNING [Catalina-utility-1] org.apache.catalina.loader.WebappClassLoaderBase.clearReferencesJdbc The web application [Parlimate] registered the JDBC driver [org.postgresql.Driver] but failed to unregister it when the web application was stopped. To prevent a memory leak, the JDBC Driver has been forcibly unregistered.
10-Mar-2025 23:16:30.589 INFO [Catalina-utility-1] org.apache.jasper.servlet.TldScanner.scanJars At least one JAR was scanned for TLDs yet contained no TLDs. Enable debug logging for this logger for a complete list of JARs that were scanned but no TLDs were found in them. Skipping unneeded JARs during scanning can improve startup time and JSP compilation time.
10-Mar-2025 23:16:30.697 INFO [Catalina-utility-1] org.apache.catalina.core.StandardContext.reload Reloading Context with name [/Parlimate] is completed
10-Mar-2025 23:40:31.968 INFO [Thread-1] org.apache.coyote.AbstractProtocol.pause Pausing ProtocolHandler ["http-nio-8080"]
10-Mar-2025 23:40:32.037 INFO [Thread-1] org.apache.catalina.core.StandardService.stopInternal Stopping service [Catalina]
10-Mar-2025 23:40:32.056 WARNING [Thread-1] org.apache.catalina.loader.WebappClassLoaderBase.clearReferencesJdbc The web application [Parlimate] registered the JDBC driver [org.postgresql.Driver] but failed to unregister it when the web application was stopped. To prevent a memory leak, the JDBC Driver has been forcibly unregistered.
10-Mar-2025 23:40:32.072 INFO [Thread-1] org.apache.coyote.AbstractProtocol.stop Stopping ProtocolHandler ["http-nio-8080"]
10-Mar-2025 23:40:32.257 INFO [Thread-1] org.apache.coyote.AbstractProtocol.destroy Destroying ProtocolHandler ["http-nio-8080"]
10-Mar-2025 23:40:47.976 INFO [main] org.apache.catalina.startup.VersionLoggerListener.log Server version name:   Apache Tomcat/9.0.96
10-Mar-2025 23:40:47.980 INFO [main] org.apache.catalina.startup.VersionLoggerListener.log Server built:          Oct 3 2024 19:44:30 UTC
10-Mar-2025 23:40:47.980 INFO [main] org.apache.catalina.startup.VersionLoggerListener.log Server version number: 9.0.96.0
10-Mar-2025 23:40:47.981 INFO [main] org.apache.catalina.startup.VersionLoggerListener.log OS Name:               Windows 10
10-Mar-2025 23:40:47.981 INFO [main] org.apache.catalina.startup.VersionLoggerListener.log OS Version:            10.0
10-Mar-2025 23:40:47.981 INFO [main] org.apache.catalina.startup.VersionLoggerListener.log Architecture:          amd64
10-Mar-2025 23:40:47.981 INFO [main] org.apache.catalina.startup.VersionLoggerListener.log Java Home:             C:\Users\Himasha\.jdks\openjdk-22.0.2
10-Mar-2025 23:40:47.981 INFO [main] org.apache.catalina.startup.VersionLoggerListener.log JVM Version:           22.0.2+9-70
10-Mar-2025 23:40:47.981 INFO [main] org.apache.catalina.startup.VersionLoggerListener.log JVM Vendor:            Oracle Corporation
10-Mar-2025 23:40:47.981 INFO [main] org.apache.catalina.startup.VersionLoggerListener.log CATALINA_BASE:         E:\Parlimate\Parlimate-Project
10-Mar-2025 23:40:47.982 INFO [main] org.apache.catalina.startup.VersionLoggerListener.log CATALINA_HOME:         C:\Program Files\apache-tomcat-9.0.96-windows-x64\apache-tomcat-9.0.96
10-Mar-2025 23:40:47.992 INFO [main] org.apache.catalina.startup.VersionLoggerListener.log Command line argument: --add-opens=java.base/java.lang=ALL-UNNAMED
10-Mar-2025 23:40:47.993 INFO [main] org.apache.catalina.startup.VersionLoggerListener.log Command line argument: --add-opens=java.base/java.io=ALL-UNNAMED
10-Mar-2025 23:40:47.993 INFO [main] org.apache.catalina.startup.VersionLoggerListener.log Command line argument: --add-opens=java.base/java.util=ALL-UNNAMED
10-Mar-2025 23:40:47.993 INFO [main] org.apache.catalina.startup.VersionLoggerListener.log Command line argument: --add-opens=java.base/java.util.concurrent=ALL-UNNAMED
10-Mar-2025 23:40:47.993 INFO [main] org.apache.catalina.startup.VersionLoggerListener.log Command line argument: --add-opens=java.rmi/sun.rmi.transport=ALL-UNNAMED
10-Mar-2025 23:40:47.994 INFO [main] org.apache.catalina.startup.VersionLoggerListener.log Command line argument: -Dcatalina.home=C:\Program Files\apache-tomcat-9.0.96-windows-x64\apache-tomcat-9.0.96
10-Mar-2025 23:40:47.994 INFO [main] org.apache.catalina.startup.VersionLoggerListener.log Command line argument: -Dcatalina.base=E:\Parlimate\Parlimate-Project
10-Mar-2025 23:40:47.994 INFO [main] org.apache.catalina.startup.VersionLoggerListener.log Command line argument: -Djava.io.tmpdir=E:\Parlimate\Parlimate-Project\temp
10-Mar-2025 23:40:47.994 INFO [main] org.apache.catalina.startup.VersionLoggerListener.log Command line argument: -Djava.util.logging.config.file=E:\Parlimate\Parlimate-Project\conf\logging.properties
10-Mar-2025 23:40:47.994 INFO [main] org.apache.catalina.startup.VersionLoggerListener.log Command line argument: -Djava.util.logging.manager=org.apache.juli.ClassLoaderLogManager
10-Mar-2025 23:40:47.994 INFO [main] org.apache.catalina.startup.VersionLoggerListener.log Command line argument: -javaagent:C:\Program Files\JetBrains\IntelliJ IDEA 2024.2.3\lib\idea_rt.jar=57210:C:\Program Files\JetBrains\IntelliJ IDEA 2024.2.3\bin
10-Mar-2025 23:40:47.994 INFO [main] org.apache.catalina.startup.VersionLoggerListener.log Command line argument: -Dfile.encoding=UTF-8
10-Mar-2025 23:40:47.994 INFO [main] org.apache.catalina.startup.VersionLoggerListener.log Command line argument: -Dsun.stdout.encoding=UTF-8
10-Mar-2025 23:40:47.995 INFO [main] org.apache.catalina.startup.VersionLoggerListener.log Command line argument: -Dsun.stderr.encoding=UTF-8
10-Mar-2025 23:40:48.000 INFO [main] org.apache.catalina.core.AprLifecycleListener.lifecycleEvent Loaded Apache Tomcat Native library [1.3.1] using APR version [1.7.4].
10-Mar-2025 23:40:48.000 INFO [main] org.apache.catalina.core.AprLifecycleListener.lifecycleEvent APR capabilities: IPv6 [true], sendfile [true], accept filters [false], random [true], UDS [true].
10-Mar-2025 23:40:48.000 INFO [main] org.apache.catalina.core.AprLifecycleListener.lifecycleEvent APR/OpenSSL configuration: useAprConnector [false], useOpenSSL [true]
10-Mar-2025 23:40:48.012 INFO [main] org.apache.catalina.core.AprLifecycleListener.initializeSSL OpenSSL successfully initialized [OpenSSL 3.0.14 4 Jun 2024]
10-Mar-2025 23:40:48.431 INFO [main] org.apache.coyote.AbstractProtocol.init Initializing ProtocolHandler ["http-nio-8080"]
10-Mar-2025 23:40:48.457 INFO [main] org.apache.catalina.startup.Catalina.load Server initialization in [703] milliseconds
10-Mar-2025 23:40:48.513 INFO [main] org.apache.catalina.core.StandardService.startInternal Starting service [Catalina]
10-Mar-2025 23:40:48.513 INFO [main] org.apache.catalina.core.StandardEngine.startInternal Starting Servlet engine: [Apache Tomcat/9.0.96]
10-Mar-2025 23:40:48.521 INFO [main] org.apache.catalina.startup.HostConfig.deployDescriptor Deploying deployment descriptor [E:\Parlimate\Parlimate-Project\conf\Catalina\localhost\Parlimate.xml]
10-Mar-2025 23:40:50.357 INFO [main] org.apache.jasper.servlet.TldScanner.scanJars At least one JAR was scanned for TLDs yet contained no TLDs. Enable debug logging for this logger for a complete list of JARs that were scanned but no TLDs were found in them. Skipping unneeded JARs during scanning can improve startup time and JSP compilation time.
10-Mar-2025 23:40:50.439 INFO [main] org.apache.catalina.startup.HostConfig.deployDescriptor Deployment of deployment descriptor [E:\Parlimate\Parlimate-Project\conf\Catalina\localhost\Parlimate.xml] has finished in [1,915] ms
10-Mar-2025 23:40:50.444 INFO [main] org.apache.coyote.AbstractProtocol.start Starting ProtocolHandler ["http-nio-8080"]
10-Mar-2025 23:40:50.468 INFO [main] org.apache.catalina.startup.Catalina.start Server startup in [2008] milliseconds
