22-Apr-2025 04:40:37.764 INFO [main] org.apache.catalina.startup.VersionLoggerListener.log Server version name:   Apache Tomcat/9.0.96
22-Apr-2025 04:40:37.767 INFO [main] org.apache.catalina.startup.VersionLoggerListener.log Server built:          Oct 3 2024 19:44:30 UTC
22-Apr-2025 04:40:37.767 INFO [main] org.apache.catalina.startup.VersionLoggerListener.log Server version number: 9.0.96.0
22-Apr-2025 04:40:37.767 INFO [main] org.apache.catalina.startup.VersionLoggerListener.log OS Name:               Windows 10
22-Apr-2025 04:40:37.767 INFO [main] org.apache.catalina.startup.VersionLoggerListener.log OS Version:            10.0
22-Apr-2025 04:40:37.767 INFO [main] org.apache.catalina.startup.VersionLoggerListener.log Architecture:          amd64
22-Apr-2025 04:40:37.767 INFO [main] org.apache.catalina.startup.VersionLoggerListener.log Java Home:             C:\Users\Himasha\.jdks\openjdk-22.0.2
22-Apr-2025 04:40:37.767 INFO [main] org.apache.catalina.startup.VersionLoggerListener.log JVM Version:           22.0.2+9-70
22-Apr-2025 04:40:37.767 INFO [main] org.apache.catalina.startup.VersionLoggerListener.log JVM Vendor:            Oracle Corporation
22-Apr-2025 04:40:37.767 INFO [main] org.apache.catalina.startup.VersionLoggerListener.log CATALINA_BASE:         E:\Parlimate\Parlimate-Project
22-Apr-2025 04:40:37.768 INFO [main] org.apache.catalina.startup.VersionLoggerListener.log CATALINA_HOME:         C:\Program Files\apache-tomcat-9.0.96-windows-x64\apache-tomcat-9.0.96
22-Apr-2025 04:40:37.774 INFO [main] org.apache.catalina.startup.VersionLoggerListener.log Command line argument: --add-opens=java.base/java.lang=ALL-UNNAMED
22-Apr-2025 04:40:37.774 INFO [main] org.apache.catalina.startup.VersionLoggerListener.log Command line argument: --add-opens=java.base/java.io=ALL-UNNAMED
22-Apr-2025 04:40:37.774 INFO [main] org.apache.catalina.startup.VersionLoggerListener.log Command line argument: --add-opens=java.base/java.util=ALL-UNNAMED
22-Apr-2025 04:40:37.774 INFO [main] org.apache.catalina.startup.VersionLoggerListener.log Command line argument: --add-opens=java.base/java.util.concurrent=ALL-UNNAMED
22-Apr-2025 04:40:37.774 INFO [main] org.apache.catalina.startup.VersionLoggerListener.log Command line argument: --add-opens=java.rmi/sun.rmi.transport=ALL-UNNAMED
22-Apr-2025 04:40:37.774 INFO [main] org.apache.catalina.startup.VersionLoggerListener.log Command line argument: -Dcatalina.home=C:\Program Files\apache-tomcat-9.0.96-windows-x64\apache-tomcat-9.0.96
22-Apr-2025 04:40:37.774 INFO [main] org.apache.catalina.startup.VersionLoggerListener.log Command line argument: -Dcatalina.base=E:\Parlimate\Parlimate-Project
22-Apr-2025 04:40:37.774 INFO [main] org.apache.catalina.startup.VersionLoggerListener.log Command line argument: -Djava.io.tmpdir=E:\Parlimate\Parlimate-Project\temp
22-Apr-2025 04:40:37.774 INFO [main] org.apache.catalina.startup.VersionLoggerListener.log Command line argument: -Djava.util.logging.config.file=E:\Parlimate\Parlimate-Project\conf\logging.properties
22-Apr-2025 04:40:37.774 INFO [main] org.apache.catalina.startup.VersionLoggerListener.log Command line argument: -Djava.util.logging.manager=org.apache.juli.ClassLoaderLogManager
22-Apr-2025 04:40:37.774 INFO [main] org.apache.catalina.startup.VersionLoggerListener.log Command line argument: -javaagent:C:\Program Files\JetBrains\IntelliJ IDEA 2024.2.3\lib\idea_rt.jar=62274:C:\Program Files\JetBrains\IntelliJ IDEA 2024.2.3\bin
22-Apr-2025 04:40:37.774 INFO [main] org.apache.catalina.startup.VersionLoggerListener.log Command line argument: -Dfile.encoding=UTF-8
22-Apr-2025 04:40:37.774 INFO [main] org.apache.catalina.startup.VersionLoggerListener.log Command line argument: -Dsun.stdout.encoding=UTF-8
22-Apr-2025 04:40:37.775 INFO [main] org.apache.catalina.startup.VersionLoggerListener.log Command line argument: -Dsun.stderr.encoding=UTF-8
22-Apr-2025 04:40:37.780 INFO [main] org.apache.catalina.core.AprLifecycleListener.lifecycleEvent Loaded Apache Tomcat Native library [1.3.1] using APR version [1.7.4].
22-Apr-2025 04:40:37.780 INFO [main] org.apache.catalina.core.AprLifecycleListener.lifecycleEvent APR capabilities: IPv6 [true], sendfile [true], accept filters [false], random [true], UDS [true].
22-Apr-2025 04:40:37.780 INFO [main] org.apache.catalina.core.AprLifecycleListener.lifecycleEvent APR/OpenSSL configuration: useAprConnector [false], useOpenSSL [true]
22-Apr-2025 04:40:37.798 INFO [main] org.apache.catalina.core.AprLifecycleListener.initializeSSL OpenSSL successfully initialized [OpenSSL 3.0.14 4 Jun 2024]
22-Apr-2025 04:40:38.165 INFO [main] org.apache.coyote.AbstractProtocol.init Initializing ProtocolHandler ["http-nio-8080"]
22-Apr-2025 04:40:38.190 INFO [main] org.apache.catalina.startup.Catalina.load Server initialization in [622] milliseconds
22-Apr-2025 04:40:38.251 INFO [main] org.apache.catalina.core.StandardService.startInternal Starting service [Catalina]
22-Apr-2025 04:40:38.251 INFO [main] org.apache.catalina.core.StandardEngine.startInternal Starting Servlet engine: [Apache Tomcat/9.0.96]
22-Apr-2025 04:40:38.292 INFO [main] org.apache.catalina.startup.HostConfig.deployDescriptor Deploying deployment descriptor [E:\Parlimate\Parlimate-Project\conf\Catalina\localhost\Parlimate.xml]
22-Apr-2025 04:40:41.592 INFO [main] org.apache.jasper.servlet.TldScanner.scanJars At least one JAR was scanned for TLDs yet contained no TLDs. Enable debug logging for this logger for a complete list of JARs that were scanned but no TLDs were found in them. Skipping unneeded JARs during scanning can improve startup time and JSP compilation time.
22-Apr-2025 04:40:41.754 INFO [main] org.apache.catalina.startup.HostConfig.deployDescriptor Deployment of deployment descriptor [E:\Parlimate\Parlimate-Project\conf\Catalina\localhost\Parlimate.xml] has finished in [3,461] ms
22-Apr-2025 04:40:41.760 INFO [main] org.apache.coyote.AbstractProtocol.start Starting ProtocolHandler ["http-nio-8080"]
22-Apr-2025 04:40:41.787 INFO [main] org.apache.catalina.startup.Catalina.start Server startup in [3596] milliseconds
22-Apr-2025 05:09:45.868 INFO [Thread-1] org.apache.coyote.AbstractProtocol.pause Pausing ProtocolHandler ["http-nio-8080"]
22-Apr-2025 05:09:45.922 INFO [Thread-1] org.apache.catalina.core.StandardService.stopInternal Stopping service [Catalina]
22-Apr-2025 05:09:46.222 INFO [Thread-1] org.apache.coyote.AbstractProtocol.stop Stopping ProtocolHandler ["http-nio-8080"]
22-Apr-2025 05:09:46.288 INFO [Thread-1] org.apache.coyote.AbstractProtocol.destroy Destroying ProtocolHandler ["http-nio-8080"]
22-Apr-2025 05:10:06.320 INFO [main] org.apache.catalina.startup.VersionLoggerListener.log Server version name:   Apache Tomcat/9.0.96
22-Apr-2025 05:10:06.324 INFO [main] org.apache.catalina.startup.VersionLoggerListener.log Server built:          Oct 3 2024 19:44:30 UTC
22-Apr-2025 05:10:06.324 INFO [main] org.apache.catalina.startup.VersionLoggerListener.log Server version number: 9.0.96.0
22-Apr-2025 05:10:06.324 INFO [main] org.apache.catalina.startup.VersionLoggerListener.log OS Name:               Windows 10
22-Apr-2025 05:10:06.324 INFO [main] org.apache.catalina.startup.VersionLoggerListener.log OS Version:            10.0
22-Apr-2025 05:10:06.324 INFO [main] org.apache.catalina.startup.VersionLoggerListener.log Architecture:          amd64
22-Apr-2025 05:10:06.324 INFO [main] org.apache.catalina.startup.VersionLoggerListener.log Java Home:             C:\Users\Himasha\.jdks\openjdk-22.0.2
22-Apr-2025 05:10:06.324 INFO [main] org.apache.catalina.startup.VersionLoggerListener.log JVM Version:           22.0.2+9-70
22-Apr-2025 05:10:06.325 INFO [main] org.apache.catalina.startup.VersionLoggerListener.log JVM Vendor:            Oracle Corporation
22-Apr-2025 05:10:06.325 INFO [main] org.apache.catalina.startup.VersionLoggerListener.log CATALINA_BASE:         E:\Parlimate\Parlimate-Project
22-Apr-2025 05:10:06.325 INFO [main] org.apache.catalina.startup.VersionLoggerListener.log CATALINA_HOME:         C:\Program Files\apache-tomcat-9.0.96-windows-x64\apache-tomcat-9.0.96
22-Apr-2025 05:10:06.333 INFO [main] org.apache.catalina.startup.VersionLoggerListener.log Command line argument: --add-opens=java.base/java.lang=ALL-UNNAMED
22-Apr-2025 05:10:06.333 INFO [main] org.apache.catalina.startup.VersionLoggerListener.log Command line argument: --add-opens=java.base/java.io=ALL-UNNAMED
22-Apr-2025 05:10:06.333 INFO [main] org.apache.catalina.startup.VersionLoggerListener.log Command line argument: --add-opens=java.base/java.util=ALL-UNNAMED
22-Apr-2025 05:10:06.333 INFO [main] org.apache.catalina.startup.VersionLoggerListener.log Command line argument: --add-opens=java.base/java.util.concurrent=ALL-UNNAMED
22-Apr-2025 05:10:06.333 INFO [main] org.apache.catalina.startup.VersionLoggerListener.log Command line argument: --add-opens=java.rmi/sun.rmi.transport=ALL-UNNAMED
22-Apr-2025 05:10:06.333 INFO [main] org.apache.catalina.startup.VersionLoggerListener.log Command line argument: -Dcatalina.home=C:\Program Files\apache-tomcat-9.0.96-windows-x64\apache-tomcat-9.0.96
22-Apr-2025 05:10:06.333 INFO [main] org.apache.catalina.startup.VersionLoggerListener.log Command line argument: -Dcatalina.base=E:\Parlimate\Parlimate-Project
22-Apr-2025 05:10:06.333 INFO [main] org.apache.catalina.startup.VersionLoggerListener.log Command line argument: -Djava.io.tmpdir=E:\Parlimate\Parlimate-Project\temp
22-Apr-2025 05:10:06.333 INFO [main] org.apache.catalina.startup.VersionLoggerListener.log Command line argument: -Djava.util.logging.config.file=E:\Parlimate\Parlimate-Project\conf\logging.properties
22-Apr-2025 05:10:06.333 INFO [main] org.apache.catalina.startup.VersionLoggerListener.log Command line argument: -Djava.util.logging.manager=org.apache.juli.ClassLoaderLogManager
22-Apr-2025 05:10:06.334 INFO [main] org.apache.catalina.startup.VersionLoggerListener.log Command line argument: -javaagent:C:\Program Files\JetBrains\IntelliJ IDEA 2024.2.3\lib\idea_rt.jar=62617:C:\Program Files\JetBrains\IntelliJ IDEA 2024.2.3\bin
22-Apr-2025 05:10:06.334 INFO [main] org.apache.catalina.startup.VersionLoggerListener.log Command line argument: -Dfile.encoding=UTF-8
22-Apr-2025 05:10:06.334 INFO [main] org.apache.catalina.startup.VersionLoggerListener.log Command line argument: -Dsun.stdout.encoding=UTF-8
22-Apr-2025 05:10:06.334 INFO [main] org.apache.catalina.startup.VersionLoggerListener.log Command line argument: -Dsun.stderr.encoding=UTF-8
22-Apr-2025 05:10:06.919 INFO [main] org.apache.catalina.core.AprLifecycleListener.lifecycleEvent Loaded Apache Tomcat Native library [1.3.1] using APR version [1.7.4].
22-Apr-2025 05:10:06.919 INFO [main] org.apache.catalina.core.AprLifecycleListener.lifecycleEvent APR capabilities: IPv6 [true], sendfile [true], accept filters [false], random [true], UDS [true].
22-Apr-2025 05:10:06.919 INFO [main] org.apache.catalina.core.AprLifecycleListener.lifecycleEvent APR/OpenSSL configuration: useAprConnector [false], useOpenSSL [true]
22-Apr-2025 05:10:06.989 INFO [main] org.apache.catalina.core.AprLifecycleListener.initializeSSL OpenSSL successfully initialized [OpenSSL 3.0.14 4 Jun 2024]
22-Apr-2025 05:10:07.682 INFO [main] org.apache.coyote.AbstractProtocol.init Initializing ProtocolHandler ["http-nio-8080"]
22-Apr-2025 05:10:07.718 INFO [main] org.apache.catalina.startup.Catalina.load Server initialization in [1667] milliseconds
22-Apr-2025 05:10:07.803 INFO [main] org.apache.catalina.core.StandardService.startInternal Starting service [Catalina]
22-Apr-2025 05:10:07.803 INFO [main] org.apache.catalina.core.StandardEngine.startInternal Starting Servlet engine: [Apache Tomcat/9.0.96]
22-Apr-2025 05:10:07.823 INFO [main] org.apache.catalina.startup.HostConfig.deployDescriptor Deploying deployment descriptor [E:\Parlimate\Parlimate-Project\conf\Catalina\localhost\Parlimate.xml]
22-Apr-2025 05:10:16.124 INFO [main] org.apache.jasper.servlet.TldScanner.scanJars At least one JAR was scanned for TLDs yet contained no TLDs. Enable debug logging for this logger for a complete list of JARs that were scanned but no TLDs were found in them. Skipping unneeded JARs during scanning can improve startup time and JSP compilation time.
22-Apr-2025 05:10:16.250 INFO [main] org.apache.catalina.startup.HostConfig.deployDescriptor Deployment of deployment descriptor [E:\Parlimate\Parlimate-Project\conf\Catalina\localhost\Parlimate.xml] has finished in [8,426] ms
22-Apr-2025 05:10:16.260 INFO [main] org.apache.coyote.AbstractProtocol.start Starting ProtocolHandler ["http-nio-8080"]
22-Apr-2025 05:10:16.324 INFO [main] org.apache.catalina.startup.Catalina.start Server startup in [8604] milliseconds
22-Apr-2025 05:11:20.079 INFO [Thread-1] org.apache.coyote.AbstractProtocol.pause Pausing ProtocolHandler ["http-nio-8080"]
22-Apr-2025 05:11:20.088 INFO [Thread-1] org.apache.catalina.core.StandardService.stopInternal Stopping service [Catalina]
22-Apr-2025 05:11:20.123 INFO [Thread-1] org.apache.coyote.AbstractProtocol.stop Stopping ProtocolHandler ["http-nio-8080"]
22-Apr-2025 05:11:20.140 INFO [Thread-1] org.apache.coyote.AbstractProtocol.destroy Destroying ProtocolHandler ["http-nio-8080"]
22-Apr-2025 05:11:23.256 INFO [main] org.apache.catalina.startup.VersionLoggerListener.log Server version name:   Apache Tomcat/9.0.96
22-Apr-2025 05:11:23.259 INFO [main] org.apache.catalina.startup.VersionLoggerListener.log Server built:          Oct 3 2024 19:44:30 UTC
22-Apr-2025 05:11:23.259 INFO [main] org.apache.catalina.startup.VersionLoggerListener.log Server version number: 9.0.96.0
22-Apr-2025 05:11:23.259 INFO [main] org.apache.catalina.startup.VersionLoggerListener.log OS Name:               Windows 10
22-Apr-2025 05:11:23.260 INFO [main] org.apache.catalina.startup.VersionLoggerListener.log OS Version:            10.0
22-Apr-2025 05:11:23.260 INFO [main] org.apache.catalina.startup.VersionLoggerListener.log Architecture:          amd64
22-Apr-2025 05:11:23.260 INFO [main] org.apache.catalina.startup.VersionLoggerListener.log Java Home:             C:\Users\Himasha\.jdks\openjdk-22.0.2
22-Apr-2025 05:11:23.260 INFO [main] org.apache.catalina.startup.VersionLoggerListener.log JVM Version:           22.0.2+9-70
22-Apr-2025 05:11:23.260 INFO [main] org.apache.catalina.startup.VersionLoggerListener.log JVM Vendor:            Oracle Corporation
22-Apr-2025 05:11:23.260 INFO [main] org.apache.catalina.startup.VersionLoggerListener.log CATALINA_BASE:         E:\Parlimate\Parlimate-Project
22-Apr-2025 05:11:23.260 INFO [main] org.apache.catalina.startup.VersionLoggerListener.log CATALINA_HOME:         C:\Program Files\apache-tomcat-9.0.96-windows-x64\apache-tomcat-9.0.96
22-Apr-2025 05:11:23.268 INFO [main] org.apache.catalina.startup.VersionLoggerListener.log Command line argument: --add-opens=java.base/java.lang=ALL-UNNAMED
22-Apr-2025 05:11:23.268 INFO [main] org.apache.catalina.startup.VersionLoggerListener.log Command line argument: --add-opens=java.base/java.io=ALL-UNNAMED
22-Apr-2025 05:11:23.268 INFO [main] org.apache.catalina.startup.VersionLoggerListener.log Command line argument: --add-opens=java.base/java.util=ALL-UNNAMED
22-Apr-2025 05:11:23.268 INFO [main] org.apache.catalina.startup.VersionLoggerListener.log Command line argument: --add-opens=java.base/java.util.concurrent=ALL-UNNAMED
22-Apr-2025 05:11:23.268 INFO [main] org.apache.catalina.startup.VersionLoggerListener.log Command line argument: --add-opens=java.rmi/sun.rmi.transport=ALL-UNNAMED
22-Apr-2025 05:11:23.268 INFO [main] org.apache.catalina.startup.VersionLoggerListener.log Command line argument: -Dcatalina.home=C:\Program Files\apache-tomcat-9.0.96-windows-x64\apache-tomcat-9.0.96
22-Apr-2025 05:11:23.268 INFO [main] org.apache.catalina.startup.VersionLoggerListener.log Command line argument: -Dcatalina.base=E:\Parlimate\Parlimate-Project
22-Apr-2025 05:11:23.268 INFO [main] org.apache.catalina.startup.VersionLoggerListener.log Command line argument: -Djava.io.tmpdir=E:\Parlimate\Parlimate-Project\temp
22-Apr-2025 05:11:23.268 INFO [main] org.apache.catalina.startup.VersionLoggerListener.log Command line argument: -Djava.util.logging.config.file=E:\Parlimate\Parlimate-Project\conf\logging.properties
22-Apr-2025 05:11:23.268 INFO [main] org.apache.catalina.startup.VersionLoggerListener.log Command line argument: -Djava.util.logging.manager=org.apache.juli.ClassLoaderLogManager
22-Apr-2025 05:11:23.268 INFO [main] org.apache.catalina.startup.VersionLoggerListener.log Command line argument: -javaagent:C:\Program Files\JetBrains\IntelliJ IDEA 2024.2.3\lib\idea_rt.jar=62624:C:\Program Files\JetBrains\IntelliJ IDEA 2024.2.3\bin
22-Apr-2025 05:11:23.268 INFO [main] org.apache.catalina.startup.VersionLoggerListener.log Command line argument: -Dfile.encoding=UTF-8
22-Apr-2025 05:11:23.268 INFO [main] org.apache.catalina.startup.VersionLoggerListener.log Command line argument: -Dsun.stdout.encoding=UTF-8
22-Apr-2025 05:11:23.269 INFO [main] org.apache.catalina.startup.VersionLoggerListener.log Command line argument: -Dsun.stderr.encoding=UTF-8
22-Apr-2025 05:11:23.272 INFO [main] org.apache.catalina.core.AprLifecycleListener.lifecycleEvent Loaded Apache Tomcat Native library [1.3.1] using APR version [1.7.4].
22-Apr-2025 05:11:23.272 INFO [main] org.apache.catalina.core.AprLifecycleListener.lifecycleEvent APR capabilities: IPv6 [true], sendfile [true], accept filters [false], random [true], UDS [true].
22-Apr-2025 05:11:23.273 INFO [main] org.apache.catalina.core.AprLifecycleListener.lifecycleEvent APR/OpenSSL configuration: useAprConnector [false], useOpenSSL [true]
22-Apr-2025 05:11:23.280 INFO [main] org.apache.catalina.core.AprLifecycleListener.initializeSSL OpenSSL successfully initialized [OpenSSL 3.0.14 4 Jun 2024]
22-Apr-2025 05:11:23.682 INFO [main] org.apache.coyote.AbstractProtocol.init Initializing ProtocolHandler ["http-nio-8080"]
22-Apr-2025 05:11:23.708 INFO [main] org.apache.catalina.startup.Catalina.load Server initialization in [646] milliseconds
22-Apr-2025 05:11:23.765 INFO [main] org.apache.catalina.core.StandardService.startInternal Starting service [Catalina]
22-Apr-2025 05:11:23.765 INFO [main] org.apache.catalina.core.StandardEngine.startInternal Starting Servlet engine: [Apache Tomcat/9.0.96]
22-Apr-2025 05:11:23.772 INFO [main] org.apache.catalina.startup.HostConfig.deployDescriptor Deploying deployment descriptor [E:\Parlimate\Parlimate-Project\conf\Catalina\localhost\Parlimate.xml]
22-Apr-2025 05:11:24.755 INFO [main] org.apache.jasper.servlet.TldScanner.scanJars At least one JAR was scanned for TLDs yet contained no TLDs. Enable debug logging for this logger for a complete list of JARs that were scanned but no TLDs were found in them. Skipping unneeded JARs during scanning can improve startup time and JSP compilation time.
22-Apr-2025 05:11:24.825 INFO [main] org.apache.catalina.startup.HostConfig.deployDescriptor Deployment of deployment descriptor [E:\Parlimate\Parlimate-Project\conf\Catalina\localhost\Parlimate.xml] has finished in [1,052] ms
22-Apr-2025 05:11:24.829 INFO [main] org.apache.coyote.AbstractProtocol.start Starting ProtocolHandler ["http-nio-8080"]
22-Apr-2025 05:11:24.866 INFO [main] org.apache.catalina.startup.Catalina.start Server startup in [1157] milliseconds
22-Apr-2025 05:21:11.400 INFO [Thread-1] org.apache.coyote.AbstractProtocol.pause Pausing ProtocolHandler ["http-nio-8080"]
22-Apr-2025 05:21:11.411 INFO [Thread-1] org.apache.catalina.core.StandardService.stopInternal Stopping service [Catalina]
22-Apr-2025 05:21:11.451 INFO [Thread-1] org.apache.coyote.AbstractProtocol.stop Stopping ProtocolHandler ["http-nio-8080"]
22-Apr-2025 05:21:11.465 INFO [Thread-1] org.apache.coyote.AbstractProtocol.destroy Destroying ProtocolHandler ["http-nio-8080"]
22-Apr-2025 05:21:17.872 INFO [main] org.apache.catalina.startup.VersionLoggerListener.log Server version name:   Apache Tomcat/9.0.96
22-Apr-2025 05:21:17.875 INFO [main] org.apache.catalina.startup.VersionLoggerListener.log Server built:          Oct 3 2024 19:44:30 UTC
22-Apr-2025 05:21:17.876 INFO [main] org.apache.catalina.startup.VersionLoggerListener.log Server version number: 9.0.96.0
22-Apr-2025 05:21:17.876 INFO [main] org.apache.catalina.startup.VersionLoggerListener.log OS Name:               Windows 10
22-Apr-2025 05:21:17.876 INFO [main] org.apache.catalina.startup.VersionLoggerListener.log OS Version:            10.0
22-Apr-2025 05:21:17.876 INFO [main] org.apache.catalina.startup.VersionLoggerListener.log Architecture:          amd64
22-Apr-2025 05:21:17.876 INFO [main] org.apache.catalina.startup.VersionLoggerListener.log Java Home:             C:\Users\Himasha\.jdks\openjdk-22.0.2
22-Apr-2025 05:21:17.876 INFO [main] org.apache.catalina.startup.VersionLoggerListener.log JVM Version:           22.0.2+9-70
22-Apr-2025 05:21:17.876 INFO [main] org.apache.catalina.startup.VersionLoggerListener.log JVM Vendor:            Oracle Corporation
22-Apr-2025 05:21:17.876 INFO [main] org.apache.catalina.startup.VersionLoggerListener.log CATALINA_BASE:         E:\Parlimate\Parlimate-Project
22-Apr-2025 05:21:17.876 INFO [main] org.apache.catalina.startup.VersionLoggerListener.log CATALINA_HOME:         C:\Program Files\apache-tomcat-9.0.96-windows-x64\apache-tomcat-9.0.96
22-Apr-2025 05:21:17.884 INFO [main] org.apache.catalina.startup.VersionLoggerListener.log Command line argument: --add-opens=java.base/java.lang=ALL-UNNAMED
22-Apr-2025 05:21:17.884 INFO [main] org.apache.catalina.startup.VersionLoggerListener.log Command line argument: --add-opens=java.base/java.io=ALL-UNNAMED
22-Apr-2025 05:21:17.884 INFO [main] org.apache.catalina.startup.VersionLoggerListener.log Command line argument: --add-opens=java.base/java.util=ALL-UNNAMED
22-Apr-2025 05:21:17.884 INFO [main] org.apache.catalina.startup.VersionLoggerListener.log Command line argument: --add-opens=java.base/java.util.concurrent=ALL-UNNAMED
22-Apr-2025 05:21:17.884 INFO [main] org.apache.catalina.startup.VersionLoggerListener.log Command line argument: --add-opens=java.rmi/sun.rmi.transport=ALL-UNNAMED
22-Apr-2025 05:21:17.884 INFO [main] org.apache.catalina.startup.VersionLoggerListener.log Command line argument: -Dcatalina.home=C:\Program Files\apache-tomcat-9.0.96-windows-x64\apache-tomcat-9.0.96
22-Apr-2025 05:21:17.884 INFO [main] org.apache.catalina.startup.VersionLoggerListener.log Command line argument: -Dcatalina.base=E:\Parlimate\Parlimate-Project
22-Apr-2025 05:21:17.884 INFO [main] org.apache.catalina.startup.VersionLoggerListener.log Command line argument: -Djava.io.tmpdir=E:\Parlimate\Parlimate-Project\temp
22-Apr-2025 05:21:17.885 INFO [main] org.apache.catalina.startup.VersionLoggerListener.log Command line argument: -Djava.util.logging.config.file=E:\Parlimate\Parlimate-Project\conf\logging.properties
22-Apr-2025 05:21:17.885 INFO [main] org.apache.catalina.startup.VersionLoggerListener.log Command line argument: -Djava.util.logging.manager=org.apache.juli.ClassLoaderLogManager
22-Apr-2025 05:21:17.885 INFO [main] org.apache.catalina.startup.VersionLoggerListener.log Command line argument: -javaagent:C:\Program Files\JetBrains\IntelliJ IDEA 2024.2.3\lib\idea_rt.jar=62804:C:\Program Files\JetBrains\IntelliJ IDEA 2024.2.3\bin
22-Apr-2025 05:21:17.885 INFO [main] org.apache.catalina.startup.VersionLoggerListener.log Command line argument: -Dfile.encoding=UTF-8
22-Apr-2025 05:21:17.885 INFO [main] org.apache.catalina.startup.VersionLoggerListener.log Command line argument: -Dsun.stdout.encoding=UTF-8
22-Apr-2025 05:21:17.885 INFO [main] org.apache.catalina.startup.VersionLoggerListener.log Command line argument: -Dsun.stderr.encoding=UTF-8
22-Apr-2025 05:21:17.888 INFO [main] org.apache.catalina.core.AprLifecycleListener.lifecycleEvent Loaded Apache Tomcat Native library [1.3.1] using APR version [1.7.4].
22-Apr-2025 05:21:17.888 INFO [main] org.apache.catalina.core.AprLifecycleListener.lifecycleEvent APR capabilities: IPv6 [true], sendfile [true], accept filters [false], random [true], UDS [true].
22-Apr-2025 05:21:17.888 INFO [main] org.apache.catalina.core.AprLifecycleListener.lifecycleEvent APR/OpenSSL configuration: useAprConnector [false], useOpenSSL [true]
22-Apr-2025 05:21:17.895 INFO [main] org.apache.catalina.core.AprLifecycleListener.initializeSSL OpenSSL successfully initialized [OpenSSL 3.0.14 4 Jun 2024]
22-Apr-2025 05:21:18.295 INFO [main] org.apache.coyote.AbstractProtocol.init Initializing ProtocolHandler ["http-nio-8080"]
22-Apr-2025 05:21:18.316 INFO [main] org.apache.catalina.startup.Catalina.load Server initialization in [624] milliseconds
22-Apr-2025 05:21:18.357 INFO [main] org.apache.catalina.core.StandardService.startInternal Starting service [Catalina]
22-Apr-2025 05:21:18.357 INFO [main] org.apache.catalina.core.StandardEngine.startInternal Starting Servlet engine: [Apache Tomcat/9.0.96]
22-Apr-2025 05:21:18.365 INFO [main] org.apache.catalina.startup.HostConfig.deployDescriptor Deploying deployment descriptor [E:\Parlimate\Parlimate-Project\conf\Catalina\localhost\Parlimate.xml]
22-Apr-2025 05:21:19.636 INFO [main] org.apache.jasper.servlet.TldScanner.scanJars At least one JAR was scanned for TLDs yet contained no TLDs. Enable debug logging for this logger for a complete list of JARs that were scanned but no TLDs were found in them. Skipping unneeded JARs during scanning can improve startup time and JSP compilation time.
22-Apr-2025 05:21:19.707 INFO [main] org.apache.catalina.startup.HostConfig.deployDescriptor Deployment of deployment descriptor [E:\Parlimate\Parlimate-Project\conf\Catalina\localhost\Parlimate.xml] has finished in [1,342] ms
22-Apr-2025 05:21:19.711 INFO [main] org.apache.coyote.AbstractProtocol.start Starting ProtocolHandler ["http-nio-8080"]
22-Apr-2025 05:21:19.746 INFO [main] org.apache.catalina.startup.Catalina.start Server startup in [1428] milliseconds
22-Apr-2025 05:24:30.916 INFO [Thread-1] org.apache.coyote.AbstractProtocol.pause Pausing ProtocolHandler ["http-nio-8080"]
22-Apr-2025 05:24:30.923 INFO [Thread-1] org.apache.catalina.core.StandardService.stopInternal Stopping service [Catalina]
22-Apr-2025 05:24:30.950 INFO [Thread-1] org.apache.coyote.AbstractProtocol.stop Stopping ProtocolHandler ["http-nio-8080"]
22-Apr-2025 05:24:30.971 INFO [Thread-1] org.apache.coyote.AbstractProtocol.destroy Destroying ProtocolHandler ["http-nio-8080"]
22-Apr-2025 05:24:37.624 INFO [main] org.apache.catalina.startup.VersionLoggerListener.log Server version name:   Apache Tomcat/9.0.96
22-Apr-2025 05:24:37.627 INFO [main] org.apache.catalina.startup.VersionLoggerListener.log Server built:          Oct 3 2024 19:44:30 UTC
22-Apr-2025 05:24:37.627 INFO [main] org.apache.catalina.startup.VersionLoggerListener.log Server version number: 9.0.96.0
22-Apr-2025 05:24:37.628 INFO [main] org.apache.catalina.startup.VersionLoggerListener.log OS Name:               Windows 10
22-Apr-2025 05:24:37.628 INFO [main] org.apache.catalina.startup.VersionLoggerListener.log OS Version:            10.0
22-Apr-2025 05:24:37.628 INFO [main] org.apache.catalina.startup.VersionLoggerListener.log Architecture:          amd64
22-Apr-2025 05:24:37.628 INFO [main] org.apache.catalina.startup.VersionLoggerListener.log Java Home:             C:\Users\Himasha\.jdks\openjdk-22.0.2
22-Apr-2025 05:24:37.628 INFO [main] org.apache.catalina.startup.VersionLoggerListener.log JVM Version:           22.0.2+9-70
22-Apr-2025 05:24:37.628 INFO [main] org.apache.catalina.startup.VersionLoggerListener.log JVM Vendor:            Oracle Corporation
22-Apr-2025 05:24:37.629 INFO [main] org.apache.catalina.startup.VersionLoggerListener.log CATALINA_BASE:         E:\Parlimate\Parlimate-Project
22-Apr-2025 05:24:37.629 INFO [main] org.apache.catalina.startup.VersionLoggerListener.log CATALINA_HOME:         C:\Program Files\apache-tomcat-9.0.96-windows-x64\apache-tomcat-9.0.96
22-Apr-2025 05:24:37.637 INFO [main] org.apache.catalina.startup.VersionLoggerListener.log Command line argument: --add-opens=java.base/java.lang=ALL-UNNAMED
22-Apr-2025 05:24:37.638 INFO [main] org.apache.catalina.startup.VersionLoggerListener.log Command line argument: --add-opens=java.base/java.io=ALL-UNNAMED
22-Apr-2025 05:24:37.638 INFO [main] org.apache.catalina.startup.VersionLoggerListener.log Command line argument: --add-opens=java.base/java.util=ALL-UNNAMED
22-Apr-2025 05:24:37.638 INFO [main] org.apache.catalina.startup.VersionLoggerListener.log Command line argument: --add-opens=java.base/java.util.concurrent=ALL-UNNAMED
22-Apr-2025 05:24:37.638 INFO [main] org.apache.catalina.startup.VersionLoggerListener.log Command line argument: --add-opens=java.rmi/sun.rmi.transport=ALL-UNNAMED
22-Apr-2025 05:24:37.638 INFO [main] org.apache.catalina.startup.VersionLoggerListener.log Command line argument: -Dcatalina.home=C:\Program Files\apache-tomcat-9.0.96-windows-x64\apache-tomcat-9.0.96
22-Apr-2025 05:24:37.638 INFO [main] org.apache.catalina.startup.VersionLoggerListener.log Command line argument: -Dcatalina.base=E:\Parlimate\Parlimate-Project
22-Apr-2025 05:24:37.638 INFO [main] org.apache.catalina.startup.VersionLoggerListener.log Command line argument: -Djava.io.tmpdir=E:\Parlimate\Parlimate-Project\temp
22-Apr-2025 05:24:37.638 INFO [main] org.apache.catalina.startup.VersionLoggerListener.log Command line argument: -Djava.util.logging.config.file=E:\Parlimate\Parlimate-Project\conf\logging.properties
22-Apr-2025 05:24:37.638 INFO [main] org.apache.catalina.startup.VersionLoggerListener.log Command line argument: -Djava.util.logging.manager=org.apache.juli.ClassLoaderLogManager
22-Apr-2025 05:24:37.638 INFO [main] org.apache.catalina.startup.VersionLoggerListener.log Command line argument: -javaagent:C:\Program Files\JetBrains\IntelliJ IDEA 2024.2.3\lib\idea_rt.jar=62901:C:\Program Files\JetBrains\IntelliJ IDEA 2024.2.3\bin
22-Apr-2025 05:24:37.639 INFO [main] org.apache.catalina.startup.VersionLoggerListener.log Command line argument: -Dfile.encoding=UTF-8
22-Apr-2025 05:24:37.639 INFO [main] org.apache.catalina.startup.VersionLoggerListener.log Command line argument: -Dsun.stdout.encoding=UTF-8
22-Apr-2025 05:24:37.639 INFO [main] org.apache.catalina.startup.VersionLoggerListener.log Command line argument: -Dsun.stderr.encoding=UTF-8
22-Apr-2025 05:24:37.642 INFO [main] org.apache.catalina.core.AprLifecycleListener.lifecycleEvent Loaded Apache Tomcat Native library [1.3.1] using APR version [1.7.4].
22-Apr-2025 05:24:37.642 INFO [main] org.apache.catalina.core.AprLifecycleListener.lifecycleEvent APR capabilities: IPv6 [true], sendfile [true], accept filters [false], random [true], UDS [true].
22-Apr-2025 05:24:37.643 INFO [main] org.apache.catalina.core.AprLifecycleListener.lifecycleEvent APR/OpenSSL configuration: useAprConnector [false], useOpenSSL [true]
22-Apr-2025 05:24:37.649 INFO [main] org.apache.catalina.core.AprLifecycleListener.initializeSSL OpenSSL successfully initialized [OpenSSL 3.0.14 4 Jun 2024]
22-Apr-2025 05:24:38.179 INFO [main] org.apache.coyote.AbstractProtocol.init Initializing ProtocolHandler ["http-nio-8080"]
22-Apr-2025 05:24:38.202 INFO [main] org.apache.catalina.startup.Catalina.load Server initialization in [791] milliseconds
22-Apr-2025 05:24:38.247 INFO [main] org.apache.catalina.core.StandardService.startInternal Starting service [Catalina]
22-Apr-2025 05:24:38.247 INFO [main] org.apache.catalina.core.StandardEngine.startInternal Starting Servlet engine: [Apache Tomcat/9.0.96]
22-Apr-2025 05:24:38.255 INFO [main] org.apache.catalina.startup.HostConfig.deployDescriptor Deploying deployment descriptor [E:\Parlimate\Parlimate-Project\conf\Catalina\localhost\Parlimate.xml]
22-Apr-2025 05:24:40.159 INFO [main] org.apache.jasper.servlet.TldScanner.scanJars At least one JAR was scanned for TLDs yet contained no TLDs. Enable debug logging for this logger for a complete list of JARs that were scanned but no TLDs were found in them. Skipping unneeded JARs during scanning can improve startup time and JSP compilation time.
22-Apr-2025 05:24:40.220 INFO [main] org.apache.catalina.startup.HostConfig.deployDescriptor Deployment of deployment descriptor [E:\Parlimate\Parlimate-Project\conf\Catalina\localhost\Parlimate.xml] has finished in [1,965] ms
22-Apr-2025 05:24:40.225 INFO [main] org.apache.coyote.AbstractProtocol.start Starting ProtocolHandler ["http-nio-8080"]
22-Apr-2025 05:24:40.249 INFO [main] org.apache.catalina.startup.Catalina.start Server startup in [2044] milliseconds
22-Apr-2025 05:26:53.654 INFO [Thread-1] org.apache.coyote.AbstractProtocol.pause Pausing ProtocolHandler ["http-nio-8080"]
22-Apr-2025 05:26:53.664 INFO [Thread-1] org.apache.catalina.core.StandardService.stopInternal Stopping service [Catalina]
22-Apr-2025 05:26:53.695 INFO [Thread-1] org.apache.coyote.AbstractProtocol.stop Stopping ProtocolHandler ["http-nio-8080"]
22-Apr-2025 05:26:53.713 INFO [Thread-1] org.apache.coyote.AbstractProtocol.destroy Destroying ProtocolHandler ["http-nio-8080"]
22-Apr-2025 05:26:59.605 INFO [main] org.apache.catalina.startup.VersionLoggerListener.log Server version name:   Apache Tomcat/9.0.96
22-Apr-2025 05:26:59.609 INFO [main] org.apache.catalina.startup.VersionLoggerListener.log Server built:          Oct 3 2024 19:44:30 UTC
22-Apr-2025 05:26:59.609 INFO [main] org.apache.catalina.startup.VersionLoggerListener.log Server version number: 9.0.96.0
22-Apr-2025 05:26:59.609 INFO [main] org.apache.catalina.startup.VersionLoggerListener.log OS Name:               Windows 10
22-Apr-2025 05:26:59.609 INFO [main] org.apache.catalina.startup.VersionLoggerListener.log OS Version:            10.0
22-Apr-2025 05:26:59.609 INFO [main] org.apache.catalina.startup.VersionLoggerListener.log Architecture:          amd64
22-Apr-2025 05:26:59.609 INFO [main] org.apache.catalina.startup.VersionLoggerListener.log Java Home:             C:\Users\Himasha\.jdks\openjdk-22.0.2
22-Apr-2025 05:26:59.609 INFO [main] org.apache.catalina.startup.VersionLoggerListener.log JVM Version:           22.0.2+9-70
22-Apr-2025 05:26:59.609 INFO [main] org.apache.catalina.startup.VersionLoggerListener.log JVM Vendor:            Oracle Corporation
22-Apr-2025 05:26:59.609 INFO [main] org.apache.catalina.startup.VersionLoggerListener.log CATALINA_BASE:         E:\Parlimate\Parlimate-Project
22-Apr-2025 05:26:59.609 INFO [main] org.apache.catalina.startup.VersionLoggerListener.log CATALINA_HOME:         C:\Program Files\apache-tomcat-9.0.96-windows-x64\apache-tomcat-9.0.96
22-Apr-2025 05:26:59.619 INFO [main] org.apache.catalina.startup.VersionLoggerListener.log Command line argument: --add-opens=java.base/java.lang=ALL-UNNAMED
22-Apr-2025 05:26:59.620 INFO [main] org.apache.catalina.startup.VersionLoggerListener.log Command line argument: --add-opens=java.base/java.io=ALL-UNNAMED
22-Apr-2025 05:26:59.620 INFO [main] org.apache.catalina.startup.VersionLoggerListener.log Command line argument: --add-opens=java.base/java.util=ALL-UNNAMED
22-Apr-2025 05:26:59.620 INFO [main] org.apache.catalina.startup.VersionLoggerListener.log Command line argument: --add-opens=java.base/java.util.concurrent=ALL-UNNAMED
22-Apr-2025 05:26:59.620 INFO [main] org.apache.catalina.startup.VersionLoggerListener.log Command line argument: --add-opens=java.rmi/sun.rmi.transport=ALL-UNNAMED
22-Apr-2025 05:26:59.620 INFO [main] org.apache.catalina.startup.VersionLoggerListener.log Command line argument: -Dcatalina.home=C:\Program Files\apache-tomcat-9.0.96-windows-x64\apache-tomcat-9.0.96
22-Apr-2025 05:26:59.621 INFO [main] org.apache.catalina.startup.VersionLoggerListener.log Command line argument: -Dcatalina.base=E:\Parlimate\Parlimate-Project
22-Apr-2025 05:26:59.621 INFO [main] org.apache.catalina.startup.VersionLoggerListener.log Command line argument: -Djava.io.tmpdir=E:\Parlimate\Parlimate-Project\temp
22-Apr-2025 05:26:59.621 INFO [main] org.apache.catalina.startup.VersionLoggerListener.log Command line argument: -Djava.util.logging.config.file=E:\Parlimate\Parlimate-Project\conf\logging.properties
22-Apr-2025 05:26:59.621 INFO [main] org.apache.catalina.startup.VersionLoggerListener.log Command line argument: -Djava.util.logging.manager=org.apache.juli.ClassLoaderLogManager
22-Apr-2025 05:26:59.621 INFO [main] org.apache.catalina.startup.VersionLoggerListener.log Command line argument: -javaagent:C:\Program Files\JetBrains\IntelliJ IDEA 2024.2.3\lib\idea_rt.jar=62966:C:\Program Files\JetBrains\IntelliJ IDEA 2024.2.3\bin
22-Apr-2025 05:26:59.621 INFO [main] org.apache.catalina.startup.VersionLoggerListener.log Command line argument: -Dfile.encoding=UTF-8
22-Apr-2025 05:26:59.621 INFO [main] org.apache.catalina.startup.VersionLoggerListener.log Command line argument: -Dsun.stdout.encoding=UTF-8
22-Apr-2025 05:26:59.621 INFO [main] org.apache.catalina.startup.VersionLoggerListener.log Command line argument: -Dsun.stderr.encoding=UTF-8
22-Apr-2025 05:26:59.626 INFO [main] org.apache.catalina.core.AprLifecycleListener.lifecycleEvent Loaded Apache Tomcat Native library [1.3.1] using APR version [1.7.4].
22-Apr-2025 05:26:59.626 INFO [main] org.apache.catalina.core.AprLifecycleListener.lifecycleEvent APR capabilities: IPv6 [true], sendfile [true], accept filters [false], random [true], UDS [true].
22-Apr-2025 05:26:59.626 INFO [main] org.apache.catalina.core.AprLifecycleListener.lifecycleEvent APR/OpenSSL configuration: useAprConnector [false], useOpenSSL [true]
22-Apr-2025 05:26:59.633 INFO [main] org.apache.catalina.core.AprLifecycleListener.initializeSSL OpenSSL successfully initialized [OpenSSL 3.0.14 4 Jun 2024]
22-Apr-2025 05:27:00.053 INFO [main] org.apache.coyote.AbstractProtocol.init Initializing ProtocolHandler ["http-nio-8080"]
22-Apr-2025 05:27:00.076 INFO [main] org.apache.catalina.startup.Catalina.load Server initialization in [660] milliseconds
22-Apr-2025 05:27:00.120 INFO [main] org.apache.catalina.core.StandardService.startInternal Starting service [Catalina]
22-Apr-2025 05:27:00.120 INFO [main] org.apache.catalina.core.StandardEngine.startInternal Starting Servlet engine: [Apache Tomcat/9.0.96]
22-Apr-2025 05:27:00.128 INFO [main] org.apache.catalina.startup.HostConfig.deployDescriptor Deploying deployment descriptor [E:\Parlimate\Parlimate-Project\conf\Catalina\localhost\Parlimate.xml]
22-Apr-2025 05:27:01.449 INFO [main] org.apache.jasper.servlet.TldScanner.scanJars At least one JAR was scanned for TLDs yet contained no TLDs. Enable debug logging for this logger for a complete list of JARs that were scanned but no TLDs were found in them. Skipping unneeded JARs during scanning can improve startup time and JSP compilation time.
22-Apr-2025 05:27:01.516 INFO [main] org.apache.catalina.startup.HostConfig.deployDescriptor Deployment of deployment descriptor [E:\Parlimate\Parlimate-Project\conf\Catalina\localhost\Parlimate.xml] has finished in [1,387] ms
22-Apr-2025 05:27:01.521 INFO [main] org.apache.coyote.AbstractProtocol.start Starting ProtocolHandler ["http-nio-8080"]
22-Apr-2025 05:27:01.548 INFO [main] org.apache.catalina.startup.Catalina.start Server startup in [1470] milliseconds
22-Apr-2025 05:29:05.264 INFO [Thread-1] org.apache.coyote.AbstractProtocol.pause Pausing ProtocolHandler ["http-nio-8080"]
22-Apr-2025 05:29:05.275 INFO [Thread-1] org.apache.catalina.core.StandardService.stopInternal Stopping service [Catalina]
22-Apr-2025 05:29:05.310 INFO [Thread-1] org.apache.coyote.AbstractProtocol.stop Stopping ProtocolHandler ["http-nio-8080"]
22-Apr-2025 05:29:05.323 INFO [Thread-1] org.apache.coyote.AbstractProtocol.destroy Destroying ProtocolHandler ["http-nio-8080"]
22-Apr-2025 05:29:11.363 INFO [main] org.apache.catalina.startup.VersionLoggerListener.log Server version name:   Apache Tomcat/9.0.96
22-Apr-2025 05:29:11.368 INFO [main] org.apache.catalina.startup.VersionLoggerListener.log Server built:          Oct 3 2024 19:44:30 UTC
22-Apr-2025 05:29:11.368 INFO [main] org.apache.catalina.startup.VersionLoggerListener.log Server version number: 9.0.96.0
22-Apr-2025 05:29:11.368 INFO [main] org.apache.catalina.startup.VersionLoggerListener.log OS Name:               Windows 10
22-Apr-2025 05:29:11.368 INFO [main] org.apache.catalina.startup.VersionLoggerListener.log OS Version:            10.0
22-Apr-2025 05:29:11.369 INFO [main] org.apache.catalina.startup.VersionLoggerListener.log Architecture:          amd64
22-Apr-2025 05:29:11.369 INFO [main] org.apache.catalina.startup.VersionLoggerListener.log Java Home:             C:\Users\Himasha\.jdks\openjdk-22.0.2
22-Apr-2025 05:29:11.369 INFO [main] org.apache.catalina.startup.VersionLoggerListener.log JVM Version:           22.0.2+9-70
22-Apr-2025 05:29:11.369 INFO [main] org.apache.catalina.startup.VersionLoggerListener.log JVM Vendor:            Oracle Corporation
22-Apr-2025 05:29:11.369 INFO [main] org.apache.catalina.startup.VersionLoggerListener.log CATALINA_BASE:         E:\Parlimate\Parlimate-Project
22-Apr-2025 05:29:11.370 INFO [main] org.apache.catalina.startup.VersionLoggerListener.log CATALINA_HOME:         C:\Program Files\apache-tomcat-9.0.96-windows-x64\apache-tomcat-9.0.96
22-Apr-2025 05:29:11.380 INFO [main] org.apache.catalina.startup.VersionLoggerListener.log Command line argument: --add-opens=java.base/java.lang=ALL-UNNAMED
22-Apr-2025 05:29:11.380 INFO [main] org.apache.catalina.startup.VersionLoggerListener.log Command line argument: --add-opens=java.base/java.io=ALL-UNNAMED
22-Apr-2025 05:29:11.380 INFO [main] org.apache.catalina.startup.VersionLoggerListener.log Command line argument: --add-opens=java.base/java.util=ALL-UNNAMED
22-Apr-2025 05:29:11.380 INFO [main] org.apache.catalina.startup.VersionLoggerListener.log Command line argument: --add-opens=java.base/java.util.concurrent=ALL-UNNAMED
22-Apr-2025 05:29:11.380 INFO [main] org.apache.catalina.startup.VersionLoggerListener.log Command line argument: --add-opens=java.rmi/sun.rmi.transport=ALL-UNNAMED
22-Apr-2025 05:29:11.380 INFO [main] org.apache.catalina.startup.VersionLoggerListener.log Command line argument: -Dcatalina.home=C:\Program Files\apache-tomcat-9.0.96-windows-x64\apache-tomcat-9.0.96
22-Apr-2025 05:29:11.380 INFO [main] org.apache.catalina.startup.VersionLoggerListener.log Command line argument: -Dcatalina.base=E:\Parlimate\Parlimate-Project
22-Apr-2025 05:29:11.381 INFO [main] org.apache.catalina.startup.VersionLoggerListener.log Command line argument: -Djava.io.tmpdir=E:\Parlimate\Parlimate-Project\temp
22-Apr-2025 05:29:11.381 INFO [main] org.apache.catalina.startup.VersionLoggerListener.log Command line argument: -Djava.util.logging.config.file=E:\Parlimate\Parlimate-Project\conf\logging.properties
22-Apr-2025 05:29:11.381 INFO [main] org.apache.catalina.startup.VersionLoggerListener.log Command line argument: -Djava.util.logging.manager=org.apache.juli.ClassLoaderLogManager
22-Apr-2025 05:29:11.381 INFO [main] org.apache.catalina.startup.VersionLoggerListener.log Command line argument: -javaagent:C:\Program Files\JetBrains\IntelliJ IDEA 2024.2.3\lib\idea_rt.jar=63038:C:\Program Files\JetBrains\IntelliJ IDEA 2024.2.3\bin
22-Apr-2025 05:29:11.381 INFO [main] org.apache.catalina.startup.VersionLoggerListener.log Command line argument: -Dfile.encoding=UTF-8
22-Apr-2025 05:29:11.381 INFO [main] org.apache.catalina.startup.VersionLoggerListener.log Command line argument: -Dsun.stdout.encoding=UTF-8
22-Apr-2025 05:29:11.381 INFO [main] org.apache.catalina.startup.VersionLoggerListener.log Command line argument: -Dsun.stderr.encoding=UTF-8
22-Apr-2025 05:29:11.385 INFO [main] org.apache.catalina.core.AprLifecycleListener.lifecycleEvent Loaded Apache Tomcat Native library [1.3.1] using APR version [1.7.4].
22-Apr-2025 05:29:11.385 INFO [main] org.apache.catalina.core.AprLifecycleListener.lifecycleEvent APR capabilities: IPv6 [true], sendfile [true], accept filters [false], random [true], UDS [true].
22-Apr-2025 05:29:11.387 INFO [main] org.apache.catalina.core.AprLifecycleListener.lifecycleEvent APR/OpenSSL configuration: useAprConnector [false], useOpenSSL [true]
22-Apr-2025 05:29:11.394 INFO [main] org.apache.catalina.core.AprLifecycleListener.initializeSSL OpenSSL successfully initialized [OpenSSL 3.0.14 4 Jun 2024]
22-Apr-2025 05:29:11.829 INFO [main] org.apache.coyote.AbstractProtocol.init Initializing ProtocolHandler ["http-nio-8080"]
22-Apr-2025 05:29:11.855 INFO [main] org.apache.catalina.startup.Catalina.load Server initialization in [692] milliseconds
22-Apr-2025 05:29:11.912 INFO [main] org.apache.catalina.core.StandardService.startInternal Starting service [Catalina]
22-Apr-2025 05:29:11.912 INFO [main] org.apache.catalina.core.StandardEngine.startInternal Starting Servlet engine: [Apache Tomcat/9.0.96]
22-Apr-2025 05:29:11.920 INFO [main] org.apache.catalina.startup.HostConfig.deployDescriptor Deploying deployment descriptor [E:\Parlimate\Parlimate-Project\conf\Catalina\localhost\Parlimate.xml]
22-Apr-2025 05:29:13.039 INFO [main] org.apache.jasper.servlet.TldScanner.scanJars At least one JAR was scanned for TLDs yet contained no TLDs. Enable debug logging for this logger for a complete list of JARs that were scanned but no TLDs were found in them. Skipping unneeded JARs during scanning can improve startup time and JSP compilation time.
22-Apr-2025 05:29:13.112 INFO [main] org.apache.catalina.startup.HostConfig.deployDescriptor Deployment of deployment descriptor [E:\Parlimate\Parlimate-Project\conf\Catalina\localhost\Parlimate.xml] has finished in [1,192] ms
22-Apr-2025 05:29:13.118 INFO [main] org.apache.coyote.AbstractProtocol.start Starting ProtocolHandler ["http-nio-8080"]
22-Apr-2025 05:29:13.149 INFO [main] org.apache.catalina.startup.Catalina.start Server startup in [1292] milliseconds
22-Apr-2025 05:30:37.281 INFO [Thread-1] org.apache.coyote.AbstractProtocol.pause Pausing ProtocolHandler ["http-nio-8080"]
22-Apr-2025 05:30:37.286 INFO [Thread-1] org.apache.catalina.core.StandardService.stopInternal Stopping service [Catalina]
22-Apr-2025 05:30:37.303 INFO [Thread-1] org.apache.coyote.AbstractProtocol.stop Stopping ProtocolHandler ["http-nio-8080"]
22-Apr-2025 05:30:37.322 INFO [Thread-1] org.apache.coyote.AbstractProtocol.destroy Destroying ProtocolHandler ["http-nio-8080"]
22-Apr-2025 05:30:43.478 INFO [main] org.apache.catalina.startup.VersionLoggerListener.log Server version name:   Apache Tomcat/9.0.96
22-Apr-2025 05:30:43.481 INFO [main] org.apache.catalina.startup.VersionLoggerListener.log Server built:          Oct 3 2024 19:44:30 UTC
22-Apr-2025 05:30:43.482 INFO [main] org.apache.catalina.startup.VersionLoggerListener.log Server version number: 9.0.96.0
22-Apr-2025 05:30:43.482 INFO [main] org.apache.catalina.startup.VersionLoggerListener.log OS Name:               Windows 10
22-Apr-2025 05:30:43.482 INFO [main] org.apache.catalina.startup.VersionLoggerListener.log OS Version:            10.0
22-Apr-2025 05:30:43.482 INFO [main] org.apache.catalina.startup.VersionLoggerListener.log Architecture:          amd64
22-Apr-2025 05:30:43.482 INFO [main] org.apache.catalina.startup.VersionLoggerListener.log Java Home:             C:\Users\Himasha\.jdks\openjdk-22.0.2
22-Apr-2025 05:30:43.482 INFO [main] org.apache.catalina.startup.VersionLoggerListener.log JVM Version:           22.0.2+9-70
22-Apr-2025 05:30:43.483 INFO [main] org.apache.catalina.startup.VersionLoggerListener.log JVM Vendor:            Oracle Corporation
22-Apr-2025 05:30:43.483 INFO [main] org.apache.catalina.startup.VersionLoggerListener.log CATALINA_BASE:         E:\Parlimate\Parlimate-Project
22-Apr-2025 05:30:43.483 INFO [main] org.apache.catalina.startup.VersionLoggerListener.log CATALINA_HOME:         C:\Program Files\apache-tomcat-9.0.96-windows-x64\apache-tomcat-9.0.96
22-Apr-2025 05:30:43.491 INFO [main] org.apache.catalina.startup.VersionLoggerListener.log Command line argument: --add-opens=java.base/java.lang=ALL-UNNAMED
22-Apr-2025 05:30:43.491 INFO [main] org.apache.catalina.startup.VersionLoggerListener.log Command line argument: --add-opens=java.base/java.io=ALL-UNNAMED
22-Apr-2025 05:30:43.491 INFO [main] org.apache.catalina.startup.VersionLoggerListener.log Command line argument: --add-opens=java.base/java.util=ALL-UNNAMED
22-Apr-2025 05:30:43.491 INFO [main] org.apache.catalina.startup.VersionLoggerListener.log Command line argument: --add-opens=java.base/java.util.concurrent=ALL-UNNAMED
22-Apr-2025 05:30:43.491 INFO [main] org.apache.catalina.startup.VersionLoggerListener.log Command line argument: --add-opens=java.rmi/sun.rmi.transport=ALL-UNNAMED
22-Apr-2025 05:30:43.491 INFO [main] org.apache.catalina.startup.VersionLoggerListener.log Command line argument: -Dcatalina.home=C:\Program Files\apache-tomcat-9.0.96-windows-x64\apache-tomcat-9.0.96
22-Apr-2025 05:30:43.492 INFO [main] org.apache.catalina.startup.VersionLoggerListener.log Command line argument: -Dcatalina.base=E:\Parlimate\Parlimate-Project
22-Apr-2025 05:30:43.492 INFO [main] org.apache.catalina.startup.VersionLoggerListener.log Command line argument: -Djava.io.tmpdir=E:\Parlimate\Parlimate-Project\temp
22-Apr-2025 05:30:43.492 INFO [main] org.apache.catalina.startup.VersionLoggerListener.log Command line argument: -Djava.util.logging.config.file=E:\Parlimate\Parlimate-Project\conf\logging.properties
22-Apr-2025 05:30:43.492 INFO [main] org.apache.catalina.startup.VersionLoggerListener.log Command line argument: -Djava.util.logging.manager=org.apache.juli.ClassLoaderLogManager
22-Apr-2025 05:30:43.492 INFO [main] org.apache.catalina.startup.VersionLoggerListener.log Command line argument: -javaagent:C:\Program Files\JetBrains\IntelliJ IDEA 2024.2.3\lib\idea_rt.jar=63102:C:\Program Files\JetBrains\IntelliJ IDEA 2024.2.3\bin
22-Apr-2025 05:30:43.492 INFO [main] org.apache.catalina.startup.VersionLoggerListener.log Command line argument: -Dfile.encoding=UTF-8
22-Apr-2025 05:30:43.492 INFO [main] org.apache.catalina.startup.VersionLoggerListener.log Command line argument: -Dsun.stdout.encoding=UTF-8
22-Apr-2025 05:30:43.492 INFO [main] org.apache.catalina.startup.VersionLoggerListener.log Command line argument: -Dsun.stderr.encoding=UTF-8
22-Apr-2025 05:30:43.495 INFO [main] org.apache.catalina.core.AprLifecycleListener.lifecycleEvent Loaded Apache Tomcat Native library [1.3.1] using APR version [1.7.4].
22-Apr-2025 05:30:43.496 INFO [main] org.apache.catalina.core.AprLifecycleListener.lifecycleEvent APR capabilities: IPv6 [true], sendfile [true], accept filters [false], random [true], UDS [true].
22-Apr-2025 05:30:43.496 INFO [main] org.apache.catalina.core.AprLifecycleListener.lifecycleEvent APR/OpenSSL configuration: useAprConnector [false], useOpenSSL [true]
22-Apr-2025 05:30:43.503 INFO [main] org.apache.catalina.core.AprLifecycleListener.initializeSSL OpenSSL successfully initialized [OpenSSL 3.0.14 4 Jun 2024]
22-Apr-2025 05:30:43.883 INFO [main] org.apache.coyote.AbstractProtocol.init Initializing ProtocolHandler ["http-nio-8080"]
22-Apr-2025 05:30:43.906 INFO [main] org.apache.catalina.startup.Catalina.load Server initialization in [646] milliseconds
22-Apr-2025 05:30:43.956 INFO [main] org.apache.catalina.core.StandardService.startInternal Starting service [Catalina]
22-Apr-2025 05:30:43.956 INFO [main] org.apache.catalina.core.StandardEngine.startInternal Starting Servlet engine: [Apache Tomcat/9.0.96]
22-Apr-2025 05:30:43.963 INFO [main] org.apache.catalina.startup.HostConfig.deployDescriptor Deploying deployment descriptor [E:\Parlimate\Parlimate-Project\conf\Catalina\localhost\Parlimate.xml]
22-Apr-2025 05:30:44.969 INFO [main] org.apache.jasper.servlet.TldScanner.scanJars At least one JAR was scanned for TLDs yet contained no TLDs. Enable debug logging for this logger for a complete list of JARs that were scanned but no TLDs were found in them. Skipping unneeded JARs during scanning can improve startup time and JSP compilation time.
22-Apr-2025 05:30:45.032 INFO [main] org.apache.catalina.startup.HostConfig.deployDescriptor Deployment of deployment descriptor [E:\Parlimate\Parlimate-Project\conf\Catalina\localhost\Parlimate.xml] has finished in [1,068] ms
22-Apr-2025 05:30:45.038 INFO [main] org.apache.coyote.AbstractProtocol.start Starting ProtocolHandler ["http-nio-8080"]
22-Apr-2025 05:30:45.063 INFO [main] org.apache.catalina.startup.Catalina.start Server startup in [1156] milliseconds
22-Apr-2025 05:57:56.429 INFO [Thread-1] org.apache.coyote.AbstractProtocol.pause Pausing ProtocolHandler ["http-nio-8080"]
22-Apr-2025 05:57:56.454 INFO [Thread-1] org.apache.catalina.core.StandardService.stopInternal Stopping service [Catalina]
22-Apr-2025 05:57:56.918 INFO [Thread-1] org.apache.coyote.AbstractProtocol.stop Stopping ProtocolHandler ["http-nio-8080"]
22-Apr-2025 05:57:57.001 INFO [Thread-1] org.apache.coyote.AbstractProtocol.destroy Destroying ProtocolHandler ["http-nio-8080"]
22-Apr-2025 09:47:40.544 INFO [main] org.apache.catalina.startup.VersionLoggerListener.log Server version name:   Apache Tomcat/9.0.96
22-Apr-2025 09:47:40.551 INFO [main] org.apache.catalina.startup.VersionLoggerListener.log Server built:          Oct 3 2024 19:44:30 UTC
22-Apr-2025 09:47:40.552 INFO [main] org.apache.catalina.startup.VersionLoggerListener.log Server version number: 9.0.96.0
22-Apr-2025 09:47:40.552 INFO [main] org.apache.catalina.startup.VersionLoggerListener.log OS Name:               Windows 10
22-Apr-2025 09:47:40.552 INFO [main] org.apache.catalina.startup.VersionLoggerListener.log OS Version:            10.0
22-Apr-2025 09:47:40.552 INFO [main] org.apache.catalina.startup.VersionLoggerListener.log Architecture:          amd64
22-Apr-2025 09:47:40.552 INFO [main] org.apache.catalina.startup.VersionLoggerListener.log Java Home:             C:\Users\Himasha\.jdks\openjdk-22.0.2
22-Apr-2025 09:47:40.552 INFO [main] org.apache.catalina.startup.VersionLoggerListener.log JVM Version:           22.0.2+9-70
22-Apr-2025 09:47:40.552 INFO [main] org.apache.catalina.startup.VersionLoggerListener.log JVM Vendor:            Oracle Corporation
22-Apr-2025 09:47:40.552 INFO [main] org.apache.catalina.startup.VersionLoggerListener.log CATALINA_BASE:         E:\Parlimate\Parlimate-Project
22-Apr-2025 09:47:40.553 INFO [main] org.apache.catalina.startup.VersionLoggerListener.log CATALINA_HOME:         C:\Program Files\apache-tomcat-9.0.96-windows-x64\apache-tomcat-9.0.96
22-Apr-2025 09:47:40.565 INFO [main] org.apache.catalina.startup.VersionLoggerListener.log Command line argument: --add-opens=java.base/java.lang=ALL-UNNAMED
22-Apr-2025 09:47:40.566 INFO [main] org.apache.catalina.startup.VersionLoggerListener.log Command line argument: --add-opens=java.base/java.io=ALL-UNNAMED
22-Apr-2025 09:47:40.566 INFO [main] org.apache.catalina.startup.VersionLoggerListener.log Command line argument: --add-opens=java.base/java.util=ALL-UNNAMED
22-Apr-2025 09:47:40.566 INFO [main] org.apache.catalina.startup.VersionLoggerListener.log Command line argument: --add-opens=java.base/java.util.concurrent=ALL-UNNAMED
22-Apr-2025 09:47:40.566 INFO [main] org.apache.catalina.startup.VersionLoggerListener.log Command line argument: --add-opens=java.rmi/sun.rmi.transport=ALL-UNNAMED
22-Apr-2025 09:47:40.566 INFO [main] org.apache.catalina.startup.VersionLoggerListener.log Command line argument: -Dcatalina.home=C:\Program Files\apache-tomcat-9.0.96-windows-x64\apache-tomcat-9.0.96
22-Apr-2025 09:47:40.566 INFO [main] org.apache.catalina.startup.VersionLoggerListener.log Command line argument: -Dcatalina.base=E:\Parlimate\Parlimate-Project
22-Apr-2025 09:47:40.566 INFO [main] org.apache.catalina.startup.VersionLoggerListener.log Command line argument: -Djava.io.tmpdir=E:\Parlimate\Parlimate-Project\temp
22-Apr-2025 09:47:40.566 INFO [main] org.apache.catalina.startup.VersionLoggerListener.log Command line argument: -Djava.util.logging.config.file=E:\Parlimate\Parlimate-Project\conf\logging.properties
22-Apr-2025 09:47:40.567 INFO [main] org.apache.catalina.startup.VersionLoggerListener.log Command line argument: -Djava.util.logging.manager=org.apache.juli.ClassLoaderLogManager
22-Apr-2025 09:47:40.567 INFO [main] org.apache.catalina.startup.VersionLoggerListener.log Command line argument: -javaagent:C:\Program Files\JetBrains\IntelliJ IDEA 2024.2.3\lib\idea_rt.jar=64038:C:\Program Files\JetBrains\IntelliJ IDEA 2024.2.3\bin
22-Apr-2025 09:47:40.567 INFO [main] org.apache.catalina.startup.VersionLoggerListener.log Command line argument: -Dfile.encoding=UTF-8
22-Apr-2025 09:47:40.567 INFO [main] org.apache.catalina.startup.VersionLoggerListener.log Command line argument: -Dsun.stdout.encoding=UTF-8
22-Apr-2025 09:47:40.567 INFO [main] org.apache.catalina.startup.VersionLoggerListener.log Command line argument: -Dsun.stderr.encoding=UTF-8
22-Apr-2025 09:47:40.578 INFO [main] org.apache.catalina.core.AprLifecycleListener.lifecycleEvent Loaded Apache Tomcat Native library [1.3.1] using APR version [1.7.4].
22-Apr-2025 09:47:40.578 INFO [main] org.apache.catalina.core.AprLifecycleListener.lifecycleEvent APR capabilities: IPv6 [true], sendfile [true], accept filters [false], random [true], UDS [true].
22-Apr-2025 09:47:40.578 INFO [main] org.apache.catalina.core.AprLifecycleListener.lifecycleEvent APR/OpenSSL configuration: useAprConnector [false], useOpenSSL [true]
22-Apr-2025 09:47:40.597 INFO [main] org.apache.catalina.core.AprLifecycleListener.initializeSSL OpenSSL successfully initialized [OpenSSL 3.0.14 4 Jun 2024]
22-Apr-2025 09:47:41.122 INFO [main] org.apache.coyote.AbstractProtocol.init Initializing ProtocolHandler ["http-nio-8080"]
22-Apr-2025 09:47:41.152 INFO [main] org.apache.catalina.startup.Catalina.load Server initialization in [912] milliseconds
22-Apr-2025 09:47:41.207 INFO [main] org.apache.catalina.core.StandardService.startInternal Starting service [Catalina]
22-Apr-2025 09:47:41.207 INFO [main] org.apache.catalina.core.StandardEngine.startInternal Starting Servlet engine: [Apache Tomcat/9.0.96]
22-Apr-2025 09:47:41.215 INFO [main] org.apache.catalina.startup.HostConfig.deployDescriptor Deploying deployment descriptor [E:\Parlimate\Parlimate-Project\conf\Catalina\localhost\Parlimate.xml]
22-Apr-2025 09:47:43.405 INFO [main] org.apache.jasper.servlet.TldScanner.scanJars At least one JAR was scanned for TLDs yet contained no TLDs. Enable debug logging for this logger for a complete list of JARs that were scanned but no TLDs were found in them. Skipping unneeded JARs during scanning can improve startup time and JSP compilation time.
22-Apr-2025 09:47:43.628 INFO [main] org.apache.catalina.startup.HostConfig.deployDescriptor Deployment of deployment descriptor [E:\Parlimate\Parlimate-Project\conf\Catalina\localhost\Parlimate.xml] has finished in [2,411] ms
22-Apr-2025 09:47:43.640 INFO [main] org.apache.coyote.AbstractProtocol.start Starting ProtocolHandler ["http-nio-8080"]
22-Apr-2025 09:47:43.684 INFO [main] org.apache.catalina.startup.Catalina.start Server startup in [2530] milliseconds
