26-Nov-2024 10:19:27.899 INFO [main] org.apache.catalina.startup.VersionLoggerListener.log Server version name:   Apache Tomcat/9.0.97
26-Nov-2024 10:19:27.910 INFO [main] org.apache.catalina.startup.VersionLoggerListener.log Server built:          Nov 6 2024 19:55:19 UTC
26-Nov-2024 10:19:27.910 INFO [main] org.apache.catalina.startup.VersionLoggerListener.log Server version number: 9.0.97.0
26-Nov-2024 10:19:27.910 INFO [main] org.apache.catalina.startup.VersionLoggerListener.log OS Name:               Windows 11
26-Nov-2024 10:19:27.910 INFO [main] org.apache.catalina.startup.VersionLoggerListener.log OS Version:            10.0
26-Nov-2024 10:19:27.910 INFO [main] org.apache.catalina.startup.VersionLoggerListener.log Architecture:          amd64
26-Nov-2024 10:19:27.910 INFO [main] org.apache.catalina.startup.VersionLoggerListener.log Java Home:             C:\Users\Manuja Ransara\.jdks\corretto-22.0.2
26-Nov-2024 10:19:27.910 INFO [main] org.apache.catalina.startup.VersionLoggerListener.log JVM Version:           22.0.2+9-FR
26-Nov-2024 10:19:27.910 INFO [main] org.apache.catalina.startup.VersionLoggerListener.log JVM Vendor:            Amazon.com Inc.
26-Nov-2024 10:19:27.910 INFO [main] org.apache.catalina.startup.VersionLoggerListener.log CATALINA_BASE:         D:\Parlimate
26-Nov-2024 10:19:27.910 INFO [main] org.apache.catalina.startup.VersionLoggerListener.log CATALINA_HOME:         C:\Program Files\apache-tomcat-9.0.97
26-Nov-2024 10:19:27.919 INFO [main] org.apache.catalina.startup.VersionLoggerListener.log Command line argument: --add-opens=java.base/java.lang=ALL-UNNAMED
26-Nov-2024 10:19:27.919 INFO [main] org.apache.catalina.startup.VersionLoggerListener.log Command line argument: --add-opens=java.base/java.io=ALL-UNNAMED
26-Nov-2024 10:19:27.919 INFO [main] org.apache.catalina.startup.VersionLoggerListener.log Command line argument: --add-opens=java.base/java.util=ALL-UNNAMED
26-Nov-2024 10:19:27.919 INFO [main] org.apache.catalina.startup.VersionLoggerListener.log Command line argument: --add-opens=java.base/java.util.concurrent=ALL-UNNAMED
26-Nov-2024 10:19:27.919 INFO [main] org.apache.catalina.startup.VersionLoggerListener.log Command line argument: --add-opens=java.rmi/sun.rmi.transport=ALL-UNNAMED
26-Nov-2024 10:19:27.919 INFO [main] org.apache.catalina.startup.VersionLoggerListener.log Command line argument: -Dcatalina.home=C:\Program Files\apache-tomcat-9.0.97
26-Nov-2024 10:19:27.919 INFO [main] org.apache.catalina.startup.VersionLoggerListener.log Command line argument: -Dcatalina.base=D:\Parlimate
26-Nov-2024 10:19:27.919 INFO [main] org.apache.catalina.startup.VersionLoggerListener.log Command line argument: -Djava.io.tmpdir=D:\Parlimate\temp
26-Nov-2024 10:19:27.919 INFO [main] org.apache.catalina.startup.VersionLoggerListener.log Command line argument: -Djava.util.logging.config.file=D:\Parlimate\conf\logging.properties
26-Nov-2024 10:19:27.920 INFO [main] org.apache.catalina.startup.VersionLoggerListener.log Command line argument: -Djava.util.logging.manager=org.apache.juli.ClassLoaderLogManager
26-Nov-2024 10:19:27.920 INFO [main] org.apache.catalina.startup.VersionLoggerListener.log Command line argument: -javaagent:C:\Program Files\JetBrains\IntelliJ IDEA 2024.2.4\lib\idea_rt.jar=60326:C:\Program Files\JetBrains\IntelliJ IDEA 2024.2.4\bin
26-Nov-2024 10:19:27.920 INFO [main] org.apache.catalina.startup.VersionLoggerListener.log Command line argument: -Dfile.encoding=UTF-8
26-Nov-2024 10:19:27.920 INFO [main] org.apache.catalina.startup.VersionLoggerListener.log Command line argument: -Dsun.stdout.encoding=UTF-8
26-Nov-2024 10:19:27.920 INFO [main] org.apache.catalina.startup.VersionLoggerListener.log Command line argument: -Dsun.stderr.encoding=UTF-8
26-Nov-2024 10:19:27.959 INFO [main] org.apache.catalina.core.AprLifecycleListener.lifecycleEvent Loaded Apache Tomcat Native library [1.3.1] using APR version [1.7.4].
26-Nov-2024 10:19:27.959 INFO [main] org.apache.catalina.core.AprLifecycleListener.lifecycleEvent APR capabilities: IPv6 [true], sendfile [true], accept filters [false], random [true], UDS [true].
26-Nov-2024 10:19:27.959 INFO [main] org.apache.catalina.core.AprLifecycleListener.lifecycleEvent APR/OpenSSL configuration: useAprConnector [false], useOpenSSL [true]
26-Nov-2024 10:19:27.975 INFO [main] org.apache.catalina.core.AprLifecycleListener.initializeSSL OpenSSL successfully initialized [OpenSSL 3.0.14 4 Jun 2024]
26-Nov-2024 10:19:28.358 INFO [main] org.apache.coyote.AbstractProtocol.init Initializing ProtocolHandler ["http-nio-8080"]
26-Nov-2024 10:19:28.376 INFO [main] org.apache.catalina.startup.Catalina.load Server initialization in [725] milliseconds
26-Nov-2024 10:19:28.428 INFO [main] org.apache.catalina.core.StandardService.startInternal Starting service [Catalina]
26-Nov-2024 10:19:28.428 INFO [main] org.apache.catalina.core.StandardEngine.startInternal Starting Servlet engine: [Apache Tomcat/9.0.97]
26-Nov-2024 10:19:28.436 INFO [main] org.apache.catalina.startup.HostConfig.deployDescriptor Deploying deployment descriptor [D:\Parlimate\conf\Catalina\localhost\Parlimate.xml]
26-Nov-2024 10:19:29.193 INFO [main] org.apache.jasper.servlet.TldScanner.scanJars At least one JAR was scanned for TLDs yet contained no TLDs. Enable debug logging for this logger for a complete list of JARs that were scanned but no TLDs were found in them. Skipping unneeded JARs during scanning can improve startup time and JSP compilation time.
26-Nov-2024 10:19:29.266 INFO [main] org.apache.catalina.startup.HostConfig.deployDescriptor Deployment of deployment descriptor [D:\Parlimate\conf\Catalina\localhost\Parlimate.xml] has finished in [830] ms
26-Nov-2024 10:19:29.270 INFO [main] org.apache.coyote.AbstractProtocol.start Starting ProtocolHandler ["http-nio-8080"]
26-Nov-2024 10:19:29.296 INFO [main] org.apache.catalina.startup.Catalina.start Server startup in [918] milliseconds
26-Nov-2024 10:23:51.789 INFO [Thread-1] org.apache.coyote.AbstractProtocol.pause Pausing ProtocolHandler ["http-nio-8080"]
26-Nov-2024 10:23:51.801 INFO [Thread-1] org.apache.catalina.core.StandardService.stopInternal Stopping service [Catalina]
26-Nov-2024 10:23:51.817 WARNING [Thread-1] org.apache.catalina.loader.WebappClassLoaderBase.clearReferencesJdbc The web application [Parlimate] registered the JDBC driver [org.postgresql.Driver] but failed to unregister it when the web application was stopped. To prevent a memory leak, the JDBC Driver has been forcibly unregistered.
26-Nov-2024 10:23:51.824 INFO [Thread-1] org.apache.coyote.AbstractProtocol.stop Stopping ProtocolHandler ["http-nio-8080"]
26-Nov-2024 10:23:51.836 INFO [Thread-1] org.apache.coyote.AbstractProtocol.destroy Destroying ProtocolHandler ["http-nio-8080"]
26-Nov-2024 10:23:55.709 INFO [main] org.apache.catalina.startup.VersionLoggerListener.log Server version name:   Apache Tomcat/9.0.97
26-Nov-2024 10:23:55.715 INFO [main] org.apache.catalina.startup.VersionLoggerListener.log Server built:          Nov 6 2024 19:55:19 UTC
26-Nov-2024 10:23:55.715 INFO [main] org.apache.catalina.startup.VersionLoggerListener.log Server version number: 9.0.97.0
26-Nov-2024 10:23:55.715 INFO [main] org.apache.catalina.startup.VersionLoggerListener.log OS Name:               Windows 11
26-Nov-2024 10:23:55.715 INFO [main] org.apache.catalina.startup.VersionLoggerListener.log OS Version:            10.0
26-Nov-2024 10:23:55.716 INFO [main] org.apache.catalina.startup.VersionLoggerListener.log Architecture:          amd64
26-Nov-2024 10:23:55.716 INFO [main] org.apache.catalina.startup.VersionLoggerListener.log Java Home:             C:\Users\Manuja Ransara\.jdks\corretto-22.0.2
26-Nov-2024 10:23:55.716 INFO [main] org.apache.catalina.startup.VersionLoggerListener.log JVM Version:           22.0.2+9-FR
26-Nov-2024 10:23:55.716 INFO [main] org.apache.catalina.startup.VersionLoggerListener.log JVM Vendor:            Amazon.com Inc.
26-Nov-2024 10:23:55.716 INFO [main] org.apache.catalina.startup.VersionLoggerListener.log CATALINA_BASE:         D:\Parlimate
26-Nov-2024 10:23:55.716 INFO [main] org.apache.catalina.startup.VersionLoggerListener.log CATALINA_HOME:         C:\Program Files\apache-tomcat-9.0.97
26-Nov-2024 10:23:55.729 INFO [main] org.apache.catalina.startup.VersionLoggerListener.log Command line argument: --add-opens=java.base/java.lang=ALL-UNNAMED
26-Nov-2024 10:23:55.729 INFO [main] org.apache.catalina.startup.VersionLoggerListener.log Command line argument: --add-opens=java.base/java.io=ALL-UNNAMED
26-Nov-2024 10:23:55.729 INFO [main] org.apache.catalina.startup.VersionLoggerListener.log Command line argument: --add-opens=java.base/java.util=ALL-UNNAMED
26-Nov-2024 10:23:55.729 INFO [main] org.apache.catalina.startup.VersionLoggerListener.log Command line argument: --add-opens=java.base/java.util.concurrent=ALL-UNNAMED
26-Nov-2024 10:23:55.730 INFO [main] org.apache.catalina.startup.VersionLoggerListener.log Command line argument: --add-opens=java.rmi/sun.rmi.transport=ALL-UNNAMED
26-Nov-2024 10:23:55.730 INFO [main] org.apache.catalina.startup.VersionLoggerListener.log Command line argument: -Dcatalina.home=C:\Program Files\apache-tomcat-9.0.97
26-Nov-2024 10:23:55.730 INFO [main] org.apache.catalina.startup.VersionLoggerListener.log Command line argument: -Dcatalina.base=D:\Parlimate
26-Nov-2024 10:23:55.730 INFO [main] org.apache.catalina.startup.VersionLoggerListener.log Command line argument: -Djava.io.tmpdir=D:\Parlimate\temp
26-Nov-2024 10:23:55.730 INFO [main] org.apache.catalina.startup.VersionLoggerListener.log Command line argument: -Djava.util.logging.config.file=D:\Parlimate\conf\logging.properties
26-Nov-2024 10:23:55.730 INFO [main] org.apache.catalina.startup.VersionLoggerListener.log Command line argument: -Djava.util.logging.manager=org.apache.juli.ClassLoaderLogManager
26-Nov-2024 10:23:55.730 INFO [main] org.apache.catalina.startup.VersionLoggerListener.log Command line argument: -javaagent:C:\Program Files\JetBrains\IntelliJ IDEA 2024.2.4\lib\idea_rt.jar=52231:C:\Program Files\JetBrains\IntelliJ IDEA 2024.2.4\bin
26-Nov-2024 10:23:55.730 INFO [main] org.apache.catalina.startup.VersionLoggerListener.log Command line argument: -Dfile.encoding=UTF-8
26-Nov-2024 10:23:55.730 INFO [main] org.apache.catalina.startup.VersionLoggerListener.log Command line argument: -Dsun.stdout.encoding=UTF-8
26-Nov-2024 10:23:55.730 INFO [main] org.apache.catalina.startup.VersionLoggerListener.log Command line argument: -Dsun.stderr.encoding=UTF-8
26-Nov-2024 10:23:55.737 INFO [main] org.apache.catalina.core.AprLifecycleListener.lifecycleEvent Loaded Apache Tomcat Native library [1.3.1] using APR version [1.7.4].
26-Nov-2024 10:23:55.737 INFO [main] org.apache.catalina.core.AprLifecycleListener.lifecycleEvent APR capabilities: IPv6 [true], sendfile [true], accept filters [false], random [true], UDS [true].
26-Nov-2024 10:23:55.738 INFO [main] org.apache.catalina.core.AprLifecycleListener.lifecycleEvent APR/OpenSSL configuration: useAprConnector [false], useOpenSSL [true]
26-Nov-2024 10:23:55.747 INFO [main] org.apache.catalina.core.AprLifecycleListener.initializeSSL OpenSSL successfully initialized [OpenSSL 3.0.14 4 Jun 2024]
26-Nov-2024 10:23:56.368 INFO [main] org.apache.coyote.AbstractProtocol.init Initializing ProtocolHandler ["http-nio-8080"]
26-Nov-2024 10:23:56.399 INFO [main] org.apache.catalina.startup.Catalina.load Server initialization in [1044] milliseconds
26-Nov-2024 10:23:56.468 INFO [main] org.apache.catalina.core.StandardService.startInternal Starting service [Catalina]
26-Nov-2024 10:23:56.469 INFO [main] org.apache.catalina.core.StandardEngine.startInternal Starting Servlet engine: [Apache Tomcat/9.0.97]
26-Nov-2024 10:23:56.483 INFO [main] org.apache.catalina.startup.HostConfig.deployDescriptor Deploying deployment descriptor [D:\Parlimate\conf\Catalina\localhost\Parlimate.xml]
26-Nov-2024 10:23:57.401 INFO [main] org.apache.jasper.servlet.TldScanner.scanJars At least one JAR was scanned for TLDs yet contained no TLDs. Enable debug logging for this logger for a complete list of JARs that were scanned but no TLDs were found in them. Skipping unneeded JARs during scanning can improve startup time and JSP compilation time.
26-Nov-2024 10:23:57.475 INFO [main] org.apache.catalina.startup.HostConfig.deployDescriptor Deployment of deployment descriptor [D:\Parlimate\conf\Catalina\localhost\Parlimate.xml] has finished in [991] ms
26-Nov-2024 10:23:57.478 INFO [main] org.apache.coyote.AbstractProtocol.start Starting ProtocolHandler ["http-nio-8080"]
26-Nov-2024 10:23:57.503 INFO [main] org.apache.catalina.startup.Catalina.start Server startup in [1101] milliseconds
26-Nov-2024 10:34:59.083 INFO [Thread-1] org.apache.coyote.AbstractProtocol.pause Pausing ProtocolHandler ["http-nio-8080"]
26-Nov-2024 10:34:59.098 INFO [Thread-1] org.apache.catalina.core.StandardService.stopInternal Stopping service [Catalina]
26-Nov-2024 10:34:59.111 WARNING [Thread-1] org.apache.catalina.loader.WebappClassLoaderBase.clearReferencesJdbc The web application [Parlimate] registered the JDBC driver [org.postgresql.Driver] but failed to unregister it when the web application was stopped. To prevent a memory leak, the JDBC Driver has been forcibly unregistered.
26-Nov-2024 10:34:59.118 INFO [Thread-1] org.apache.coyote.AbstractProtocol.stop Stopping ProtocolHandler ["http-nio-8080"]
26-Nov-2024 10:34:59.137 INFO [Thread-1] org.apache.coyote.AbstractProtocol.destroy Destroying ProtocolHandler ["http-nio-8080"]
26-Nov-2024 10:35:05.050 INFO [main] org.apache.catalina.startup.VersionLoggerListener.log Server version name:   Apache Tomcat/9.0.97
26-Nov-2024 10:35:05.055 INFO [main] org.apache.catalina.startup.VersionLoggerListener.log Server built:          Nov 6 2024 19:55:19 UTC
26-Nov-2024 10:35:05.055 INFO [main] org.apache.catalina.startup.VersionLoggerListener.log Server version number: 9.0.97.0
26-Nov-2024 10:35:05.056 INFO [main] org.apache.catalina.startup.VersionLoggerListener.log OS Name:               Windows 11
26-Nov-2024 10:35:05.056 INFO [main] org.apache.catalina.startup.VersionLoggerListener.log OS Version:            10.0
26-Nov-2024 10:35:05.056 INFO [main] org.apache.catalina.startup.VersionLoggerListener.log Architecture:          amd64
26-Nov-2024 10:35:05.056 INFO [main] org.apache.catalina.startup.VersionLoggerListener.log Java Home:             C:\Users\Manuja Ransara\.jdks\corretto-22.0.2
26-Nov-2024 10:35:05.057 INFO [main] org.apache.catalina.startup.VersionLoggerListener.log JVM Version:           22.0.2+9-FR
26-Nov-2024 10:35:05.057 INFO [main] org.apache.catalina.startup.VersionLoggerListener.log JVM Vendor:            Amazon.com Inc.
26-Nov-2024 10:35:05.057 INFO [main] org.apache.catalina.startup.VersionLoggerListener.log CATALINA_BASE:         D:\Parlimate
26-Nov-2024 10:35:05.057 INFO [main] org.apache.catalina.startup.VersionLoggerListener.log CATALINA_HOME:         C:\Program Files\apache-tomcat-9.0.97
26-Nov-2024 10:35:05.071 INFO [main] org.apache.catalina.startup.VersionLoggerListener.log Command line argument: --add-opens=java.base/java.lang=ALL-UNNAMED
26-Nov-2024 10:35:05.071 INFO [main] org.apache.catalina.startup.VersionLoggerListener.log Command line argument: --add-opens=java.base/java.io=ALL-UNNAMED
26-Nov-2024 10:35:05.072 INFO [main] org.apache.catalina.startup.VersionLoggerListener.log Command line argument: --add-opens=java.base/java.util=ALL-UNNAMED
26-Nov-2024 10:35:05.072 INFO [main] org.apache.catalina.startup.VersionLoggerListener.log Command line argument: --add-opens=java.base/java.util.concurrent=ALL-UNNAMED
26-Nov-2024 10:35:05.072 INFO [main] org.apache.catalina.startup.VersionLoggerListener.log Command line argument: --add-opens=java.rmi/sun.rmi.transport=ALL-UNNAMED
26-Nov-2024 10:35:05.072 INFO [main] org.apache.catalina.startup.VersionLoggerListener.log Command line argument: -Dcatalina.home=C:\Program Files\apache-tomcat-9.0.97
26-Nov-2024 10:35:05.072 INFO [main] org.apache.catalina.startup.VersionLoggerListener.log Command line argument: -Dcatalina.base=D:\Parlimate
26-Nov-2024 10:35:05.072 INFO [main] org.apache.catalina.startup.VersionLoggerListener.log Command line argument: -Djava.io.tmpdir=D:\Parlimate\temp
26-Nov-2024 10:35:05.072 INFO [main] org.apache.catalina.startup.VersionLoggerListener.log Command line argument: -Djava.util.logging.config.file=D:\Parlimate\conf\logging.properties
26-Nov-2024 10:35:05.073 INFO [main] org.apache.catalina.startup.VersionLoggerListener.log Command line argument: -Djava.util.logging.manager=org.apache.juli.ClassLoaderLogManager
26-Nov-2024 10:35:05.073 INFO [main] org.apache.catalina.startup.VersionLoggerListener.log Command line argument: -javaagent:C:\Program Files\JetBrains\IntelliJ IDEA 2024.2.4\lib\idea_rt.jar=54560:C:\Program Files\JetBrains\IntelliJ IDEA 2024.2.4\bin
26-Nov-2024 10:35:05.073 INFO [main] org.apache.catalina.startup.VersionLoggerListener.log Command line argument: -Dfile.encoding=UTF-8
26-Nov-2024 10:35:05.073 INFO [main] org.apache.catalina.startup.VersionLoggerListener.log Command line argument: -Dsun.stdout.encoding=UTF-8
26-Nov-2024 10:35:05.073 INFO [main] org.apache.catalina.startup.VersionLoggerListener.log Command line argument: -Dsun.stderr.encoding=UTF-8
26-Nov-2024 10:35:05.080 INFO [main] org.apache.catalina.core.AprLifecycleListener.lifecycleEvent Loaded Apache Tomcat Native library [1.3.1] using APR version [1.7.4].
26-Nov-2024 10:35:05.081 INFO [main] org.apache.catalina.core.AprLifecycleListener.lifecycleEvent APR capabilities: IPv6 [true], sendfile [true], accept filters [false], random [true], UDS [true].
26-Nov-2024 10:35:05.081 INFO [main] org.apache.catalina.core.AprLifecycleListener.lifecycleEvent APR/OpenSSL configuration: useAprConnector [false], useOpenSSL [true]
26-Nov-2024 10:35:05.089 INFO [main] org.apache.catalina.core.AprLifecycleListener.initializeSSL OpenSSL successfully initialized [OpenSSL 3.0.14 4 Jun 2024]
26-Nov-2024 10:35:05.698 INFO [main] org.apache.coyote.AbstractProtocol.init Initializing ProtocolHandler ["http-nio-8080"]
26-Nov-2024 10:35:05.721 INFO [main] org.apache.catalina.startup.Catalina.load Server initialization in [985] milliseconds
26-Nov-2024 10:35:05.785 INFO [main] org.apache.catalina.core.StandardService.startInternal Starting service [Catalina]
26-Nov-2024 10:35:05.785 INFO [main] org.apache.catalina.core.StandardEngine.startInternal Starting Servlet engine: [Apache Tomcat/9.0.97]
26-Nov-2024 10:35:05.799 INFO [main] org.apache.catalina.startup.HostConfig.deployDescriptor Deploying deployment descriptor [D:\Parlimate\conf\Catalina\localhost\Parlimate.xml]
26-Nov-2024 10:35:06.781 INFO [main] org.apache.jasper.servlet.TldScanner.scanJars At least one JAR was scanned for TLDs yet contained no TLDs. Enable debug logging for this logger for a complete list of JARs that were scanned but no TLDs were found in them. Skipping unneeded JARs during scanning can improve startup time and JSP compilation time.
26-Nov-2024 10:35:06.862 INFO [main] org.apache.catalina.startup.HostConfig.deployDescriptor Deployment of deployment descriptor [D:\Parlimate\conf\Catalina\localhost\Parlimate.xml] has finished in [1,064] ms
26-Nov-2024 10:35:06.867 INFO [main] org.apache.coyote.AbstractProtocol.start Starting ProtocolHandler ["http-nio-8080"]
26-Nov-2024 10:35:06.894 INFO [main] org.apache.catalina.startup.Catalina.start Server startup in [1171] milliseconds
26-Nov-2024 10:48:57.615 INFO [Catalina-utility-2] org.apache.catalina.startup.HostConfig.reload Reloading context [/Parlimate]
26-Nov-2024 10:48:57.615 INFO [Catalina-utility-2] org.apache.catalina.core.StandardContext.reload Reloading Context with name [/Parlimate] has started
26-Nov-2024 10:48:57.639 WARNING [Catalina-utility-2] org.apache.catalina.loader.WebappClassLoaderBase.clearReferencesJdbc The web application [Parlimate] registered the JDBC driver [org.postgresql.Driver] but failed to unregister it when the web application was stopped. To prevent a memory leak, the JDBC Driver has been forcibly unregistered.
26-Nov-2024 10:48:57.969 INFO [Catalina-utility-2] org.apache.jasper.servlet.TldScanner.scanJars At least one JAR was scanned for TLDs yet contained no TLDs. Enable debug logging for this logger for a complete list of JARs that were scanned but no TLDs were found in them. Skipping unneeded JARs during scanning can improve startup time and JSP compilation time.
26-Nov-2024 10:48:57.990 SEVERE [Catalina-utility-2] org.apache.catalina.core.StandardContext.startInternal One or more Filters failed to start. Full details will be found in the appropriate container log file
26-Nov-2024 10:48:57.990 SEVERE [Catalina-utility-2] org.apache.catalina.core.StandardContext.startInternal Context [/Parlimate] startup failed due to previous errors
26-Nov-2024 10:48:57.999 INFO [Catalina-utility-2] org.apache.catalina.core.StandardContext.reload Reloading Context with name [/Parlimate] is completed
26-Nov-2024 10:48:59.400 INFO [Thread-1] org.apache.coyote.AbstractProtocol.pause Pausing ProtocolHandler ["http-nio-8080"]
26-Nov-2024 10:48:59.414 INFO [Thread-1] org.apache.catalina.core.StandardService.stopInternal Stopping service [Catalina]
26-Nov-2024 10:48:59.415 INFO [Thread-1] org.apache.coyote.AbstractProtocol.stop Stopping ProtocolHandler ["http-nio-8080"]
26-Nov-2024 10:48:59.421 INFO [Thread-1] org.apache.coyote.AbstractProtocol.destroy Destroying ProtocolHandler ["http-nio-8080"]
26-Nov-2024 10:49:03.344 INFO [main] org.apache.catalina.startup.VersionLoggerListener.log Server version name:   Apache Tomcat/9.0.97
26-Nov-2024 10:49:03.352 INFO [main] org.apache.catalina.startup.VersionLoggerListener.log Server built:          Nov 6 2024 19:55:19 UTC
26-Nov-2024 10:49:03.352 INFO [main] org.apache.catalina.startup.VersionLoggerListener.log Server version number: 9.0.97.0
26-Nov-2024 10:49:03.353 INFO [main] org.apache.catalina.startup.VersionLoggerListener.log OS Name:               Windows 11
26-Nov-2024 10:49:03.353 INFO [main] org.apache.catalina.startup.VersionLoggerListener.log OS Version:            10.0
26-Nov-2024 10:49:03.353 INFO [main] org.apache.catalina.startup.VersionLoggerListener.log Architecture:          amd64
26-Nov-2024 10:49:03.353 INFO [main] org.apache.catalina.startup.VersionLoggerListener.log Java Home:             C:\Users\Manuja Ransara\.jdks\corretto-22.0.2
26-Nov-2024 10:49:03.353 INFO [main] org.apache.catalina.startup.VersionLoggerListener.log JVM Version:           22.0.2+9-FR
26-Nov-2024 10:49:03.353 INFO [main] org.apache.catalina.startup.VersionLoggerListener.log JVM Vendor:            Amazon.com Inc.
26-Nov-2024 10:49:03.353 INFO [main] org.apache.catalina.startup.VersionLoggerListener.log CATALINA_BASE:         D:\Parlimate
26-Nov-2024 10:49:03.353 INFO [main] org.apache.catalina.startup.VersionLoggerListener.log CATALINA_HOME:         C:\Program Files\apache-tomcat-9.0.97
26-Nov-2024 10:49:03.368 INFO [main] org.apache.catalina.startup.VersionLoggerListener.log Command line argument: --add-opens=java.base/java.lang=ALL-UNNAMED
26-Nov-2024 10:49:03.369 INFO [main] org.apache.catalina.startup.VersionLoggerListener.log Command line argument: --add-opens=java.base/java.io=ALL-UNNAMED
26-Nov-2024 10:49:03.369 INFO [main] org.apache.catalina.startup.VersionLoggerListener.log Command line argument: --add-opens=java.base/java.util=ALL-UNNAMED
26-Nov-2024 10:49:03.369 INFO [main] org.apache.catalina.startup.VersionLoggerListener.log Command line argument: --add-opens=java.base/java.util.concurrent=ALL-UNNAMED
26-Nov-2024 10:49:03.369 INFO [main] org.apache.catalina.startup.VersionLoggerListener.log Command line argument: --add-opens=java.rmi/sun.rmi.transport=ALL-UNNAMED
26-Nov-2024 10:49:03.370 INFO [main] org.apache.catalina.startup.VersionLoggerListener.log Command line argument: -Dcatalina.home=C:\Program Files\apache-tomcat-9.0.97
26-Nov-2024 10:49:03.370 INFO [main] org.apache.catalina.startup.VersionLoggerListener.log Command line argument: -Dcatalina.base=D:\Parlimate
26-Nov-2024 10:49:03.370 INFO [main] org.apache.catalina.startup.VersionLoggerListener.log Command line argument: -Djava.io.tmpdir=D:\Parlimate\temp
26-Nov-2024 10:49:03.370 INFO [main] org.apache.catalina.startup.VersionLoggerListener.log Command line argument: -Djava.util.logging.config.file=D:\Parlimate\conf\logging.properties
26-Nov-2024 10:49:03.370 INFO [main] org.apache.catalina.startup.VersionLoggerListener.log Command line argument: -Djava.util.logging.manager=org.apache.juli.ClassLoaderLogManager
26-Nov-2024 10:49:03.370 INFO [main] org.apache.catalina.startup.VersionLoggerListener.log Command line argument: -javaagent:C:\Program Files\JetBrains\IntelliJ IDEA 2024.2.4\lib\idea_rt.jar=55885:C:\Program Files\JetBrains\IntelliJ IDEA 2024.2.4\bin
26-Nov-2024 10:49:03.371 INFO [main] org.apache.catalina.startup.VersionLoggerListener.log Command line argument: -Dfile.encoding=UTF-8
26-Nov-2024 10:49:03.371 INFO [main] org.apache.catalina.startup.VersionLoggerListener.log Command line argument: -Dsun.stdout.encoding=UTF-8
26-Nov-2024 10:49:03.371 INFO [main] org.apache.catalina.startup.VersionLoggerListener.log Command line argument: -Dsun.stderr.encoding=UTF-8
26-Nov-2024 10:49:03.377 INFO [main] org.apache.catalina.core.AprLifecycleListener.lifecycleEvent Loaded Apache Tomcat Native library [1.3.1] using APR version [1.7.4].
26-Nov-2024 10:49:03.377 INFO [main] org.apache.catalina.core.AprLifecycleListener.lifecycleEvent APR capabilities: IPv6 [true], sendfile [true], accept filters [false], random [true], UDS [true].
26-Nov-2024 10:49:03.377 INFO [main] org.apache.catalina.core.AprLifecycleListener.lifecycleEvent APR/OpenSSL configuration: useAprConnector [false], useOpenSSL [true]
26-Nov-2024 10:49:03.387 INFO [main] org.apache.catalina.core.AprLifecycleListener.initializeSSL OpenSSL successfully initialized [OpenSSL 3.0.14 4 Jun 2024]
26-Nov-2024 10:49:03.959 INFO [main] org.apache.coyote.AbstractProtocol.init Initializing ProtocolHandler ["http-nio-8080"]
26-Nov-2024 10:49:03.991 INFO [main] org.apache.catalina.startup.Catalina.load Server initialization in [1023] milliseconds
26-Nov-2024 10:49:04.070 INFO [main] org.apache.catalina.core.StandardService.startInternal Starting service [Catalina]
26-Nov-2024 10:49:04.070 INFO [main] org.apache.catalina.core.StandardEngine.startInternal Starting Servlet engine: [Apache Tomcat/9.0.97]
26-Nov-2024 10:49:04.081 INFO [main] org.apache.catalina.startup.HostConfig.deployDescriptor Deploying deployment descriptor [D:\Parlimate\conf\Catalina\localhost\Parlimate.xml]
26-Nov-2024 10:49:05.118 INFO [main] org.apache.jasper.servlet.TldScanner.scanJars At least one JAR was scanned for TLDs yet contained no TLDs. Enable debug logging for this logger for a complete list of JARs that were scanned but no TLDs were found in them. Skipping unneeded JARs during scanning can improve startup time and JSP compilation time.
26-Nov-2024 10:49:05.218 INFO [main] org.apache.catalina.startup.HostConfig.deployDescriptor Deployment of deployment descriptor [D:\Parlimate\conf\Catalina\localhost\Parlimate.xml] has finished in [1,136] ms
26-Nov-2024 10:49:05.222 INFO [main] org.apache.coyote.AbstractProtocol.start Starting ProtocolHandler ["http-nio-8080"]
26-Nov-2024 10:49:05.251 INFO [main] org.apache.catalina.startup.Catalina.start Server startup in [1257] milliseconds
26-Nov-2024 10:52:32.855 INFO [Thread-1] org.apache.coyote.AbstractProtocol.pause Pausing ProtocolHandler ["http-nio-8080"]
26-Nov-2024 10:52:32.871 INFO [Thread-1] org.apache.catalina.core.StandardService.stopInternal Stopping service [Catalina]
26-Nov-2024 10:52:32.893 INFO [Thread-1] org.apache.coyote.AbstractProtocol.stop Stopping ProtocolHandler ["http-nio-8080"]
26-Nov-2024 10:52:32.903 INFO [Thread-1] org.apache.coyote.AbstractProtocol.destroy Destroying ProtocolHandler ["http-nio-8080"]
26-Nov-2024 10:52:35.987 INFO [main] org.apache.catalina.startup.VersionLoggerListener.log Server version name:   Apache Tomcat/9.0.97
26-Nov-2024 10:52:35.991 INFO [main] org.apache.catalina.startup.VersionLoggerListener.log Server built:          Nov 6 2024 19:55:19 UTC
26-Nov-2024 10:52:35.991 INFO [main] org.apache.catalina.startup.VersionLoggerListener.log Server version number: 9.0.97.0
26-Nov-2024 10:52:35.992 INFO [main] org.apache.catalina.startup.VersionLoggerListener.log OS Name:               Windows 11
26-Nov-2024 10:52:35.992 INFO [main] org.apache.catalina.startup.VersionLoggerListener.log OS Version:            10.0
26-Nov-2024 10:52:35.992 INFO [main] org.apache.catalina.startup.VersionLoggerListener.log Architecture:          amd64
26-Nov-2024 10:52:35.992 INFO [main] org.apache.catalina.startup.VersionLoggerListener.log Java Home:             C:\Users\Manuja Ransara\.jdks\corretto-22.0.2
26-Nov-2024 10:52:35.992 INFO [main] org.apache.catalina.startup.VersionLoggerListener.log JVM Version:           22.0.2+9-FR
26-Nov-2024 10:52:35.992 INFO [main] org.apache.catalina.startup.VersionLoggerListener.log JVM Vendor:            Amazon.com Inc.
26-Nov-2024 10:52:35.992 INFO [main] org.apache.catalina.startup.VersionLoggerListener.log CATALINA_BASE:         D:\Parlimate
26-Nov-2024 10:52:35.992 INFO [main] org.apache.catalina.startup.VersionLoggerListener.log CATALINA_HOME:         C:\Program Files\apache-tomcat-9.0.97
26-Nov-2024 10:52:36.005 INFO [main] org.apache.catalina.startup.VersionLoggerListener.log Command line argument: --add-opens=java.base/java.lang=ALL-UNNAMED
26-Nov-2024 10:52:36.005 INFO [main] org.apache.catalina.startup.VersionLoggerListener.log Command line argument: --add-opens=java.base/java.io=ALL-UNNAMED
26-Nov-2024 10:52:36.005 INFO [main] org.apache.catalina.startup.VersionLoggerListener.log Command line argument: --add-opens=java.base/java.util=ALL-UNNAMED
26-Nov-2024 10:52:36.006 INFO [main] org.apache.catalina.startup.VersionLoggerListener.log Command line argument: --add-opens=java.base/java.util.concurrent=ALL-UNNAMED
26-Nov-2024 10:52:36.006 INFO [main] org.apache.catalina.startup.VersionLoggerListener.log Command line argument: --add-opens=java.rmi/sun.rmi.transport=ALL-UNNAMED
26-Nov-2024 10:52:36.006 INFO [main] org.apache.catalina.startup.VersionLoggerListener.log Command line argument: -Dcatalina.home=C:\Program Files\apache-tomcat-9.0.97
26-Nov-2024 10:52:36.006 INFO [main] org.apache.catalina.startup.VersionLoggerListener.log Command line argument: -Dcatalina.base=D:\Parlimate
26-Nov-2024 10:52:36.006 INFO [main] org.apache.catalina.startup.VersionLoggerListener.log Command line argument: -Djava.io.tmpdir=D:\Parlimate\temp
26-Nov-2024 10:52:36.006 INFO [main] org.apache.catalina.startup.VersionLoggerListener.log Command line argument: -Djava.util.logging.config.file=D:\Parlimate\conf\logging.properties
26-Nov-2024 10:52:36.006 INFO [main] org.apache.catalina.startup.VersionLoggerListener.log Command line argument: -Djava.util.logging.manager=org.apache.juli.ClassLoaderLogManager
26-Nov-2024 10:52:36.006 INFO [main] org.apache.catalina.startup.VersionLoggerListener.log Command line argument: -javaagent:C:\Program Files\JetBrains\IntelliJ IDEA 2024.2.4\lib\idea_rt.jar=56183:C:\Program Files\JetBrains\IntelliJ IDEA 2024.2.4\bin
26-Nov-2024 10:52:36.006 INFO [main] org.apache.catalina.startup.VersionLoggerListener.log Command line argument: -Dfile.encoding=UTF-8
26-Nov-2024 10:52:36.007 INFO [main] org.apache.catalina.startup.VersionLoggerListener.log Command line argument: -Dsun.stdout.encoding=UTF-8
26-Nov-2024 10:52:36.007 INFO [main] org.apache.catalina.startup.VersionLoggerListener.log Command line argument: -Dsun.stderr.encoding=UTF-8
26-Nov-2024 10:52:36.013 INFO [main] org.apache.catalina.core.AprLifecycleListener.lifecycleEvent Loaded Apache Tomcat Native library [1.3.1] using APR version [1.7.4].
26-Nov-2024 10:52:36.013 INFO [main] org.apache.catalina.core.AprLifecycleListener.lifecycleEvent APR capabilities: IPv6 [true], sendfile [true], accept filters [false], random [true], UDS [true].
26-Nov-2024 10:52:36.013 INFO [main] org.apache.catalina.core.AprLifecycleListener.lifecycleEvent APR/OpenSSL configuration: useAprConnector [false], useOpenSSL [true]
26-Nov-2024 10:52:36.023 INFO [main] org.apache.catalina.core.AprLifecycleListener.initializeSSL OpenSSL successfully initialized [OpenSSL 3.0.14 4 Jun 2024]
26-Nov-2024 10:52:36.508 INFO [main] org.apache.coyote.AbstractProtocol.init Initializing ProtocolHandler ["http-nio-8080"]
26-Nov-2024 10:52:36.536 INFO [main] org.apache.catalina.startup.Catalina.load Server initialization in [831] milliseconds
26-Nov-2024 10:52:36.602 INFO [main] org.apache.catalina.core.StandardService.startInternal Starting service [Catalina]
26-Nov-2024 10:52:36.603 INFO [main] org.apache.catalina.core.StandardEngine.startInternal Starting Servlet engine: [Apache Tomcat/9.0.97]
26-Nov-2024 10:52:36.615 INFO [main] org.apache.catalina.startup.HostConfig.deployDescriptor Deploying deployment descriptor [D:\Parlimate\conf\Catalina\localhost\Parlimate.xml]
26-Nov-2024 10:52:37.437 INFO [main] org.apache.jasper.servlet.TldScanner.scanJars At least one JAR was scanned for TLDs yet contained no TLDs. Enable debug logging for this logger for a complete list of JARs that were scanned but no TLDs were found in them. Skipping unneeded JARs during scanning can improve startup time and JSP compilation time.
26-Nov-2024 10:52:37.510 INFO [main] org.apache.catalina.startup.HostConfig.deployDescriptor Deployment of deployment descriptor [D:\Parlimate\conf\Catalina\localhost\Parlimate.xml] has finished in [896] ms
26-Nov-2024 10:52:37.514 INFO [main] org.apache.coyote.AbstractProtocol.start Starting ProtocolHandler ["http-nio-8080"]
26-Nov-2024 10:52:37.540 INFO [main] org.apache.catalina.startup.Catalina.start Server startup in [1001] milliseconds
26-Nov-2024 10:53:46.954 INFO [Thread-1] org.apache.coyote.AbstractProtocol.pause Pausing ProtocolHandler ["http-nio-8080"]
26-Nov-2024 10:53:46.966 INFO [Thread-1] org.apache.catalina.core.StandardService.stopInternal Stopping service [Catalina]
26-Nov-2024 10:53:46.974 WARNING [Thread-1] org.apache.catalina.loader.WebappClassLoaderBase.clearReferencesJdbc The web application [Parlimate] registered the JDBC driver [org.postgresql.Driver] but failed to unregister it when the web application was stopped. To prevent a memory leak, the JDBC Driver has been forcibly unregistered.
26-Nov-2024 10:53:46.978 INFO [Thread-1] org.apache.coyote.AbstractProtocol.stop Stopping ProtocolHandler ["http-nio-8080"]
26-Nov-2024 10:53:46.999 INFO [Thread-1] org.apache.coyote.AbstractProtocol.destroy Destroying ProtocolHandler ["http-nio-8080"]
26-Nov-2024 10:53:50.495 INFO [main] org.apache.catalina.startup.VersionLoggerListener.log Server version name:   Apache Tomcat/9.0.97
26-Nov-2024 10:53:50.502 INFO [main] org.apache.catalina.startup.VersionLoggerListener.log Server built:          Nov 6 2024 19:55:19 UTC
26-Nov-2024 10:53:50.502 INFO [main] org.apache.catalina.startup.VersionLoggerListener.log Server version number: 9.0.97.0
26-Nov-2024 10:53:50.502 INFO [main] org.apache.catalina.startup.VersionLoggerListener.log OS Name:               Windows 11
26-Nov-2024 10:53:50.503 INFO [main] org.apache.catalina.startup.VersionLoggerListener.log OS Version:            10.0
26-Nov-2024 10:53:50.503 INFO [main] org.apache.catalina.startup.VersionLoggerListener.log Architecture:          amd64
26-Nov-2024 10:53:50.503 INFO [main] org.apache.catalina.startup.VersionLoggerListener.log Java Home:             C:\Users\Manuja Ransara\.jdks\corretto-22.0.2
26-Nov-2024 10:53:50.503 INFO [main] org.apache.catalina.startup.VersionLoggerListener.log JVM Version:           22.0.2+9-FR
26-Nov-2024 10:53:50.503 INFO [main] org.apache.catalina.startup.VersionLoggerListener.log JVM Vendor:            Amazon.com Inc.
26-Nov-2024 10:53:50.503 INFO [main] org.apache.catalina.startup.VersionLoggerListener.log CATALINA_BASE:         D:\Parlimate
26-Nov-2024 10:53:50.503 INFO [main] org.apache.catalina.startup.VersionLoggerListener.log CATALINA_HOME:         C:\Program Files\apache-tomcat-9.0.97
26-Nov-2024 10:53:50.517 INFO [main] org.apache.catalina.startup.VersionLoggerListener.log Command line argument: --add-opens=java.base/java.lang=ALL-UNNAMED
26-Nov-2024 10:53:50.517 INFO [main] org.apache.catalina.startup.VersionLoggerListener.log Command line argument: --add-opens=java.base/java.io=ALL-UNNAMED
26-Nov-2024 10:53:50.517 INFO [main] org.apache.catalina.startup.VersionLoggerListener.log Command line argument: --add-opens=java.base/java.util=ALL-UNNAMED
26-Nov-2024 10:53:50.517 INFO [main] org.apache.catalina.startup.VersionLoggerListener.log Command line argument: --add-opens=java.base/java.util.concurrent=ALL-UNNAMED
26-Nov-2024 10:53:50.517 INFO [main] org.apache.catalina.startup.VersionLoggerListener.log Command line argument: --add-opens=java.rmi/sun.rmi.transport=ALL-UNNAMED
26-Nov-2024 10:53:50.517 INFO [main] org.apache.catalina.startup.VersionLoggerListener.log Command line argument: -Dcatalina.home=C:\Program Files\apache-tomcat-9.0.97
26-Nov-2024 10:53:50.517 INFO [main] org.apache.catalina.startup.VersionLoggerListener.log Command line argument: -Dcatalina.base=D:\Parlimate
26-Nov-2024 10:53:50.518 INFO [main] org.apache.catalina.startup.VersionLoggerListener.log Command line argument: -Djava.io.tmpdir=D:\Parlimate\temp
26-Nov-2024 10:53:50.518 INFO [main] org.apache.catalina.startup.VersionLoggerListener.log Command line argument: -Djava.util.logging.config.file=D:\Parlimate\conf\logging.properties
26-Nov-2024 10:53:50.518 INFO [main] org.apache.catalina.startup.VersionLoggerListener.log Command line argument: -Djava.util.logging.manager=org.apache.juli.ClassLoaderLogManager
26-Nov-2024 10:53:50.518 INFO [main] org.apache.catalina.startup.VersionLoggerListener.log Command line argument: -javaagent:C:\Program Files\JetBrains\IntelliJ IDEA 2024.2.4\lib\idea_rt.jar=56282:C:\Program Files\JetBrains\IntelliJ IDEA 2024.2.4\bin
26-Nov-2024 10:53:50.518 INFO [main] org.apache.catalina.startup.VersionLoggerListener.log Command line argument: -Dfile.encoding=UTF-8
26-Nov-2024 10:53:50.518 INFO [main] org.apache.catalina.startup.VersionLoggerListener.log Command line argument: -Dsun.stdout.encoding=UTF-8
26-Nov-2024 10:53:50.518 INFO [main] org.apache.catalina.startup.VersionLoggerListener.log Command line argument: -Dsun.stderr.encoding=UTF-8
26-Nov-2024 10:53:50.525 INFO [main] org.apache.catalina.core.AprLifecycleListener.lifecycleEvent Loaded Apache Tomcat Native library [1.3.1] using APR version [1.7.4].
26-Nov-2024 10:53:50.526 INFO [main] org.apache.catalina.core.AprLifecycleListener.lifecycleEvent APR capabilities: IPv6 [true], sendfile [true], accept filters [false], random [true], UDS [true].
26-Nov-2024 10:53:50.526 INFO [main] org.apache.catalina.core.AprLifecycleListener.lifecycleEvent APR/OpenSSL configuration: useAprConnector [false], useOpenSSL [true]
26-Nov-2024 10:53:50.538 INFO [main] org.apache.catalina.core.AprLifecycleListener.initializeSSL OpenSSL successfully initialized [OpenSSL 3.0.14 4 Jun 2024]
26-Nov-2024 10:53:51.001 INFO [main] org.apache.coyote.AbstractProtocol.init Initializing ProtocolHandler ["http-nio-8080"]
26-Nov-2024 10:53:51.027 INFO [main] org.apache.catalina.startup.Catalina.load Server initialization in [913] milliseconds
26-Nov-2024 10:53:51.112 INFO [main] org.apache.catalina.core.StandardService.startInternal Starting service [Catalina]
26-Nov-2024 10:53:51.113 INFO [main] org.apache.catalina.core.StandardEngine.startInternal Starting Servlet engine: [Apache Tomcat/9.0.97]
26-Nov-2024 10:53:51.130 INFO [main] org.apache.catalina.startup.HostConfig.deployDescriptor Deploying deployment descriptor [D:\Parlimate\conf\Catalina\localhost\Parlimate.xml]
26-Nov-2024 10:53:52.159 INFO [main] org.apache.jasper.servlet.TldScanner.scanJars At least one JAR was scanned for TLDs yet contained no TLDs. Enable debug logging for this logger for a complete list of JARs that were scanned but no TLDs were found in them. Skipping unneeded JARs during scanning can improve startup time and JSP compilation time.
26-Nov-2024 10:53:52.249 INFO [main] org.apache.catalina.startup.HostConfig.deployDescriptor Deployment of deployment descriptor [D:\Parlimate\conf\Catalina\localhost\Parlimate.xml] has finished in [1,119] ms
26-Nov-2024 10:53:52.253 INFO [main] org.apache.coyote.AbstractProtocol.start Starting ProtocolHandler ["http-nio-8080"]
26-Nov-2024 10:53:52.278 INFO [main] org.apache.catalina.startup.Catalina.start Server startup in [1248] milliseconds
26-Nov-2024 10:59:29.107 INFO [Thread-1] org.apache.coyote.AbstractProtocol.pause Pausing ProtocolHandler ["http-nio-8080"]
26-Nov-2024 10:59:29.120 INFO [Thread-1] org.apache.catalina.core.StandardService.stopInternal Stopping service [Catalina]
26-Nov-2024 10:59:29.130 WARNING [Thread-1] org.apache.catalina.loader.WebappClassLoaderBase.clearReferencesJdbc The web application [Parlimate] registered the JDBC driver [org.postgresql.Driver] but failed to unregister it when the web application was stopped. To prevent a memory leak, the JDBC Driver has been forcibly unregistered.
26-Nov-2024 10:59:29.135 INFO [Thread-1] org.apache.coyote.AbstractProtocol.stop Stopping ProtocolHandler ["http-nio-8080"]
26-Nov-2024 10:59:29.148 INFO [Thread-1] org.apache.coyote.AbstractProtocol.destroy Destroying ProtocolHandler ["http-nio-8080"]
