11-Feb-2025 09:11:26.520 INFO [main] org.apache.catalina.startup.VersionLoggerListener.log Server version name:   Apache Tomcat/9.0.96
11-Feb-2025 09:11:26.524 INFO [main] org.apache.catalina.startup.VersionLoggerListener.log Server built:          Oct 3 2024 19:44:30 UTC
11-Feb-2025 09:11:26.524 INFO [main] org.apache.catalina.startup.VersionLoggerListener.log Server version number: 9.0.96.0
11-Feb-2025 09:11:26.524 INFO [main] org.apache.catalina.startup.VersionLoggerListener.log OS Name:               Windows 10
11-Feb-2025 09:11:26.524 INFO [main] org.apache.catalina.startup.VersionLoggerListener.log OS Version:            10.0
11-Feb-2025 09:11:26.524 INFO [main] org.apache.catalina.startup.VersionLoggerListener.log Architecture:          amd64
11-Feb-2025 09:11:26.524 INFO [main] org.apache.catalina.startup.VersionLoggerListener.log Java Home:             C:\Users\Himasha\.jdks\openjdk-22.0.2
11-Feb-2025 09:11:26.524 INFO [main] org.apache.catalina.startup.VersionLoggerListener.log JVM Version:           22.0.2+9-70
11-Feb-2025 09:11:26.524 INFO [main] org.apache.catalina.startup.VersionLoggerListener.log JVM Vendor:            Oracle Corporation
11-Feb-2025 09:11:26.524 INFO [main] org.apache.catalina.startup.VersionLoggerListener.log CATALINA_BASE:         E:\Parlimate\Parlimate-Project
11-Feb-2025 09:11:26.524 INFO [main] org.apache.catalina.startup.VersionLoggerListener.log CATALINA_HOME:         C:\Program Files\apache-tomcat-9.0.96-windows-x64\apache-tomcat-9.0.96
11-Feb-2025 09:11:26.531 INFO [main] org.apache.catalina.startup.VersionLoggerListener.log Command line argument: --add-opens=java.base/java.lang=ALL-UNNAMED
11-Feb-2025 09:11:26.532 INFO [main] org.apache.catalina.startup.VersionLoggerListener.log Command line argument: --add-opens=java.base/java.io=ALL-UNNAMED
11-Feb-2025 09:11:26.532 INFO [main] org.apache.catalina.startup.VersionLoggerListener.log Command line argument: --add-opens=java.base/java.util=ALL-UNNAMED
11-Feb-2025 09:11:26.532 INFO [main] org.apache.catalina.startup.VersionLoggerListener.log Command line argument: --add-opens=java.base/java.util.concurrent=ALL-UNNAMED
11-Feb-2025 09:11:26.532 INFO [main] org.apache.catalina.startup.VersionLoggerListener.log Command line argument: --add-opens=java.rmi/sun.rmi.transport=ALL-UNNAMED
11-Feb-2025 09:11:26.532 INFO [main] org.apache.catalina.startup.VersionLoggerListener.log Command line argument: -Dcatalina.home=C:\Program Files\apache-tomcat-9.0.96-windows-x64\apache-tomcat-9.0.96
11-Feb-2025 09:11:26.532 INFO [main] org.apache.catalina.startup.VersionLoggerListener.log Command line argument: -Dcatalina.base=E:\Parlimate\Parlimate-Project
11-Feb-2025 09:11:26.532 INFO [main] org.apache.catalina.startup.VersionLoggerListener.log Command line argument: -Djava.io.tmpdir=E:\Parlimate\Parlimate-Project\temp
11-Feb-2025 09:11:26.532 INFO [main] org.apache.catalina.startup.VersionLoggerListener.log Command line argument: -Djava.util.logging.config.file=E:\Parlimate\Parlimate-Project\conf\logging.properties
11-Feb-2025 09:11:26.532 INFO [main] org.apache.catalina.startup.VersionLoggerListener.log Command line argument: -Djava.util.logging.manager=org.apache.juli.ClassLoaderLogManager
11-Feb-2025 09:11:26.533 INFO [main] org.apache.catalina.startup.VersionLoggerListener.log Command line argument: -javaagent:C:\Program Files\JetBrains\IntelliJ IDEA 2024.2.3\lib\idea_rt.jar=64619:C:\Program Files\JetBrains\IntelliJ IDEA 2024.2.3\bin
11-Feb-2025 09:11:26.533 INFO [main] org.apache.catalina.startup.VersionLoggerListener.log Command line argument: -Dfile.encoding=UTF-8
11-Feb-2025 09:11:26.533 INFO [main] org.apache.catalina.startup.VersionLoggerListener.log Command line argument: -Dsun.stdout.encoding=UTF-8
11-Feb-2025 09:11:26.533 INFO [main] org.apache.catalina.startup.VersionLoggerListener.log Command line argument: -Dsun.stderr.encoding=UTF-8
11-Feb-2025 09:11:26.879 INFO [main] org.apache.catalina.core.AprLifecycleListener.lifecycleEvent Loaded Apache Tomcat Native library [1.3.1] using APR version [1.7.4].
11-Feb-2025 09:11:26.880 INFO [main] org.apache.catalina.core.AprLifecycleListener.lifecycleEvent APR capabilities: IPv6 [true], sendfile [true], accept filters [false], random [true], UDS [true].
11-Feb-2025 09:11:26.880 INFO [main] org.apache.catalina.core.AprLifecycleListener.lifecycleEvent APR/OpenSSL configuration: useAprConnector [false], useOpenSSL [true]
11-Feb-2025 09:11:26.952 INFO [main] org.apache.catalina.core.AprLifecycleListener.initializeSSL OpenSSL successfully initialized [OpenSSL 3.0.14 4 Jun 2024]
11-Feb-2025 09:11:27.373 INFO [main] org.apache.coyote.AbstractProtocol.init Initializing ProtocolHandler ["http-nio-8080"]
11-Feb-2025 09:11:27.397 INFO [main] org.apache.catalina.startup.Catalina.load Server initialization in [1305] milliseconds
11-Feb-2025 09:11:27.455 INFO [main] org.apache.catalina.core.StandardService.startInternal Starting service [Catalina]
11-Feb-2025 09:11:27.455 INFO [main] org.apache.catalina.core.StandardEngine.startInternal Starting Servlet engine: [Apache Tomcat/9.0.96]
11-Feb-2025 09:11:27.463 INFO [main] org.apache.catalina.startup.HostConfig.deployDescriptor Deploying deployment descriptor [E:\Parlimate\Parlimate-Project\conf\Catalina\localhost\Parlimate.xml]
11-Feb-2025 09:11:31.460 INFO [main] org.apache.jasper.servlet.TldScanner.scanJars At least one JAR was scanned for TLDs yet contained no TLDs. Enable debug logging for this logger for a complete list of JARs that were scanned but no TLDs were found in them. Skipping unneeded JARs during scanning can improve startup time and JSP compilation time.
11-Feb-2025 09:11:31.532 INFO [main] org.apache.catalina.startup.HostConfig.deployDescriptor Deployment of deployment descriptor [E:\Parlimate\Parlimate-Project\conf\Catalina\localhost\Parlimate.xml] has finished in [4,068] ms
11-Feb-2025 09:11:31.536 INFO [main] org.apache.coyote.AbstractProtocol.start Starting ProtocolHandler ["http-nio-8080"]
11-Feb-2025 09:11:31.559 INFO [main] org.apache.catalina.startup.Catalina.start Server startup in [4158] milliseconds
11-Feb-2025 09:24:22.707 INFO [Thread-1] org.apache.coyote.AbstractProtocol.pause Pausing ProtocolHandler ["http-nio-8080"]
11-Feb-2025 09:24:22.841 INFO [Thread-1] org.apache.catalina.core.StandardService.stopInternal Stopping service [Catalina]
11-Feb-2025 09:24:23.259 WARNING [Thread-1] org.apache.catalina.loader.WebappClassLoaderBase.clearReferencesJdbc The web application [Parlimate] registered the JDBC driver [org.postgresql.Driver] but failed to unregister it when the web application was stopped. To prevent a memory leak, the JDBC Driver has been forcibly unregistered.
11-Feb-2025 09:24:23.297 INFO [Thread-1] org.apache.coyote.AbstractProtocol.stop Stopping ProtocolHandler ["http-nio-8080"]
11-Feb-2025 09:24:23.400 INFO [Thread-1] org.apache.coyote.AbstractProtocol.destroy Destroying ProtocolHandler ["http-nio-8080"]
11-Feb-2025 09:24:37.950 INFO [main] org.apache.catalina.startup.VersionLoggerListener.log Server version name:   Apache Tomcat/9.0.96
11-Feb-2025 09:24:37.955 INFO [main] org.apache.catalina.startup.VersionLoggerListener.log Server built:          Oct 3 2024 19:44:30 UTC
11-Feb-2025 09:24:37.955 INFO [main] org.apache.catalina.startup.VersionLoggerListener.log Server version number: 9.0.96.0
11-Feb-2025 09:24:37.955 INFO [main] org.apache.catalina.startup.VersionLoggerListener.log OS Name:               Windows 10
11-Feb-2025 09:24:37.955 INFO [main] org.apache.catalina.startup.VersionLoggerListener.log OS Version:            10.0
11-Feb-2025 09:24:37.955 INFO [main] org.apache.catalina.startup.VersionLoggerListener.log Architecture:          amd64
11-Feb-2025 09:24:37.955 INFO [main] org.apache.catalina.startup.VersionLoggerListener.log Java Home:             C:\Users\Himasha\.jdks\openjdk-22.0.2
11-Feb-2025 09:24:37.955 INFO [main] org.apache.catalina.startup.VersionLoggerListener.log JVM Version:           22.0.2+9-70
11-Feb-2025 09:24:37.955 INFO [main] org.apache.catalina.startup.VersionLoggerListener.log JVM Vendor:            Oracle Corporation
11-Feb-2025 09:24:37.955 INFO [main] org.apache.catalina.startup.VersionLoggerListener.log CATALINA_BASE:         E:\Parlimate\Parlimate-Project
11-Feb-2025 09:24:37.956 INFO [main] org.apache.catalina.startup.VersionLoggerListener.log CATALINA_HOME:         C:\Program Files\apache-tomcat-9.0.96-windows-x64\apache-tomcat-9.0.96
11-Feb-2025 09:24:37.962 INFO [main] org.apache.catalina.startup.VersionLoggerListener.log Command line argument: --add-opens=java.base/java.lang=ALL-UNNAMED
11-Feb-2025 09:24:37.962 INFO [main] org.apache.catalina.startup.VersionLoggerListener.log Command line argument: --add-opens=java.base/java.io=ALL-UNNAMED
11-Feb-2025 09:24:37.962 INFO [main] org.apache.catalina.startup.VersionLoggerListener.log Command line argument: --add-opens=java.base/java.util=ALL-UNNAMED
11-Feb-2025 09:24:37.963 INFO [main] org.apache.catalina.startup.VersionLoggerListener.log Command line argument: --add-opens=java.base/java.util.concurrent=ALL-UNNAMED
11-Feb-2025 09:24:37.963 INFO [main] org.apache.catalina.startup.VersionLoggerListener.log Command line argument: --add-opens=java.rmi/sun.rmi.transport=ALL-UNNAMED
11-Feb-2025 09:24:37.963 INFO [main] org.apache.catalina.startup.VersionLoggerListener.log Command line argument: -Dcatalina.home=C:\Program Files\apache-tomcat-9.0.96-windows-x64\apache-tomcat-9.0.96
11-Feb-2025 09:24:37.963 INFO [main] org.apache.catalina.startup.VersionLoggerListener.log Command line argument: -Dcatalina.base=E:\Parlimate\Parlimate-Project
11-Feb-2025 09:24:37.963 INFO [main] org.apache.catalina.startup.VersionLoggerListener.log Command line argument: -Djava.io.tmpdir=E:\Parlimate\Parlimate-Project\temp
11-Feb-2025 09:24:37.963 INFO [main] org.apache.catalina.startup.VersionLoggerListener.log Command line argument: -Djava.util.logging.config.file=E:\Parlimate\Parlimate-Project\conf\logging.properties
11-Feb-2025 09:24:37.963 INFO [main] org.apache.catalina.startup.VersionLoggerListener.log Command line argument: -Djava.util.logging.manager=org.apache.juli.ClassLoaderLogManager
11-Feb-2025 09:24:37.963 INFO [main] org.apache.catalina.startup.VersionLoggerListener.log Command line argument: -javaagent:C:\Program Files\JetBrains\IntelliJ IDEA 2024.2.3\lib\idea_rt.jar=49387:C:\Program Files\JetBrains\IntelliJ IDEA 2024.2.3\bin
11-Feb-2025 09:24:37.963 INFO [main] org.apache.catalina.startup.VersionLoggerListener.log Command line argument: -Dfile.encoding=UTF-8
11-Feb-2025 09:24:37.963 INFO [main] org.apache.catalina.startup.VersionLoggerListener.log Command line argument: -Dsun.stdout.encoding=UTF-8
11-Feb-2025 09:24:37.963 INFO [main] org.apache.catalina.startup.VersionLoggerListener.log Command line argument: -Dsun.stderr.encoding=UTF-8
11-Feb-2025 09:24:37.967 INFO [main] org.apache.catalina.core.AprLifecycleListener.lifecycleEvent Loaded Apache Tomcat Native library [1.3.1] using APR version [1.7.4].
11-Feb-2025 09:24:37.967 INFO [main] org.apache.catalina.core.AprLifecycleListener.lifecycleEvent APR capabilities: IPv6 [true], sendfile [true], accept filters [false], random [true], UDS [true].
11-Feb-2025 09:24:37.967 INFO [main] org.apache.catalina.core.AprLifecycleListener.lifecycleEvent APR/OpenSSL configuration: useAprConnector [false], useOpenSSL [true]
11-Feb-2025 09:24:37.975 INFO [main] org.apache.catalina.core.AprLifecycleListener.initializeSSL OpenSSL successfully initialized [OpenSSL 3.0.14 4 Jun 2024]
11-Feb-2025 09:24:38.394 INFO [main] org.apache.coyote.AbstractProtocol.init Initializing ProtocolHandler ["http-nio-8080"]
11-Feb-2025 09:24:38.418 INFO [main] org.apache.catalina.startup.Catalina.load Server initialization in [737] milliseconds
11-Feb-2025 09:24:38.475 INFO [main] org.apache.catalina.core.StandardService.startInternal Starting service [Catalina]
11-Feb-2025 09:24:38.475 INFO [main] org.apache.catalina.core.StandardEngine.startInternal Starting Servlet engine: [Apache Tomcat/9.0.96]
11-Feb-2025 09:24:38.482 INFO [main] org.apache.catalina.startup.HostConfig.deployDescriptor Deploying deployment descriptor [E:\Parlimate\Parlimate-Project\conf\Catalina\localhost\Parlimate.xml]
11-Feb-2025 09:24:40.703 INFO [main] org.apache.jasper.servlet.TldScanner.scanJars At least one JAR was scanned for TLDs yet contained no TLDs. Enable debug logging for this logger for a complete list of JARs that were scanned but no TLDs were found in them. Skipping unneeded JARs during scanning can improve startup time and JSP compilation time.
11-Feb-2025 09:24:40.779 INFO [main] org.apache.catalina.startup.HostConfig.deployDescriptor Deployment of deployment descriptor [E:\Parlimate\Parlimate-Project\conf\Catalina\localhost\Parlimate.xml] has finished in [2,297] ms
11-Feb-2025 09:24:40.783 INFO [main] org.apache.coyote.AbstractProtocol.start Starting ProtocolHandler ["http-nio-8080"]
11-Feb-2025 09:24:40.808 INFO [main] org.apache.catalina.startup.Catalina.start Server startup in [2388] milliseconds
11-Feb-2025 09:56:14.933 INFO [Thread-1] org.apache.coyote.AbstractProtocol.pause Pausing ProtocolHandler ["http-nio-8080"]
11-Feb-2025 09:56:15.056 INFO [Thread-1] org.apache.catalina.core.StandardService.stopInternal Stopping service [Catalina]
11-Feb-2025 09:56:15.507 WARNING [Thread-1] org.apache.catalina.loader.WebappClassLoaderBase.clearReferencesJdbc The web application [Parlimate] registered the JDBC driver [org.postgresql.Driver] but failed to unregister it when the web application was stopped. To prevent a memory leak, the JDBC Driver has been forcibly unregistered.
11-Feb-2025 09:56:15.692 INFO [Thread-1] org.apache.coyote.AbstractProtocol.stop Stopping ProtocolHandler ["http-nio-8080"]
11-Feb-2025 09:56:15.892 INFO [Thread-1] org.apache.coyote.AbstractProtocol.destroy Destroying ProtocolHandler ["http-nio-8080"]
11-Feb-2025 09:56:34.874 INFO [main] org.apache.catalina.startup.VersionLoggerListener.log Server version name:   Apache Tomcat/9.0.96
11-Feb-2025 09:56:34.877 INFO [main] org.apache.catalina.startup.VersionLoggerListener.log Server built:          Oct 3 2024 19:44:30 UTC
11-Feb-2025 09:56:34.877 INFO [main] org.apache.catalina.startup.VersionLoggerListener.log Server version number: 9.0.96.0
11-Feb-2025 09:56:34.878 INFO [main] org.apache.catalina.startup.VersionLoggerListener.log OS Name:               Windows 10
11-Feb-2025 09:56:34.878 INFO [main] org.apache.catalina.startup.VersionLoggerListener.log OS Version:            10.0
11-Feb-2025 09:56:34.878 INFO [main] org.apache.catalina.startup.VersionLoggerListener.log Architecture:          amd64
11-Feb-2025 09:56:34.878 INFO [main] org.apache.catalina.startup.VersionLoggerListener.log Java Home:             C:\Users\Himasha\.jdks\openjdk-22.0.2
11-Feb-2025 09:56:34.878 INFO [main] org.apache.catalina.startup.VersionLoggerListener.log JVM Version:           22.0.2+9-70
11-Feb-2025 09:56:34.878 INFO [main] org.apache.catalina.startup.VersionLoggerListener.log JVM Vendor:            Oracle Corporation
11-Feb-2025 09:56:34.878 INFO [main] org.apache.catalina.startup.VersionLoggerListener.log CATALINA_BASE:         E:\Parlimate\Parlimate-Project
11-Feb-2025 09:56:34.878 INFO [main] org.apache.catalina.startup.VersionLoggerListener.log CATALINA_HOME:         C:\Program Files\apache-tomcat-9.0.96-windows-x64\apache-tomcat-9.0.96
11-Feb-2025 09:56:34.885 INFO [main] org.apache.catalina.startup.VersionLoggerListener.log Command line argument: --add-opens=java.base/java.lang=ALL-UNNAMED
11-Feb-2025 09:56:34.885 INFO [main] org.apache.catalina.startup.VersionLoggerListener.log Command line argument: --add-opens=java.base/java.io=ALL-UNNAMED
11-Feb-2025 09:56:34.886 INFO [main] org.apache.catalina.startup.VersionLoggerListener.log Command line argument: --add-opens=java.base/java.util=ALL-UNNAMED
11-Feb-2025 09:56:34.886 INFO [main] org.apache.catalina.startup.VersionLoggerListener.log Command line argument: --add-opens=java.base/java.util.concurrent=ALL-UNNAMED
11-Feb-2025 09:56:34.886 INFO [main] org.apache.catalina.startup.VersionLoggerListener.log Command line argument: --add-opens=java.rmi/sun.rmi.transport=ALL-UNNAMED
11-Feb-2025 09:56:34.886 INFO [main] org.apache.catalina.startup.VersionLoggerListener.log Command line argument: -Dcatalina.home=C:\Program Files\apache-tomcat-9.0.96-windows-x64\apache-tomcat-9.0.96
11-Feb-2025 09:56:34.886 INFO [main] org.apache.catalina.startup.VersionLoggerListener.log Command line argument: -Dcatalina.base=E:\Parlimate\Parlimate-Project
11-Feb-2025 09:56:34.886 INFO [main] org.apache.catalina.startup.VersionLoggerListener.log Command line argument: -Djava.io.tmpdir=E:\Parlimate\Parlimate-Project\temp
11-Feb-2025 09:56:34.886 INFO [main] org.apache.catalina.startup.VersionLoggerListener.log Command line argument: -Djava.util.logging.config.file=E:\Parlimate\Parlimate-Project\conf\logging.properties
11-Feb-2025 09:56:34.886 INFO [main] org.apache.catalina.startup.VersionLoggerListener.log Command line argument: -Djava.util.logging.manager=org.apache.juli.ClassLoaderLogManager
11-Feb-2025 09:56:34.886 INFO [main] org.apache.catalina.startup.VersionLoggerListener.log Command line argument: -javaagent:C:\Program Files\JetBrains\IntelliJ IDEA 2024.2.3\lib\idea_rt.jar=51315:C:\Program Files\JetBrains\IntelliJ IDEA 2024.2.3\bin
11-Feb-2025 09:56:34.886 INFO [main] org.apache.catalina.startup.VersionLoggerListener.log Command line argument: -Dfile.encoding=UTF-8
11-Feb-2025 09:56:34.886 INFO [main] org.apache.catalina.startup.VersionLoggerListener.log Command line argument: -Dsun.stdout.encoding=UTF-8
11-Feb-2025 09:56:34.886 INFO [main] org.apache.catalina.startup.VersionLoggerListener.log Command line argument: -Dsun.stderr.encoding=UTF-8
11-Feb-2025 09:56:35.125 INFO [main] org.apache.catalina.core.AprLifecycleListener.lifecycleEvent Loaded Apache Tomcat Native library [1.3.1] using APR version [1.7.4].
11-Feb-2025 09:56:35.125 INFO [main] org.apache.catalina.core.AprLifecycleListener.lifecycleEvent APR capabilities: IPv6 [true], sendfile [true], accept filters [false], random [true], UDS [true].
11-Feb-2025 09:56:35.125 INFO [main] org.apache.catalina.core.AprLifecycleListener.lifecycleEvent APR/OpenSSL configuration: useAprConnector [false], useOpenSSL [true]
11-Feb-2025 09:56:35.149 INFO [main] org.apache.catalina.core.AprLifecycleListener.initializeSSL OpenSSL successfully initialized [OpenSSL 3.0.14 4 Jun 2024]
11-Feb-2025 09:56:35.555 INFO [main] org.apache.coyote.AbstractProtocol.init Initializing ProtocolHandler ["http-nio-8080"]
11-Feb-2025 09:56:35.579 INFO [main] org.apache.catalina.startup.Catalina.load Server initialization in [928] milliseconds
11-Feb-2025 09:56:35.627 INFO [main] org.apache.catalina.core.StandardService.startInternal Starting service [Catalina]
11-Feb-2025 09:56:35.627 INFO [main] org.apache.catalina.core.StandardEngine.startInternal Starting Servlet engine: [Apache Tomcat/9.0.96]
11-Feb-2025 09:56:35.635 INFO [main] org.apache.catalina.startup.HostConfig.deployDescriptor Deploying deployment descriptor [E:\Parlimate\Parlimate-Project\conf\Catalina\localhost\Parlimate.xml]
11-Feb-2025 09:56:39.865 INFO [main] org.apache.jasper.servlet.TldScanner.scanJars At least one JAR was scanned for TLDs yet contained no TLDs. Enable debug logging for this logger for a complete list of JARs that were scanned but no TLDs were found in them. Skipping unneeded JARs during scanning can improve startup time and JSP compilation time.
11-Feb-2025 09:56:39.948 INFO [main] org.apache.catalina.startup.HostConfig.deployDescriptor Deployment of deployment descriptor [E:\Parlimate\Parlimate-Project\conf\Catalina\localhost\Parlimate.xml] has finished in [4,312] ms
11-Feb-2025 09:56:39.952 INFO [main] org.apache.coyote.AbstractProtocol.start Starting ProtocolHandler ["http-nio-8080"]
11-Feb-2025 09:56:39.977 INFO [main] org.apache.catalina.startup.Catalina.start Server startup in [4396] milliseconds
11-Feb-2025 10:08:33.048 INFO [Thread-1] org.apache.coyote.AbstractProtocol.pause Pausing ProtocolHandler ["http-nio-8080"]
11-Feb-2025 10:08:33.066 INFO [Thread-1] org.apache.catalina.core.StandardService.stopInternal Stopping service [Catalina]
11-Feb-2025 10:08:33.181 WARNING [Thread-1] org.apache.catalina.loader.WebappClassLoaderBase.clearReferencesJdbc The web application [Parlimate] registered the JDBC driver [org.postgresql.Driver] but failed to unregister it when the web application was stopped. To prevent a memory leak, the JDBC Driver has been forcibly unregistered.
11-Feb-2025 10:08:33.230 INFO [Thread-1] org.apache.coyote.AbstractProtocol.stop Stopping ProtocolHandler ["http-nio-8080"]
11-Feb-2025 10:08:33.272 INFO [Thread-1] org.apache.coyote.AbstractProtocol.destroy Destroying ProtocolHandler ["http-nio-8080"]
11-Feb-2025 10:08:41.583 INFO [main] org.apache.catalina.startup.VersionLoggerListener.log Server version name:   Apache Tomcat/9.0.96
11-Feb-2025 10:08:41.587 INFO [main] org.apache.catalina.startup.VersionLoggerListener.log Server built:          Oct 3 2024 19:44:30 UTC
11-Feb-2025 10:08:41.587 INFO [main] org.apache.catalina.startup.VersionLoggerListener.log Server version number: 9.0.96.0
11-Feb-2025 10:08:41.587 INFO [main] org.apache.catalina.startup.VersionLoggerListener.log OS Name:               Windows 10
11-Feb-2025 10:08:41.588 INFO [main] org.apache.catalina.startup.VersionLoggerListener.log OS Version:            10.0
11-Feb-2025 10:08:41.588 INFO [main] org.apache.catalina.startup.VersionLoggerListener.log Architecture:          amd64
11-Feb-2025 10:08:41.588 INFO [main] org.apache.catalina.startup.VersionLoggerListener.log Java Home:             C:\Users\Himasha\.jdks\openjdk-22.0.2
11-Feb-2025 10:08:41.588 INFO [main] org.apache.catalina.startup.VersionLoggerListener.log JVM Version:           22.0.2+9-70
11-Feb-2025 10:08:41.588 INFO [main] org.apache.catalina.startup.VersionLoggerListener.log JVM Vendor:            Oracle Corporation
11-Feb-2025 10:08:41.588 INFO [main] org.apache.catalina.startup.VersionLoggerListener.log CATALINA_BASE:         E:\Parlimate\Parlimate-Project
11-Feb-2025 10:08:41.589 INFO [main] org.apache.catalina.startup.VersionLoggerListener.log CATALINA_HOME:         C:\Program Files\apache-tomcat-9.0.96-windows-x64\apache-tomcat-9.0.96
11-Feb-2025 10:08:41.595 INFO [main] org.apache.catalina.startup.VersionLoggerListener.log Command line argument: --add-opens=java.base/java.lang=ALL-UNNAMED
11-Feb-2025 10:08:41.596 INFO [main] org.apache.catalina.startup.VersionLoggerListener.log Command line argument: --add-opens=java.base/java.io=ALL-UNNAMED
11-Feb-2025 10:08:41.596 INFO [main] org.apache.catalina.startup.VersionLoggerListener.log Command line argument: --add-opens=java.base/java.util=ALL-UNNAMED
11-Feb-2025 10:08:41.596 INFO [main] org.apache.catalina.startup.VersionLoggerListener.log Command line argument: --add-opens=java.base/java.util.concurrent=ALL-UNNAMED
11-Feb-2025 10:08:41.596 INFO [main] org.apache.catalina.startup.VersionLoggerListener.log Command line argument: --add-opens=java.rmi/sun.rmi.transport=ALL-UNNAMED
11-Feb-2025 10:08:41.596 INFO [main] org.apache.catalina.startup.VersionLoggerListener.log Command line argument: -Dcatalina.home=C:\Program Files\apache-tomcat-9.0.96-windows-x64\apache-tomcat-9.0.96
11-Feb-2025 10:08:41.596 INFO [main] org.apache.catalina.startup.VersionLoggerListener.log Command line argument: -Dcatalina.base=E:\Parlimate\Parlimate-Project
11-Feb-2025 10:08:41.596 INFO [main] org.apache.catalina.startup.VersionLoggerListener.log Command line argument: -Djava.io.tmpdir=E:\Parlimate\Parlimate-Project\temp
11-Feb-2025 10:08:41.596 INFO [main] org.apache.catalina.startup.VersionLoggerListener.log Command line argument: -Djava.util.logging.config.file=E:\Parlimate\Parlimate-Project\conf\logging.properties
11-Feb-2025 10:08:41.596 INFO [main] org.apache.catalina.startup.VersionLoggerListener.log Command line argument: -Djava.util.logging.manager=org.apache.juli.ClassLoaderLogManager
11-Feb-2025 10:08:41.596 INFO [main] org.apache.catalina.startup.VersionLoggerListener.log Command line argument: -javaagent:C:\Program Files\JetBrains\IntelliJ IDEA 2024.2.3\lib\idea_rt.jar=51874:C:\Program Files\JetBrains\IntelliJ IDEA 2024.2.3\bin
11-Feb-2025 10:08:41.596 INFO [main] org.apache.catalina.startup.VersionLoggerListener.log Command line argument: -Dfile.encoding=UTF-8
11-Feb-2025 10:08:41.596 INFO [main] org.apache.catalina.startup.VersionLoggerListener.log Command line argument: -Dsun.stdout.encoding=UTF-8
11-Feb-2025 10:08:41.597 INFO [main] org.apache.catalina.startup.VersionLoggerListener.log Command line argument: -Dsun.stderr.encoding=UTF-8
11-Feb-2025 10:08:41.602 INFO [main] org.apache.catalina.core.AprLifecycleListener.lifecycleEvent Loaded Apache Tomcat Native library [1.3.1] using APR version [1.7.4].
11-Feb-2025 10:08:41.602 INFO [main] org.apache.catalina.core.AprLifecycleListener.lifecycleEvent APR capabilities: IPv6 [true], sendfile [true], accept filters [false], random [true], UDS [true].
11-Feb-2025 10:08:41.602 INFO [main] org.apache.catalina.core.AprLifecycleListener.lifecycleEvent APR/OpenSSL configuration: useAprConnector [false], useOpenSSL [true]
11-Feb-2025 10:08:41.622 INFO [main] org.apache.catalina.core.AprLifecycleListener.initializeSSL OpenSSL successfully initialized [OpenSSL 3.0.14 4 Jun 2024]
11-Feb-2025 10:08:42.054 INFO [main] org.apache.coyote.AbstractProtocol.init Initializing ProtocolHandler ["http-nio-8080"]
11-Feb-2025 10:08:42.099 INFO [main] org.apache.catalina.startup.Catalina.load Server initialization in [739] milliseconds
11-Feb-2025 10:08:42.169 INFO [main] org.apache.catalina.core.StandardService.startInternal Starting service [Catalina]
11-Feb-2025 10:08:42.169 INFO [main] org.apache.catalina.core.StandardEngine.startInternal Starting Servlet engine: [Apache Tomcat/9.0.96]
11-Feb-2025 10:08:42.183 INFO [main] org.apache.catalina.startup.HostConfig.deployDescriptor Deploying deployment descriptor [E:\Parlimate\Parlimate-Project\conf\Catalina\localhost\Parlimate.xml]
11-Feb-2025 10:08:44.447 INFO [main] org.apache.jasper.servlet.TldScanner.scanJars At least one JAR was scanned for TLDs yet contained no TLDs. Enable debug logging for this logger for a complete list of JARs that were scanned but no TLDs were found in them. Skipping unneeded JARs during scanning can improve startup time and JSP compilation time.
11-Feb-2025 10:08:44.535 INFO [main] org.apache.catalina.startup.HostConfig.deployDescriptor Deployment of deployment descriptor [E:\Parlimate\Parlimate-Project\conf\Catalina\localhost\Parlimate.xml] has finished in [2,351] ms
11-Feb-2025 10:08:44.540 INFO [main] org.apache.coyote.AbstractProtocol.start Starting ProtocolHandler ["http-nio-8080"]
11-Feb-2025 10:08:44.564 INFO [main] org.apache.catalina.startup.Catalina.start Server startup in [2462] milliseconds
11-Feb-2025 10:13:14.209 INFO [Thread-1] org.apache.coyote.AbstractProtocol.pause Pausing ProtocolHandler ["http-nio-8080"]
11-Feb-2025 10:13:14.220 INFO [Thread-1] org.apache.catalina.core.StandardService.stopInternal Stopping service [Catalina]
11-Feb-2025 10:13:14.244 WARNING [Thread-1] org.apache.catalina.loader.WebappClassLoaderBase.clearReferencesJdbc The web application [Parlimate] registered the JDBC driver [org.postgresql.Driver] but failed to unregister it when the web application was stopped. To prevent a memory leak, the JDBC Driver has been forcibly unregistered.
11-Feb-2025 10:13:14.261 INFO [Thread-1] org.apache.coyote.AbstractProtocol.stop Stopping ProtocolHandler ["http-nio-8080"]
11-Feb-2025 10:13:14.290 INFO [Thread-1] org.apache.coyote.AbstractProtocol.destroy Destroying ProtocolHandler ["http-nio-8080"]
11-Feb-2025 10:13:22.931 INFO [main] org.apache.catalina.startup.VersionLoggerListener.log Server version name:   Apache Tomcat/9.0.96
11-Feb-2025 10:13:22.936 INFO [main] org.apache.catalina.startup.VersionLoggerListener.log Server built:          Oct 3 2024 19:44:30 UTC
11-Feb-2025 10:13:22.936 INFO [main] org.apache.catalina.startup.VersionLoggerListener.log Server version number: 9.0.96.0
11-Feb-2025 10:13:22.936 INFO [main] org.apache.catalina.startup.VersionLoggerListener.log OS Name:               Windows 10
11-Feb-2025 10:13:22.936 INFO [main] org.apache.catalina.startup.VersionLoggerListener.log OS Version:            10.0
11-Feb-2025 10:13:22.936 INFO [main] org.apache.catalina.startup.VersionLoggerListener.log Architecture:          amd64
11-Feb-2025 10:13:22.936 INFO [main] org.apache.catalina.startup.VersionLoggerListener.log Java Home:             C:\Users\Himasha\.jdks\openjdk-22.0.2
11-Feb-2025 10:13:22.936 INFO [main] org.apache.catalina.startup.VersionLoggerListener.log JVM Version:           22.0.2+9-70
11-Feb-2025 10:13:22.936 INFO [main] org.apache.catalina.startup.VersionLoggerListener.log JVM Vendor:            Oracle Corporation
11-Feb-2025 10:13:22.937 INFO [main] org.apache.catalina.startup.VersionLoggerListener.log CATALINA_BASE:         E:\Parlimate\Parlimate-Project
11-Feb-2025 10:13:22.937 INFO [main] org.apache.catalina.startup.VersionLoggerListener.log CATALINA_HOME:         C:\Program Files\apache-tomcat-9.0.96-windows-x64\apache-tomcat-9.0.96
11-Feb-2025 10:13:22.945 INFO [main] org.apache.catalina.startup.VersionLoggerListener.log Command line argument: --add-opens=java.base/java.lang=ALL-UNNAMED
11-Feb-2025 10:13:22.945 INFO [main] org.apache.catalina.startup.VersionLoggerListener.log Command line argument: --add-opens=java.base/java.io=ALL-UNNAMED
11-Feb-2025 10:13:22.946 INFO [main] org.apache.catalina.startup.VersionLoggerListener.log Command line argument: --add-opens=java.base/java.util=ALL-UNNAMED
11-Feb-2025 10:13:22.946 INFO [main] org.apache.catalina.startup.VersionLoggerListener.log Command line argument: --add-opens=java.base/java.util.concurrent=ALL-UNNAMED
11-Feb-2025 10:13:22.946 INFO [main] org.apache.catalina.startup.VersionLoggerListener.log Command line argument: --add-opens=java.rmi/sun.rmi.transport=ALL-UNNAMED
11-Feb-2025 10:13:22.946 INFO [main] org.apache.catalina.startup.VersionLoggerListener.log Command line argument: -Dcatalina.home=C:\Program Files\apache-tomcat-9.0.96-windows-x64\apache-tomcat-9.0.96
11-Feb-2025 10:13:22.946 INFO [main] org.apache.catalina.startup.VersionLoggerListener.log Command line argument: -Dcatalina.base=E:\Parlimate\Parlimate-Project
11-Feb-2025 10:13:22.946 INFO [main] org.apache.catalina.startup.VersionLoggerListener.log Command line argument: -Djava.io.tmpdir=E:\Parlimate\Parlimate-Project\temp
11-Feb-2025 10:13:22.946 INFO [main] org.apache.catalina.startup.VersionLoggerListener.log Command line argument: -Djava.util.logging.config.file=E:\Parlimate\Parlimate-Project\conf\logging.properties
11-Feb-2025 10:13:22.946 INFO [main] org.apache.catalina.startup.VersionLoggerListener.log Command line argument: -Djava.util.logging.manager=org.apache.juli.ClassLoaderLogManager
11-Feb-2025 10:13:22.946 INFO [main] org.apache.catalina.startup.VersionLoggerListener.log Command line argument: -javaagent:C:\Program Files\JetBrains\IntelliJ IDEA 2024.2.3\lib\idea_rt.jar=52044:C:\Program Files\JetBrains\IntelliJ IDEA 2024.2.3\bin
11-Feb-2025 10:13:22.947 INFO [main] org.apache.catalina.startup.VersionLoggerListener.log Command line argument: -Dfile.encoding=UTF-8
11-Feb-2025 10:13:22.947 INFO [main] org.apache.catalina.startup.VersionLoggerListener.log Command line argument: -Dsun.stdout.encoding=UTF-8
11-Feb-2025 10:13:22.947 INFO [main] org.apache.catalina.startup.VersionLoggerListener.log Command line argument: -Dsun.stderr.encoding=UTF-8
11-Feb-2025 10:13:22.950 INFO [main] org.apache.catalina.core.AprLifecycleListener.lifecycleEvent Loaded Apache Tomcat Native library [1.3.1] using APR version [1.7.4].
11-Feb-2025 10:13:22.950 INFO [main] org.apache.catalina.core.AprLifecycleListener.lifecycleEvent APR capabilities: IPv6 [true], sendfile [true], accept filters [false], random [true], UDS [true].
11-Feb-2025 10:13:22.950 INFO [main] org.apache.catalina.core.AprLifecycleListener.lifecycleEvent APR/OpenSSL configuration: useAprConnector [false], useOpenSSL [true]
11-Feb-2025 10:13:22.958 INFO [main] org.apache.catalina.core.AprLifecycleListener.initializeSSL OpenSSL successfully initialized [OpenSSL 3.0.14 4 Jun 2024]
11-Feb-2025 10:13:23.355 INFO [main] org.apache.coyote.AbstractProtocol.init Initializing ProtocolHandler ["http-nio-8080"]
11-Feb-2025 10:13:23.375 INFO [main] org.apache.catalina.startup.Catalina.load Server initialization in [698] milliseconds
11-Feb-2025 10:13:23.424 INFO [main] org.apache.catalina.core.StandardService.startInternal Starting service [Catalina]
11-Feb-2025 10:13:23.425 INFO [main] org.apache.catalina.core.StandardEngine.startInternal Starting Servlet engine: [Apache Tomcat/9.0.96]
11-Feb-2025 10:13:23.432 INFO [main] org.apache.catalina.startup.HostConfig.deployDescriptor Deploying deployment descriptor [E:\Parlimate\Parlimate-Project\conf\Catalina\localhost\Parlimate.xml]
11-Feb-2025 10:13:25.256 INFO [main] org.apache.jasper.servlet.TldScanner.scanJars At least one JAR was scanned for TLDs yet contained no TLDs. Enable debug logging for this logger for a complete list of JARs that were scanned but no TLDs were found in them. Skipping unneeded JARs during scanning can improve startup time and JSP compilation time.
11-Feb-2025 10:13:25.334 INFO [main] org.apache.catalina.startup.HostConfig.deployDescriptor Deployment of deployment descriptor [E:\Parlimate\Parlimate-Project\conf\Catalina\localhost\Parlimate.xml] has finished in [1,902] ms
11-Feb-2025 10:13:25.337 INFO [main] org.apache.coyote.AbstractProtocol.start Starting ProtocolHandler ["http-nio-8080"]
11-Feb-2025 10:13:25.359 INFO [main] org.apache.catalina.startup.Catalina.start Server startup in [1983] milliseconds
11-Feb-2025 10:21:09.569 INFO [Thread-1] org.apache.coyote.AbstractProtocol.pause Pausing ProtocolHandler ["http-nio-8080"]
11-Feb-2025 10:21:09.580 INFO [Thread-1] org.apache.catalina.core.StandardService.stopInternal Stopping service [Catalina]
11-Feb-2025 10:21:09.602 WARNING [Thread-1] org.apache.catalina.loader.WebappClassLoaderBase.clearReferencesJdbc The web application [Parlimate] registered the JDBC driver [org.postgresql.Driver] but failed to unregister it when the web application was stopped. To prevent a memory leak, the JDBC Driver has been forcibly unregistered.
11-Feb-2025 10:21:09.613 INFO [Thread-1] org.apache.coyote.AbstractProtocol.stop Stopping ProtocolHandler ["http-nio-8080"]
11-Feb-2025 10:21:09.621 INFO [Thread-1] org.apache.coyote.AbstractProtocol.destroy Destroying ProtocolHandler ["http-nio-8080"]
11-Feb-2025 10:21:23.798 INFO [main] org.apache.catalina.startup.VersionLoggerListener.log Server version name:   Apache Tomcat/9.0.96
11-Feb-2025 10:21:23.802 INFO [main] org.apache.catalina.startup.VersionLoggerListener.log Server built:          Oct 3 2024 19:44:30 UTC
11-Feb-2025 10:21:23.802 INFO [main] org.apache.catalina.startup.VersionLoggerListener.log Server version number: 9.0.96.0
11-Feb-2025 10:21:23.802 INFO [main] org.apache.catalina.startup.VersionLoggerListener.log OS Name:               Windows 10
11-Feb-2025 10:21:23.802 INFO [main] org.apache.catalina.startup.VersionLoggerListener.log OS Version:            10.0
11-Feb-2025 10:21:23.803 INFO [main] org.apache.catalina.startup.VersionLoggerListener.log Architecture:          amd64
11-Feb-2025 10:21:23.803 INFO [main] org.apache.catalina.startup.VersionLoggerListener.log Java Home:             C:\Users\Himasha\.jdks\openjdk-22.0.2
11-Feb-2025 10:21:23.803 INFO [main] org.apache.catalina.startup.VersionLoggerListener.log JVM Version:           22.0.2+9-70
11-Feb-2025 10:21:23.803 INFO [main] org.apache.catalina.startup.VersionLoggerListener.log JVM Vendor:            Oracle Corporation
11-Feb-2025 10:21:23.803 INFO [main] org.apache.catalina.startup.VersionLoggerListener.log CATALINA_BASE:         E:\Parlimate\Parlimate-Project
11-Feb-2025 10:21:23.803 INFO [main] org.apache.catalina.startup.VersionLoggerListener.log CATALINA_HOME:         C:\Program Files\apache-tomcat-9.0.96-windows-x64\apache-tomcat-9.0.96
11-Feb-2025 10:21:23.810 INFO [main] org.apache.catalina.startup.VersionLoggerListener.log Command line argument: --add-opens=java.base/java.lang=ALL-UNNAMED
11-Feb-2025 10:21:23.810 INFO [main] org.apache.catalina.startup.VersionLoggerListener.log Command line argument: --add-opens=java.base/java.io=ALL-UNNAMED
11-Feb-2025 10:21:23.811 INFO [main] org.apache.catalina.startup.VersionLoggerListener.log Command line argument: --add-opens=java.base/java.util=ALL-UNNAMED
11-Feb-2025 10:21:23.811 INFO [main] org.apache.catalina.startup.VersionLoggerListener.log Command line argument: --add-opens=java.base/java.util.concurrent=ALL-UNNAMED
11-Feb-2025 10:21:23.811 INFO [main] org.apache.catalina.startup.VersionLoggerListener.log Command line argument: --add-opens=java.rmi/sun.rmi.transport=ALL-UNNAMED
11-Feb-2025 10:21:23.811 INFO [main] org.apache.catalina.startup.VersionLoggerListener.log Command line argument: -Dcatalina.home=C:\Program Files\apache-tomcat-9.0.96-windows-x64\apache-tomcat-9.0.96
11-Feb-2025 10:21:23.811 INFO [main] org.apache.catalina.startup.VersionLoggerListener.log Command line argument: -Dcatalina.base=E:\Parlimate\Parlimate-Project
11-Feb-2025 10:21:23.811 INFO [main] org.apache.catalina.startup.VersionLoggerListener.log Command line argument: -Djava.io.tmpdir=E:\Parlimate\Parlimate-Project\temp
11-Feb-2025 10:21:23.811 INFO [main] org.apache.catalina.startup.VersionLoggerListener.log Command line argument: -Djava.util.logging.config.file=E:\Parlimate\Parlimate-Project\conf\logging.properties
11-Feb-2025 10:21:23.811 INFO [main] org.apache.catalina.startup.VersionLoggerListener.log Command line argument: -Djava.util.logging.manager=org.apache.juli.ClassLoaderLogManager
11-Feb-2025 10:21:23.811 INFO [main] org.apache.catalina.startup.VersionLoggerListener.log Command line argument: -javaagent:C:\Program Files\JetBrains\IntelliJ IDEA 2024.2.3\lib\idea_rt.jar=63588:C:\Program Files\JetBrains\IntelliJ IDEA 2024.2.3\bin
11-Feb-2025 10:21:23.811 INFO [main] org.apache.catalina.startup.VersionLoggerListener.log Command line argument: -Dfile.encoding=UTF-8
11-Feb-2025 10:21:23.811 INFO [main] org.apache.catalina.startup.VersionLoggerListener.log Command line argument: -Dsun.stdout.encoding=UTF-8
11-Feb-2025 10:21:23.812 INFO [main] org.apache.catalina.startup.VersionLoggerListener.log Command line argument: -Dsun.stderr.encoding=UTF-8
11-Feb-2025 10:21:24.379 INFO [main] org.apache.catalina.core.AprLifecycleListener.lifecycleEvent Loaded Apache Tomcat Native library [1.3.1] using APR version [1.7.4].
11-Feb-2025 10:21:24.380 INFO [main] org.apache.catalina.core.AprLifecycleListener.lifecycleEvent APR capabilities: IPv6 [true], sendfile [true], accept filters [false], random [true], UDS [true].
11-Feb-2025 10:21:24.380 INFO [main] org.apache.catalina.core.AprLifecycleListener.lifecycleEvent APR/OpenSSL configuration: useAprConnector [false], useOpenSSL [true]
11-Feb-2025 10:21:24.423 INFO [main] org.apache.catalina.core.AprLifecycleListener.initializeSSL OpenSSL successfully initialized [OpenSSL 3.0.14 4 Jun 2024]
11-Feb-2025 10:21:24.930 INFO [main] org.apache.coyote.AbstractProtocol.init Initializing ProtocolHandler ["http-nio-8080"]
11-Feb-2025 10:21:24.949 INFO [main] org.apache.catalina.startup.Catalina.load Server initialization in [1419] milliseconds
11-Feb-2025 10:21:24.994 INFO [main] org.apache.catalina.core.StandardService.startInternal Starting service [Catalina]
11-Feb-2025 10:21:24.994 INFO [main] org.apache.catalina.core.StandardEngine.startInternal Starting Servlet engine: [Apache Tomcat/9.0.96]
11-Feb-2025 10:21:25.001 INFO [main] org.apache.catalina.startup.HostConfig.deployDescriptor Deploying deployment descriptor [E:\Parlimate\Parlimate-Project\conf\Catalina\localhost\Parlimate.xml]
11-Feb-2025 10:21:27.683 INFO [main] org.apache.jasper.servlet.TldScanner.scanJars At least one JAR was scanned for TLDs yet contained no TLDs. Enable debug logging for this logger for a complete list of JARs that were scanned but no TLDs were found in them. Skipping unneeded JARs during scanning can improve startup time and JSP compilation time.
11-Feb-2025 10:21:27.750 INFO [main] org.apache.catalina.startup.HostConfig.deployDescriptor Deployment of deployment descriptor [E:\Parlimate\Parlimate-Project\conf\Catalina\localhost\Parlimate.xml] has finished in [2,748] ms
11-Feb-2025 10:21:27.754 INFO [main] org.apache.coyote.AbstractProtocol.start Starting ProtocolHandler ["http-nio-8080"]
11-Feb-2025 10:21:27.774 INFO [main] org.apache.catalina.startup.Catalina.start Server startup in [2823] milliseconds
11-Feb-2025 10:24:46.884 INFO [Thread-1] org.apache.coyote.AbstractProtocol.pause Pausing ProtocolHandler ["http-nio-8080"]
11-Feb-2025 10:24:46.889 INFO [Thread-1] org.apache.catalina.core.StandardService.stopInternal Stopping service [Catalina]
11-Feb-2025 10:24:47.035 WARNING [Thread-1] org.apache.catalina.loader.WebappClassLoaderBase.clearReferencesJdbc The web application [Parlimate] registered the JDBC driver [org.postgresql.Driver] but failed to unregister it when the web application was stopped. To prevent a memory leak, the JDBC Driver has been forcibly unregistered.
11-Feb-2025 10:24:47.048 INFO [Thread-1] org.apache.coyote.AbstractProtocol.stop Stopping ProtocolHandler ["http-nio-8080"]
11-Feb-2025 10:24:47.063 INFO [Thread-1] org.apache.coyote.AbstractProtocol.destroy Destroying ProtocolHandler ["http-nio-8080"]
11-Feb-2025 10:24:50.917 INFO [main] org.apache.catalina.startup.VersionLoggerListener.log Server version name:   Apache Tomcat/9.0.96
11-Feb-2025 10:24:50.923 INFO [main] org.apache.catalina.startup.VersionLoggerListener.log Server built:          Oct 3 2024 19:44:30 UTC
11-Feb-2025 10:24:50.923 INFO [main] org.apache.catalina.startup.VersionLoggerListener.log Server version number: 9.0.96.0
11-Feb-2025 10:24:50.923 INFO [main] org.apache.catalina.startup.VersionLoggerListener.log OS Name:               Windows 10
11-Feb-2025 10:24:50.924 INFO [main] org.apache.catalina.startup.VersionLoggerListener.log OS Version:            10.0
11-Feb-2025 10:24:50.924 INFO [main] org.apache.catalina.startup.VersionLoggerListener.log Architecture:          amd64
11-Feb-2025 10:24:50.924 INFO [main] org.apache.catalina.startup.VersionLoggerListener.log Java Home:             C:\Users\Himasha\.jdks\openjdk-22.0.2
11-Feb-2025 10:24:50.924 INFO [main] org.apache.catalina.startup.VersionLoggerListener.log JVM Version:           22.0.2+9-70
11-Feb-2025 10:24:50.924 INFO [main] org.apache.catalina.startup.VersionLoggerListener.log JVM Vendor:            Oracle Corporation
11-Feb-2025 10:24:50.924 INFO [main] org.apache.catalina.startup.VersionLoggerListener.log CATALINA_BASE:         E:\Parlimate\Parlimate-Project
11-Feb-2025 10:24:50.924 INFO [main] org.apache.catalina.startup.VersionLoggerListener.log CATALINA_HOME:         C:\Program Files\apache-tomcat-9.0.96-windows-x64\apache-tomcat-9.0.96
11-Feb-2025 10:24:50.935 INFO [main] org.apache.catalina.startup.VersionLoggerListener.log Command line argument: --add-opens=java.base/java.lang=ALL-UNNAMED
11-Feb-2025 10:24:50.935 INFO [main] org.apache.catalina.startup.VersionLoggerListener.log Command line argument: --add-opens=java.base/java.io=ALL-UNNAMED
11-Feb-2025 10:24:50.936 INFO [main] org.apache.catalina.startup.VersionLoggerListener.log Command line argument: --add-opens=java.base/java.util=ALL-UNNAMED
11-Feb-2025 10:24:50.936 INFO [main] org.apache.catalina.startup.VersionLoggerListener.log Command line argument: --add-opens=java.base/java.util.concurrent=ALL-UNNAMED
11-Feb-2025 10:24:50.936 INFO [main] org.apache.catalina.startup.VersionLoggerListener.log Command line argument: --add-opens=java.rmi/sun.rmi.transport=ALL-UNNAMED
11-Feb-2025 10:24:50.937 INFO [main] org.apache.catalina.startup.VersionLoggerListener.log Command line argument: -Dcatalina.home=C:\Program Files\apache-tomcat-9.0.96-windows-x64\apache-tomcat-9.0.96
11-Feb-2025 10:24:50.937 INFO [main] org.apache.catalina.startup.VersionLoggerListener.log Command line argument: -Dcatalina.base=E:\Parlimate\Parlimate-Project
11-Feb-2025 10:24:50.937 INFO [main] org.apache.catalina.startup.VersionLoggerListener.log Command line argument: -Djava.io.tmpdir=E:\Parlimate\Parlimate-Project\temp
11-Feb-2025 10:24:50.938 INFO [main] org.apache.catalina.startup.VersionLoggerListener.log Command line argument: -Djava.util.logging.config.file=E:\Parlimate\Parlimate-Project\conf\logging.properties
11-Feb-2025 10:24:50.938 INFO [main] org.apache.catalina.startup.VersionLoggerListener.log Command line argument: -Djava.util.logging.manager=org.apache.juli.ClassLoaderLogManager
11-Feb-2025 10:24:50.938 INFO [main] org.apache.catalina.startup.VersionLoggerListener.log Command line argument: -javaagent:C:\Program Files\JetBrains\IntelliJ IDEA 2024.2.3\lib\idea_rt.jar=63668:C:\Program Files\JetBrains\IntelliJ IDEA 2024.2.3\bin
11-Feb-2025 10:24:50.938 INFO [main] org.apache.catalina.startup.VersionLoggerListener.log Command line argument: -Dfile.encoding=UTF-8
11-Feb-2025 10:24:50.938 INFO [main] org.apache.catalina.startup.VersionLoggerListener.log Command line argument: -Dsun.stdout.encoding=UTF-8
11-Feb-2025 10:24:50.938 INFO [main] org.apache.catalina.startup.VersionLoggerListener.log Command line argument: -Dsun.stderr.encoding=UTF-8
11-Feb-2025 10:24:50.943 INFO [main] org.apache.catalina.core.AprLifecycleListener.lifecycleEvent Loaded Apache Tomcat Native library [1.3.1] using APR version [1.7.4].
11-Feb-2025 10:24:50.943 INFO [main] org.apache.catalina.core.AprLifecycleListener.lifecycleEvent APR capabilities: IPv6 [true], sendfile [true], accept filters [false], random [true], UDS [true].
11-Feb-2025 10:24:50.943 INFO [main] org.apache.catalina.core.AprLifecycleListener.lifecycleEvent APR/OpenSSL configuration: useAprConnector [false], useOpenSSL [true]
11-Feb-2025 10:24:50.953 INFO [main] org.apache.catalina.core.AprLifecycleListener.initializeSSL OpenSSL successfully initialized [OpenSSL 3.0.14 4 Jun 2024]
11-Feb-2025 10:24:51.397 INFO [main] org.apache.coyote.AbstractProtocol.init Initializing ProtocolHandler ["http-nio-8080"]
11-Feb-2025 10:24:51.422 INFO [main] org.apache.catalina.startup.Catalina.load Server initialization in [720] milliseconds
11-Feb-2025 10:24:51.476 INFO [main] org.apache.catalina.core.StandardService.startInternal Starting service [Catalina]
11-Feb-2025 10:24:51.477 INFO [main] org.apache.catalina.core.StandardEngine.startInternal Starting Servlet engine: [Apache Tomcat/9.0.96]
11-Feb-2025 10:24:51.483 INFO [main] org.apache.catalina.startup.HostConfig.deployDescriptor Deploying deployment descriptor [E:\Parlimate\Parlimate-Project\conf\Catalina\localhost\Parlimate.xml]
11-Feb-2025 10:24:52.489 INFO [main] org.apache.jasper.servlet.TldScanner.scanJars At least one JAR was scanned for TLDs yet contained no TLDs. Enable debug logging for this logger for a complete list of JARs that were scanned but no TLDs were found in them. Skipping unneeded JARs during scanning can improve startup time and JSP compilation time.
11-Feb-2025 10:24:52.570 INFO [main] org.apache.catalina.startup.HostConfig.deployDescriptor Deployment of deployment descriptor [E:\Parlimate\Parlimate-Project\conf\Catalina\localhost\Parlimate.xml] has finished in [1,086] ms
11-Feb-2025 10:24:52.574 INFO [main] org.apache.coyote.AbstractProtocol.start Starting ProtocolHandler ["http-nio-8080"]
11-Feb-2025 10:24:52.595 INFO [main] org.apache.catalina.startup.Catalina.start Server startup in [1172] milliseconds
11-Feb-2025 10:38:28.616 INFO [Thread-1] org.apache.coyote.AbstractProtocol.pause Pausing ProtocolHandler ["http-nio-8080"]
11-Feb-2025 10:38:28.623 INFO [Thread-1] org.apache.catalina.core.StandardService.stopInternal Stopping service [Catalina]
11-Feb-2025 10:38:28.633 WARNING [Thread-1] org.apache.catalina.loader.WebappClassLoaderBase.clearReferencesJdbc The web application [Parlimate] registered the JDBC driver [org.postgresql.Driver] but failed to unregister it when the web application was stopped. To prevent a memory leak, the JDBC Driver has been forcibly unregistered.
11-Feb-2025 10:38:28.639 INFO [Thread-1] org.apache.coyote.AbstractProtocol.stop Stopping ProtocolHandler ["http-nio-8080"]
11-Feb-2025 10:38:28.663 INFO [Thread-1] org.apache.coyote.AbstractProtocol.destroy Destroying ProtocolHandler ["http-nio-8080"]
11-Feb-2025 10:38:35.585 INFO [main] org.apache.catalina.startup.VersionLoggerListener.log Server version name:   Apache Tomcat/9.0.96
11-Feb-2025 10:38:35.589 INFO [main] org.apache.catalina.startup.VersionLoggerListener.log Server built:          Oct 3 2024 19:44:30 UTC
11-Feb-2025 10:38:35.589 INFO [main] org.apache.catalina.startup.VersionLoggerListener.log Server version number: 9.0.96.0
11-Feb-2025 10:38:35.589 INFO [main] org.apache.catalina.startup.VersionLoggerListener.log OS Name:               Windows 10
11-Feb-2025 10:38:35.589 INFO [main] org.apache.catalina.startup.VersionLoggerListener.log OS Version:            10.0
11-Feb-2025 10:38:35.589 INFO [main] org.apache.catalina.startup.VersionLoggerListener.log Architecture:          amd64
11-Feb-2025 10:38:35.589 INFO [main] org.apache.catalina.startup.VersionLoggerListener.log Java Home:             C:\Users\Himasha\.jdks\openjdk-22.0.2
11-Feb-2025 10:38:35.589 INFO [main] org.apache.catalina.startup.VersionLoggerListener.log JVM Version:           22.0.2+9-70
11-Feb-2025 10:38:35.589 INFO [main] org.apache.catalina.startup.VersionLoggerListener.log JVM Vendor:            Oracle Corporation
11-Feb-2025 10:38:35.589 INFO [main] org.apache.catalina.startup.VersionLoggerListener.log CATALINA_BASE:         E:\Parlimate\Parlimate-Project
11-Feb-2025 10:38:35.590 INFO [main] org.apache.catalina.startup.VersionLoggerListener.log CATALINA_HOME:         C:\Program Files\apache-tomcat-9.0.96-windows-x64\apache-tomcat-9.0.96
11-Feb-2025 10:38:35.597 INFO [main] org.apache.catalina.startup.VersionLoggerListener.log Command line argument: --add-opens=java.base/java.lang=ALL-UNNAMED
11-Feb-2025 10:38:35.597 INFO [main] org.apache.catalina.startup.VersionLoggerListener.log Command line argument: --add-opens=java.base/java.io=ALL-UNNAMED
11-Feb-2025 10:38:35.597 INFO [main] org.apache.catalina.startup.VersionLoggerListener.log Command line argument: --add-opens=java.base/java.util=ALL-UNNAMED
11-Feb-2025 10:38:35.597 INFO [main] org.apache.catalina.startup.VersionLoggerListener.log Command line argument: --add-opens=java.base/java.util.concurrent=ALL-UNNAMED
11-Feb-2025 10:38:35.598 INFO [main] org.apache.catalina.startup.VersionLoggerListener.log Command line argument: --add-opens=java.rmi/sun.rmi.transport=ALL-UNNAMED
11-Feb-2025 10:38:35.598 INFO [main] org.apache.catalina.startup.VersionLoggerListener.log Command line argument: -Dcatalina.home=C:\Program Files\apache-tomcat-9.0.96-windows-x64\apache-tomcat-9.0.96
11-Feb-2025 10:38:35.598 INFO [main] org.apache.catalina.startup.VersionLoggerListener.log Command line argument: -Dcatalina.base=E:\Parlimate\Parlimate-Project
11-Feb-2025 10:38:35.598 INFO [main] org.apache.catalina.startup.VersionLoggerListener.log Command line argument: -Djava.io.tmpdir=E:\Parlimate\Parlimate-Project\temp
11-Feb-2025 10:38:35.598 INFO [main] org.apache.catalina.startup.VersionLoggerListener.log Command line argument: -Djava.util.logging.config.file=E:\Parlimate\Parlimate-Project\conf\logging.properties
11-Feb-2025 10:38:35.598 INFO [main] org.apache.catalina.startup.VersionLoggerListener.log Command line argument: -Djava.util.logging.manager=org.apache.juli.ClassLoaderLogManager
11-Feb-2025 10:38:35.598 INFO [main] org.apache.catalina.startup.VersionLoggerListener.log Command line argument: -javaagent:C:\Program Files\JetBrains\IntelliJ IDEA 2024.2.3\lib\idea_rt.jar=64074:C:\Program Files\JetBrains\IntelliJ IDEA 2024.2.3\bin
11-Feb-2025 10:38:35.598 INFO [main] org.apache.catalina.startup.VersionLoggerListener.log Command line argument: -Dfile.encoding=UTF-8
11-Feb-2025 10:38:35.598 INFO [main] org.apache.catalina.startup.VersionLoggerListener.log Command line argument: -Dsun.stdout.encoding=UTF-8
11-Feb-2025 10:38:35.598 INFO [main] org.apache.catalina.startup.VersionLoggerListener.log Command line argument: -Dsun.stderr.encoding=UTF-8
11-Feb-2025 10:38:35.601 INFO [main] org.apache.catalina.core.AprLifecycleListener.lifecycleEvent Loaded Apache Tomcat Native library [1.3.1] using APR version [1.7.4].
11-Feb-2025 10:38:35.602 INFO [main] org.apache.catalina.core.AprLifecycleListener.lifecycleEvent APR capabilities: IPv6 [true], sendfile [true], accept filters [false], random [true], UDS [true].
11-Feb-2025 10:38:35.603 INFO [main] org.apache.catalina.core.AprLifecycleListener.lifecycleEvent APR/OpenSSL configuration: useAprConnector [false], useOpenSSL [true]
11-Feb-2025 10:38:35.609 INFO [main] org.apache.catalina.core.AprLifecycleListener.initializeSSL OpenSSL successfully initialized [OpenSSL 3.0.14 4 Jun 2024]
11-Feb-2025 10:38:36.005 INFO [main] org.apache.coyote.AbstractProtocol.init Initializing ProtocolHandler ["http-nio-8080"]
11-Feb-2025 10:38:36.030 INFO [main] org.apache.catalina.startup.Catalina.load Server initialization in [619] milliseconds
11-Feb-2025 10:38:36.069 INFO [main] org.apache.catalina.core.StandardService.startInternal Starting service [Catalina]
11-Feb-2025 10:38:36.069 INFO [main] org.apache.catalina.core.StandardEngine.startInternal Starting Servlet engine: [Apache Tomcat/9.0.96]
11-Feb-2025 10:38:36.076 INFO [main] org.apache.catalina.startup.HostConfig.deployDescriptor Deploying deployment descriptor [E:\Parlimate\Parlimate-Project\conf\Catalina\localhost\Parlimate.xml]
11-Feb-2025 10:38:37.079 INFO [main] org.apache.jasper.servlet.TldScanner.scanJars At least one JAR was scanned for TLDs yet contained no TLDs. Enable debug logging for this logger for a complete list of JARs that were scanned but no TLDs were found in them. Skipping unneeded JARs during scanning can improve startup time and JSP compilation time.
11-Feb-2025 10:38:37.157 INFO [main] org.apache.catalina.startup.HostConfig.deployDescriptor Deployment of deployment descriptor [E:\Parlimate\Parlimate-Project\conf\Catalina\localhost\Parlimate.xml] has finished in [1,079] ms
11-Feb-2025 10:38:37.163 INFO [main] org.apache.coyote.AbstractProtocol.start Starting ProtocolHandler ["http-nio-8080"]
11-Feb-2025 10:38:37.189 INFO [main] org.apache.catalina.startup.Catalina.start Server startup in [1157] milliseconds
