17-Apr-2025 08:05:09.078 INFO [http-nio-8080-exec-5] org.apache.catalina.core.ApplicationContext.log Marking servlet [AuthorizePaymentServlet] as unavailable
17-Apr-2025 08:05:09.079 SEVERE [http-nio-8080-exec-5] org.apache.catalina.core.StandardWrapperValve.invoke Allocate exception for servlet [AuthorizePaymentServlet]
	java.lang.ClassNotFoundException: cardreq.AuthorizePaymentServlet
		at org.apache.catalina.loader.WebappClassLoaderBase.loadClass(WebappClassLoaderBase.java:1308)
		at org.apache.catalina.loader.WebappClassLoaderBase.loadClass(WebappClassLoaderBase.java:1120)
		at org.apache.catalina.core.DefaultInstanceManager.loadClass(DefaultInstanceManager.java:488)
		at org.apache.catalina.core.DefaultInstanceManager.loadClassMaybePrivileged(DefaultInstanceManager.java:470)
		at org.apache.catalina.core.DefaultInstanceManager.newInstance(DefaultInstanceManager.java:142)
		at org.apache.catalina.core.StandardWrapper.loadServlet(StandardWrapper.java:898)
		at org.apache.catalina.core.StandardWrapper.allocate(StandardWrapper.java:659)
		at org.apache.catalina.core.StandardWrapperValve.invoke(StandardWrapperValve.java:116)
		at org.apache.catalina.core.StandardContextValve.invoke(StandardContextValve.java:90)
		at org.apache.catalina.authenticator.AuthenticatorBase.invoke(AuthenticatorBase.java:482)
		at org.apache.catalina.core.StandardHostValve.invoke(StandardHostValve.java:130)
		at org.apache.catalina.valves.ErrorReportValve.invoke(ErrorReportValve.java:93)
		at org.apache.catalina.valves.AbstractAccessLogValve.invoke(AbstractAccessLogValve.java:660)
		at org.apache.catalina.core.StandardEngineValve.invoke(StandardEngineValve.java:74)
		at org.apache.catalina.connector.CoyoteAdapter.service(CoyoteAdapter.java:346)
		at org.apache.coyote.http11.Http11Processor.service(Http11Processor.java:383)
		at org.apache.coyote.AbstractProcessorLight.process(AbstractProcessorLight.java:63)
		at org.apache.coyote.AbstractProtocol$ConnectionHandler.process(AbstractProtocol.java:937)
		at org.apache.tomcat.util.net.NioEndpoint$SocketProcessor.doRun(NioEndpoint.java:1791)
		at org.apache.tomcat.util.net.SocketProcessorBase.run(SocketProcessorBase.java:52)
		at org.apache.tomcat.util.threads.ThreadPoolExecutor.runWorker(ThreadPoolExecutor.java:1190)
		at org.apache.tomcat.util.threads.ThreadPoolExecutor$Worker.run(ThreadPoolExecutor.java:659)
		at org.apache.tomcat.util.threads.TaskThread$WrappingRunnable.run(TaskThread.java:63)
		at java.base/java.lang.Thread.run(Thread.java:1570)
17-Apr-2025 08:14:20.029 SEVERE [http-nio-8080-exec-2] org.apache.catalina.core.StandardWrapperValve.invoke Servlet.service() for servlet [jsp] in context with path [/Parlimate] threw exception [An exception occurred processing [/Fundraising/card-payment.jsp] at line [76]

73:     <h1>PayPal Payment</h1>
74:     <!-- Example Form (JSP/HTML) -->
75:     <form action="authorize_payment" method="POST">
76:         <input type="hidden" name="user_id" value="${sessionScope.user.id}">
77:         <input type="text" name="amount" value="100.00" required>
78:         <select name="currency" required>
79:             <option value="USD">USD</option>


Stacktrace:] with root cause
	javax.el.PropertyNotFoundException: Property [id] not found on type [UserPackage.UserModel]
		at javax.el.BeanELResolver$BeanProperties.get(BeanELResolver.java:253)
		at javax.el.BeanELResolver$BeanProperties.access$300(BeanELResolver.java:206)
		at javax.el.BeanELResolver.property(BeanELResolver.java:322)
		at javax.el.BeanELResolver.getValue(BeanELResolver.java:93)
		at org.apache.jasper.el.JasperELResolver.getValue(JasperELResolver.java:125)
		at org.apache.el.parser.AstValue.getValue(AstValue.java:160)
		at org.apache.el.ValueExpressionImpl.getValue(ValueExpressionImpl.java:151)
		at org.apache.jasper.runtime.PageContextImpl.proprietaryEvaluate(PageContextImpl.java:690)
		at org.apache.jsp.Fundraising.card_002dpayment_jsp._jspService(card_002dpayment_jsp.java:192)
		at org.apache.jasper.runtime.HttpJspBase.service(HttpJspBase.java:67)
		at javax.servlet.http.HttpServlet.service(HttpServlet.java:623)
		at org.apache.jasper.servlet.JspServletWrapper.service(JspServletWrapper.java:466)
		at org.apache.jasper.servlet.JspServlet.serviceJspFile(JspServlet.java:376)
		at org.apache.jasper.servlet.JspServlet.service(JspServlet.java:324)
		at javax.servlet.http.HttpServlet.service(HttpServlet.java:623)
		at org.apache.catalina.core.ApplicationFilterChain.internalDoFilter(ApplicationFilterChain.java:199)
		at org.apache.catalina.core.ApplicationFilterChain.doFilter(ApplicationFilterChain.java:144)
		at org.apache.tomcat.websocket.server.WsFilter.doFilter(WsFilter.java:51)
		at org.apache.catalina.core.ApplicationFilterChain.internalDoFilter(ApplicationFilterChain.java:168)
		at org.apache.catalina.core.ApplicationFilterChain.doFilter(ApplicationFilterChain.java:144)
		at UserPackage.UserSessionFilter.doFilter(UserSessionFilter.java:34)
		at org.apache.catalina.core.ApplicationFilterChain.internalDoFilter(ApplicationFilterChain.java:168)
		at org.apache.catalina.core.ApplicationFilterChain.doFilter(ApplicationFilterChain.java:144)
		at UserPackage.UserSessionFilter.doFilter(UserSessionFilter.java:34)
		at org.apache.catalina.core.ApplicationFilterChain.internalDoFilter(ApplicationFilterChain.java:168)
		at org.apache.catalina.core.ApplicationFilterChain.doFilter(ApplicationFilterChain.java:144)
		at org.apache.catalina.core.StandardWrapperValve.invoke(StandardWrapperValve.java:168)
		at org.apache.catalina.core.StandardContextValve.invoke(StandardContextValve.java:90)
		at org.apache.catalina.authenticator.AuthenticatorBase.invoke(AuthenticatorBase.java:482)
		at org.apache.catalina.core.StandardHostValve.invoke(StandardHostValve.java:130)
		at org.apache.catalina.valves.ErrorReportValve.invoke(ErrorReportValve.java:93)
		at org.apache.catalina.valves.AbstractAccessLogValve.invoke(AbstractAccessLogValve.java:660)
		at org.apache.catalina.core.StandardEngineValve.invoke(StandardEngineValve.java:74)
		at org.apache.catalina.connector.CoyoteAdapter.service(CoyoteAdapter.java:346)
		at org.apache.coyote.http11.Http11Processor.service(Http11Processor.java:383)
		at org.apache.coyote.AbstractProcessorLight.process(AbstractProcessorLight.java:63)
		at org.apache.coyote.AbstractProtocol$ConnectionHandler.process(AbstractProtocol.java:937)
		at org.apache.tomcat.util.net.NioEndpoint$SocketProcessor.doRun(NioEndpoint.java:1791)
		at org.apache.tomcat.util.net.SocketProcessorBase.run(SocketProcessorBase.java:52)
		at org.apache.tomcat.util.threads.ThreadPoolExecutor.runWorker(ThreadPoolExecutor.java:1190)
		at org.apache.tomcat.util.threads.ThreadPoolExecutor$Worker.run(ThreadPoolExecutor.java:659)
		at org.apache.tomcat.util.threads.TaskThread$WrappingRunnable.run(TaskThread.java:63)
		at java.base/java.lang.Thread.run(Thread.java:1570)
17-Apr-2025 08:15:48.842 SEVERE [http-nio-8080-exec-10] org.apache.catalina.core.StandardWrapperValve.invoke Servlet.service() for servlet [jsp] in context with path [/Parlimate] threw exception [An exception occurred processing [/Fundraising/card-payment.jsp] at line [76]

73:     <h1>PayPal Payment</h1>
74:     <!-- Example Form (JSP/HTML) -->
75:     <form action="AuthorizePaymentServlet" method="POST">
76:         <input type="hidden" name="user_id" value="${sessionScope.user.id}">
77:         <input type="text" name="amount" value="100.00" required>
78:         <select name="currency" required>
79:             <option value="USD">USD</option>


Stacktrace:] with root cause
	javax.el.PropertyNotFoundException: Property [id] not found on type [UserPackage.UserModel]
		at javax.el.BeanELResolver$BeanProperties.get(BeanELResolver.java:253)
		at javax.el.BeanELResolver$BeanProperties.access$300(BeanELResolver.java:206)
		at javax.el.BeanELResolver.property(BeanELResolver.java:322)
		at javax.el.BeanELResolver.getValue(BeanELResolver.java:93)
		at org.apache.jasper.el.JasperELResolver.getValue(JasperELResolver.java:125)
		at org.apache.el.parser.AstValue.getValue(AstValue.java:160)
		at org.apache.el.ValueExpressionImpl.getValue(ValueExpressionImpl.java:151)
		at org.apache.jasper.runtime.PageContextImpl.proprietaryEvaluate(PageContextImpl.java:690)
		at org.apache.jsp.Fundraising.card_002dpayment_jsp._jspService(card_002dpayment_jsp.java:192)
		at org.apache.jasper.runtime.HttpJspBase.service(HttpJspBase.java:67)
		at javax.servlet.http.HttpServlet.service(HttpServlet.java:623)
		at org.apache.jasper.servlet.JspServletWrapper.service(JspServletWrapper.java:466)
		at org.apache.jasper.servlet.JspServlet.serviceJspFile(JspServlet.java:376)
		at org.apache.jasper.servlet.JspServlet.service(JspServlet.java:324)
		at javax.servlet.http.HttpServlet.service(HttpServlet.java:623)
		at org.apache.catalina.core.ApplicationFilterChain.internalDoFilter(ApplicationFilterChain.java:199)
		at org.apache.catalina.core.ApplicationFilterChain.doFilter(ApplicationFilterChain.java:144)
		at org.apache.tomcat.websocket.server.WsFilter.doFilter(WsFilter.java:51)
		at org.apache.catalina.core.ApplicationFilterChain.internalDoFilter(ApplicationFilterChain.java:168)
		at org.apache.catalina.core.ApplicationFilterChain.doFilter(ApplicationFilterChain.java:144)
		at UserPackage.UserSessionFilter.doFilter(UserSessionFilter.java:34)
		at org.apache.catalina.core.ApplicationFilterChain.internalDoFilter(ApplicationFilterChain.java:168)
		at org.apache.catalina.core.ApplicationFilterChain.doFilter(ApplicationFilterChain.java:144)
		at UserPackage.UserSessionFilter.doFilter(UserSessionFilter.java:34)
		at org.apache.catalina.core.ApplicationFilterChain.internalDoFilter(ApplicationFilterChain.java:168)
		at org.apache.catalina.core.ApplicationFilterChain.doFilter(ApplicationFilterChain.java:144)
		at org.apache.catalina.core.StandardWrapperValve.invoke(StandardWrapperValve.java:168)
		at org.apache.catalina.core.StandardContextValve.invoke(StandardContextValve.java:90)
		at org.apache.catalina.authenticator.AuthenticatorBase.invoke(AuthenticatorBase.java:482)
		at org.apache.catalina.core.StandardHostValve.invoke(StandardHostValve.java:130)
		at org.apache.catalina.valves.ErrorReportValve.invoke(ErrorReportValve.java:93)
		at org.apache.catalina.valves.AbstractAccessLogValve.invoke(AbstractAccessLogValve.java:660)
		at org.apache.catalina.core.StandardEngineValve.invoke(StandardEngineValve.java:74)
		at org.apache.catalina.connector.CoyoteAdapter.service(CoyoteAdapter.java:346)
		at org.apache.coyote.http11.Http11Processor.service(Http11Processor.java:383)
		at org.apache.coyote.AbstractProcessorLight.process(AbstractProcessorLight.java:63)
		at org.apache.coyote.AbstractProtocol$ConnectionHandler.process(AbstractProtocol.java:937)
		at org.apache.tomcat.util.net.NioEndpoint$SocketProcessor.doRun(NioEndpoint.java:1791)
		at org.apache.tomcat.util.net.SocketProcessorBase.run(SocketProcessorBase.java:52)
		at org.apache.tomcat.util.threads.ThreadPoolExecutor.runWorker(ThreadPoolExecutor.java:1190)
		at org.apache.tomcat.util.threads.ThreadPoolExecutor$Worker.run(ThreadPoolExecutor.java:659)
		at org.apache.tomcat.util.threads.TaskThread$WrappingRunnable.run(TaskThread.java:63)
		at java.base/java.lang.Thread.run(Thread.java:1570)
17-Apr-2025 09:06:58.942 SEVERE [http-nio-8080-exec-6] org.apache.catalina.core.StandardWrapperValve.invoke Servlet.service() for servlet [jsp] in context with path [/Parlimate] threw exception [An exception occurred processing [/Fundraising/card-payment.jsp] at line [75]

72: 
73:     <c:if test="${not empty sessionScope.user}">
74:         <form action="${pageContext.request.contextPath}/AuthorizePaymentServlet" method="POST">
75:             <input type="hidden" name="user_id" value="${sessionScope.user.id}">
76: 
77:             <div class="form-group">
78:                 <label for="amount">Amount:</label>


Stacktrace:] with root cause
	javax.el.PropertyNotFoundException: Property [id] not found on type [UserPackage.UserModel]
		at javax.el.BeanELResolver$BeanProperties.get(BeanELResolver.java:253)
		at javax.el.BeanELResolver$BeanProperties.access$300(BeanELResolver.java:206)
		at javax.el.BeanELResolver.property(BeanELResolver.java:322)
		at javax.el.BeanELResolver.getValue(BeanELResolver.java:93)
		at org.apache.jasper.el.JasperELResolver.getValue(JasperELResolver.java:125)
		at org.apache.el.parser.AstValue.getValue(AstValue.java:160)
		at org.apache.el.ValueExpressionImpl.getValue(ValueExpressionImpl.java:151)
		at org.apache.jasper.runtime.PageContextImpl.proprietaryEvaluate(PageContextImpl.java:690)
		at org.apache.jsp.Fundraising.card_002dpayment_jsp._jspx_meth_c_005fif_005f1(card_002dpayment_jsp.java:272)
		at org.apache.jsp.Fundraising.card_002dpayment_jsp._jspService(card_002dpayment_jsp.java:200)
		at org.apache.jasper.runtime.HttpJspBase.service(HttpJspBase.java:67)
		at javax.servlet.http.HttpServlet.service(HttpServlet.java:623)
		at org.apache.jasper.servlet.JspServletWrapper.service(JspServletWrapper.java:466)
		at org.apache.jasper.servlet.JspServlet.serviceJspFile(JspServlet.java:376)
		at org.apache.jasper.servlet.JspServlet.service(JspServlet.java:324)
		at javax.servlet.http.HttpServlet.service(HttpServlet.java:623)
		at org.apache.catalina.core.ApplicationFilterChain.internalDoFilter(ApplicationFilterChain.java:199)
		at org.apache.catalina.core.ApplicationFilterChain.doFilter(ApplicationFilterChain.java:144)
		at org.apache.tomcat.websocket.server.WsFilter.doFilter(WsFilter.java:51)
		at org.apache.catalina.core.ApplicationFilterChain.internalDoFilter(ApplicationFilterChain.java:168)
		at org.apache.catalina.core.ApplicationFilterChain.doFilter(ApplicationFilterChain.java:144)
		at UserPackage.UserSessionFilter.doFilter(UserSessionFilter.java:34)
		at org.apache.catalina.core.ApplicationFilterChain.internalDoFilter(ApplicationFilterChain.java:168)
		at org.apache.catalina.core.ApplicationFilterChain.doFilter(ApplicationFilterChain.java:144)
		at UserPackage.UserSessionFilter.doFilter(UserSessionFilter.java:34)
		at org.apache.catalina.core.ApplicationFilterChain.internalDoFilter(ApplicationFilterChain.java:168)
		at org.apache.catalina.core.ApplicationFilterChain.doFilter(ApplicationFilterChain.java:144)
		at org.apache.catalina.core.StandardWrapperValve.invoke(StandardWrapperValve.java:168)
		at org.apache.catalina.core.StandardContextValve.invoke(StandardContextValve.java:90)
		at org.apache.catalina.authenticator.AuthenticatorBase.invoke(AuthenticatorBase.java:482)
		at org.apache.catalina.core.StandardHostValve.invoke(StandardHostValve.java:130)
		at org.apache.catalina.valves.ErrorReportValve.invoke(ErrorReportValve.java:93)
		at org.apache.catalina.valves.AbstractAccessLogValve.invoke(AbstractAccessLogValve.java:660)
		at org.apache.catalina.core.StandardEngineValve.invoke(StandardEngineValve.java:74)
		at org.apache.catalina.connector.CoyoteAdapter.service(CoyoteAdapter.java:346)
		at org.apache.coyote.http11.Http11Processor.service(Http11Processor.java:383)
		at org.apache.coyote.AbstractProcessorLight.process(AbstractProcessorLight.java:63)
		at org.apache.coyote.AbstractProtocol$ConnectionHandler.process(AbstractProtocol.java:937)
		at org.apache.tomcat.util.net.NioEndpoint$SocketProcessor.doRun(NioEndpoint.java:1791)
		at org.apache.tomcat.util.net.SocketProcessorBase.run(SocketProcessorBase.java:52)
		at org.apache.tomcat.util.threads.ThreadPoolExecutor.runWorker(ThreadPoolExecutor.java:1190)
		at org.apache.tomcat.util.threads.ThreadPoolExecutor$Worker.run(ThreadPoolExecutor.java:659)
		at org.apache.tomcat.util.threads.TaskThread$WrappingRunnable.run(TaskThread.java:63)
		at java.base/java.lang.Thread.run(Thread.java:1570)
17-Apr-2025 09:12:58.245 SEVERE [http-nio-8080-exec-4] org.apache.catalina.core.StandardWrapperValve.invoke Servlet.service() for servlet [jsp] in context with path [/Parlimate] threw exception [An exception occurred processing [/Fundraising/card-payment.jsp] at line [75]

72: <div class="payment-container">
73:     <h1>PayPal Payment</h1>
74:     <form action="${pageContext.request.contextPath}/AuthorizePaymentServlet" method="POST">
75:         <input type="hidden" name="user_id" value="${sessionScope.user.id}">
76:         <table>
77:             <tr>
78:                 <th>amount:</th>


Stacktrace:] with root cause
	javax.el.PropertyNotFoundException: Property [id] not found on type [UserPackage.UserModel]
		at javax.el.BeanELResolver$BeanProperties.get(BeanELResolver.java:253)
		at javax.el.BeanELResolver$BeanProperties.access$300(BeanELResolver.java:206)
		at javax.el.BeanELResolver.property(BeanELResolver.java:322)
		at javax.el.BeanELResolver.getValue(BeanELResolver.java:93)
		at org.apache.jasper.el.JasperELResolver.getValue(JasperELResolver.java:125)
		at org.apache.el.parser.AstValue.getValue(AstValue.java:160)
		at org.apache.el.ValueExpressionImpl.getValue(ValueExpressionImpl.java:151)
		at org.apache.jasper.runtime.PageContextImpl.proprietaryEvaluate(PageContextImpl.java:690)
		at org.apache.jsp.Fundraising.card_002dpayment_jsp._jspService(card_002dpayment_jsp.java:193)
		at org.apache.jasper.runtime.HttpJspBase.service(HttpJspBase.java:67)
		at javax.servlet.http.HttpServlet.service(HttpServlet.java:623)
		at org.apache.jasper.servlet.JspServletWrapper.service(JspServletWrapper.java:466)
		at org.apache.jasper.servlet.JspServlet.serviceJspFile(JspServlet.java:376)
		at org.apache.jasper.servlet.JspServlet.service(JspServlet.java:324)
		at javax.servlet.http.HttpServlet.service(HttpServlet.java:623)
		at org.apache.catalina.core.ApplicationFilterChain.internalDoFilter(ApplicationFilterChain.java:199)
		at org.apache.catalina.core.ApplicationFilterChain.doFilter(ApplicationFilterChain.java:144)
		at org.apache.tomcat.websocket.server.WsFilter.doFilter(WsFilter.java:51)
		at org.apache.catalina.core.ApplicationFilterChain.internalDoFilter(ApplicationFilterChain.java:168)
		at org.apache.catalina.core.ApplicationFilterChain.doFilter(ApplicationFilterChain.java:144)
		at UserPackage.UserSessionFilter.doFilter(UserSessionFilter.java:34)
		at org.apache.catalina.core.ApplicationFilterChain.internalDoFilter(ApplicationFilterChain.java:168)
		at org.apache.catalina.core.ApplicationFilterChain.doFilter(ApplicationFilterChain.java:144)
		at UserPackage.UserSessionFilter.doFilter(UserSessionFilter.java:34)
		at org.apache.catalina.core.ApplicationFilterChain.internalDoFilter(ApplicationFilterChain.java:168)
		at org.apache.catalina.core.ApplicationFilterChain.doFilter(ApplicationFilterChain.java:144)
		at org.apache.catalina.core.StandardWrapperValve.invoke(StandardWrapperValve.java:168)
		at org.apache.catalina.core.StandardContextValve.invoke(StandardContextValve.java:90)
		at org.apache.catalina.authenticator.AuthenticatorBase.invoke(AuthenticatorBase.java:482)
		at org.apache.catalina.core.StandardHostValve.invoke(StandardHostValve.java:130)
		at org.apache.catalina.valves.ErrorReportValve.invoke(ErrorReportValve.java:93)
		at org.apache.catalina.valves.AbstractAccessLogValve.invoke(AbstractAccessLogValve.java:660)
		at org.apache.catalina.core.StandardEngineValve.invoke(StandardEngineValve.java:74)
		at org.apache.catalina.connector.CoyoteAdapter.service(CoyoteAdapter.java:346)
		at org.apache.coyote.http11.Http11Processor.service(Http11Processor.java:383)
		at org.apache.coyote.AbstractProcessorLight.process(AbstractProcessorLight.java:63)
		at org.apache.coyote.AbstractProtocol$ConnectionHandler.process(AbstractProtocol.java:937)
		at org.apache.tomcat.util.net.NioEndpoint$SocketProcessor.doRun(NioEndpoint.java:1791)
		at org.apache.tomcat.util.net.SocketProcessorBase.run(SocketProcessorBase.java:52)
		at org.apache.tomcat.util.threads.ThreadPoolExecutor.runWorker(ThreadPoolExecutor.java:1190)
		at org.apache.tomcat.util.threads.ThreadPoolExecutor$Worker.run(ThreadPoolExecutor.java:659)
		at org.apache.tomcat.util.threads.TaskThread$WrappingRunnable.run(TaskThread.java:63)
		at java.base/java.lang.Thread.run(Thread.java:1570)
17-Apr-2025 09:33:24.119 SEVERE [http-nio-8080-exec-6] org.apache.catalina.core.ApplicationDispatcher.invoke Servlet.service() for servlet [jsp] threw exception
	org.apache.jasper.JasperException: The absolute uri: [http://java.sun.com/jsp/jstl/core] cannot be resolved in either web.xml or the jar files deployed with this application
		at org.apache.jasper.compiler.DefaultErrorHandler.jspError(DefaultErrorHandler.java:39)
		at org.apache.jasper.compiler.ErrorDispatcher.dispatch(ErrorDispatcher.java:301)
		at org.apache.jasper.compiler.ErrorDispatcher.jspError(ErrorDispatcher.java:82)
		at org.apache.jasper.compiler.TagLibraryInfoImpl.generateTldResourcePath(TagLibraryInfoImpl.java:253)
		at org.apache.jasper.compiler.TagLibraryInfoImpl.<init>(TagLibraryInfoImpl.java:124)
		at org.apache.jasper.compiler.Parser.parseTaglibDirective(Parser.java:443)
		at org.apache.jasper.compiler.Parser.parseDirective(Parser.java:501)
		at org.apache.jasper.compiler.Parser.parseElements(Parser.java:1458)
		at org.apache.jasper.compiler.Parser.parse(Parser.java:144)
		at org.apache.jasper.compiler.ParserController.doParse(ParserController.java:264)
		at org.apache.jasper.compiler.ParserController.parse(ParserController.java:109)
		at org.apache.jasper.compiler.Compiler.generateJava(Compiler.java:207)
		at org.apache.jasper.compiler.Compiler.compile(Compiler.java:392)
		at org.apache.jasper.compiler.Compiler.compile(Compiler.java:368)
		at org.apache.jasper.compiler.Compiler.compile(Compiler.java:352)
		at org.apache.jasper.JspCompilationContext.compile(JspCompilationContext.java:603)
		at org.apache.jasper.servlet.JspServletWrapper.service(JspServletWrapper.java:399)
		at org.apache.jasper.servlet.JspServlet.serviceJspFile(JspServlet.java:376)
		at org.apache.jasper.servlet.JspServlet.service(JspServlet.java:324)
		at javax.servlet.http.HttpServlet.service(HttpServlet.java:623)
		at org.apache.catalina.core.ApplicationFilterChain.internalDoFilter(ApplicationFilterChain.java:199)
		at org.apache.catalina.core.ApplicationFilterChain.doFilter(ApplicationFilterChain.java:144)
		at org.apache.tomcat.websocket.server.WsFilter.doFilter(WsFilter.java:51)
		at org.apache.catalina.core.ApplicationFilterChain.internalDoFilter(ApplicationFilterChain.java:168)
		at org.apache.catalina.core.ApplicationFilterChain.doFilter(ApplicationFilterChain.java:144)
		at org.apache.catalina.core.ApplicationDispatcher.invoke(ApplicationDispatcher.java:641)
		at org.apache.catalina.core.ApplicationDispatcher.processRequest(ApplicationDispatcher.java:415)
		at org.apache.catalina.core.ApplicationDispatcher.doForward(ApplicationDispatcher.java:347)
		at org.apache.catalina.core.ApplicationDispatcher.forward(ApplicationDispatcher.java:284)
		at post.GetPostListServlet.doGet(GetPostListServlet.java:29)
		at javax.servlet.http.HttpServlet.service(HttpServlet.java:529)
		at javax.servlet.http.HttpServlet.service(HttpServlet.java:623)
		at org.apache.catalina.core.ApplicationFilterChain.internalDoFilter(ApplicationFilterChain.java:199)
		at org.apache.catalina.core.ApplicationFilterChain.doFilter(ApplicationFilterChain.java:144)
		at org.apache.tomcat.websocket.server.WsFilter.doFilter(WsFilter.java:51)
		at org.apache.catalina.core.ApplicationFilterChain.internalDoFilter(ApplicationFilterChain.java:168)
		at org.apache.catalina.core.ApplicationFilterChain.doFilter(ApplicationFilterChain.java:144)
		at UserPackage.UserSessionFilter.doFilter(UserSessionFilter.java:34)
		at org.apache.catalina.core.ApplicationFilterChain.internalDoFilter(ApplicationFilterChain.java:168)
		at org.apache.catalina.core.ApplicationFilterChain.doFilter(ApplicationFilterChain.java:144)
		at UserPackage.UserSessionFilter.doFilter(UserSessionFilter.java:34)
		at org.apache.catalina.core.ApplicationFilterChain.internalDoFilter(ApplicationFilterChain.java:168)
		at org.apache.catalina.core.ApplicationFilterChain.doFilter(ApplicationFilterChain.java:144)
		at org.apache.catalina.core.StandardWrapperValve.invoke(StandardWrapperValve.java:168)
		at org.apache.catalina.core.StandardContextValve.invoke(StandardContextValve.java:90)
		at org.apache.catalina.authenticator.AuthenticatorBase.invoke(AuthenticatorBase.java:482)
		at org.apache.catalina.core.StandardHostValve.invoke(StandardHostValve.java:130)
		at org.apache.catalina.valves.ErrorReportValve.invoke(ErrorReportValve.java:93)
		at org.apache.catalina.valves.AbstractAccessLogValve.invoke(AbstractAccessLogValve.java:660)
		at org.apache.catalina.core.StandardEngineValve.invoke(StandardEngineValve.java:74)
		at org.apache.catalina.connector.CoyoteAdapter.service(CoyoteAdapter.java:346)
		at org.apache.coyote.http11.Http11Processor.service(Http11Processor.java:383)
		at org.apache.coyote.AbstractProcessorLight.process(AbstractProcessorLight.java:63)
		at org.apache.coyote.AbstractProtocol$ConnectionHandler.process(AbstractProtocol.java:937)
		at org.apache.tomcat.util.net.NioEndpoint$SocketProcessor.doRun(NioEndpoint.java:1791)
		at org.apache.tomcat.util.net.SocketProcessorBase.run(SocketProcessorBase.java:52)
		at org.apache.tomcat.util.threads.ThreadPoolExecutor.runWorker(ThreadPoolExecutor.java:1190)
		at org.apache.tomcat.util.threads.ThreadPoolExecutor$Worker.run(ThreadPoolExecutor.java:659)
		at org.apache.tomcat.util.threads.TaskThread$WrappingRunnable.run(TaskThread.java:63)
		at java.base/java.lang.Thread.run(Thread.java:1570)
17-Apr-2025 12:47:10.214 SEVERE [http-nio-8080-exec-7] org.apache.catalina.core.StandardWrapperValve.invoke Servlet.service() for servlet [jsp] in context with path [/Parlimate] threw exception [An exception occurred processing [/Fundraising/review.jsp] at line [39]

36: <div class="container">
37:     <h2>Review Payment Details</h2>
38: 
39:     <div class="info"><span class="label">Transaction ID:</span> <%= order.getTransactionId() %></div>
40:     <div class="info"><span class="label">Amount:</span> <%= order.getAmount() %> <%= order.getCurrency() %></div>
41:     <div class="info"><span class="label">User ID:</span> <%= order.getUserId() %></div>
42:     <div class="info"><span class="label">Payment ID:</span> <%= order.getPaymentId() %></div>


Stacktrace:] with root cause
	java.lang.NullPointerException: Cannot invoke "cardreq.OrderDetail.getTransactionId()" because "order" is null
		at org.apache.jsp.Fundraising.review_jsp._jspService(review_jsp.java:158)
		at org.apache.jasper.runtime.HttpJspBase.service(HttpJspBase.java:67)
		at javax.servlet.http.HttpServlet.service(HttpServlet.java:623)
		at org.apache.jasper.servlet.JspServletWrapper.service(JspServletWrapper.java:466)
		at org.apache.jasper.servlet.JspServlet.serviceJspFile(JspServlet.java:376)
		at org.apache.jasper.servlet.JspServlet.service(JspServlet.java:324)
		at javax.servlet.http.HttpServlet.service(HttpServlet.java:623)
		at org.apache.catalina.core.ApplicationFilterChain.internalDoFilter(ApplicationFilterChain.java:199)
		at org.apache.catalina.core.ApplicationFilterChain.doFilter(ApplicationFilterChain.java:144)
		at org.apache.tomcat.websocket.server.WsFilter.doFilter(WsFilter.java:51)
		at org.apache.catalina.core.ApplicationFilterChain.internalDoFilter(ApplicationFilterChain.java:168)
		at org.apache.catalina.core.ApplicationFilterChain.doFilter(ApplicationFilterChain.java:144)
		at UserPackage.UserSessionFilter.doFilter(UserSessionFilter.java:34)
		at org.apache.catalina.core.ApplicationFilterChain.internalDoFilter(ApplicationFilterChain.java:168)
		at org.apache.catalina.core.ApplicationFilterChain.doFilter(ApplicationFilterChain.java:144)
		at UserPackage.UserSessionFilter.doFilter(UserSessionFilter.java:34)
		at org.apache.catalina.core.ApplicationFilterChain.internalDoFilter(ApplicationFilterChain.java:168)
		at org.apache.catalina.core.ApplicationFilterChain.doFilter(ApplicationFilterChain.java:144)
		at org.apache.catalina.core.StandardWrapperValve.invoke(StandardWrapperValve.java:168)
		at org.apache.catalina.core.StandardContextValve.invoke(StandardContextValve.java:90)
		at org.apache.catalina.authenticator.AuthenticatorBase.invoke(AuthenticatorBase.java:482)
		at org.apache.catalina.core.StandardHostValve.invoke(StandardHostValve.java:130)
		at org.apache.catalina.valves.ErrorReportValve.invoke(ErrorReportValve.java:93)
		at org.apache.catalina.valves.AbstractAccessLogValve.invoke(AbstractAccessLogValve.java:660)
		at org.apache.catalina.core.StandardEngineValve.invoke(StandardEngineValve.java:74)
		at org.apache.catalina.connector.CoyoteAdapter.service(CoyoteAdapter.java:346)
		at org.apache.coyote.http11.Http11Processor.service(Http11Processor.java:383)
		at org.apache.coyote.AbstractProcessorLight.process(AbstractProcessorLight.java:63)
		at org.apache.coyote.AbstractProtocol$ConnectionHandler.process(AbstractProtocol.java:937)
		at org.apache.tomcat.util.net.NioEndpoint$SocketProcessor.doRun(NioEndpoint.java:1791)
		at org.apache.tomcat.util.net.SocketProcessorBase.run(SocketProcessorBase.java:52)
		at org.apache.tomcat.util.threads.ThreadPoolExecutor.runWorker(ThreadPoolExecutor.java:1190)
		at org.apache.tomcat.util.threads.ThreadPoolExecutor$Worker.run(ThreadPoolExecutor.java:659)
		at org.apache.tomcat.util.threads.TaskThread$WrappingRunnable.run(TaskThread.java:63)
		at java.base/java.lang.Thread.run(Thread.java:1570)
17-Apr-2025 13:13:33.386 SEVERE [http-nio-8080-exec-31] org.apache.catalina.core.ApplicationDispatcher.invoke Servlet.service() for servlet [jsp] threw exception
	java.lang.NullPointerException: Cannot invoke "org.apache.taglibs.standard.tag.common.core.ParamSupport$ParamManager.aggregateParams(String)" because "this.params" is null
		at org.apache.taglibs.standard.tag.common.core.UrlSupport.doEndTag(UrlSupport.java:113)
		at org.apache.jsp.Fundraising.fundraising_jsp._jspx_meth_c_005furl_005f1(fundraising_jsp.java:1088)
		at org.apache.jsp.Fundraising.fundraising_jsp._jspService(fundraising_jsp.java:417)
		at org.apache.jasper.runtime.HttpJspBase.service(HttpJspBase.java:67)
		at javax.servlet.http.HttpServlet.service(HttpServlet.java:623)
		at org.apache.jasper.servlet.JspServletWrapper.service(JspServletWrapper.java:466)
		at org.apache.jasper.servlet.JspServlet.serviceJspFile(JspServlet.java:376)
		at org.apache.jasper.servlet.JspServlet.service(JspServlet.java:324)
		at javax.servlet.http.HttpServlet.service(HttpServlet.java:623)
		at org.apache.catalina.core.ApplicationFilterChain.internalDoFilter(ApplicationFilterChain.java:199)
		at org.apache.catalina.core.ApplicationFilterChain.doFilter(ApplicationFilterChain.java:144)
		at org.apache.tomcat.websocket.server.WsFilter.doFilter(WsFilter.java:51)
		at org.apache.catalina.core.ApplicationFilterChain.internalDoFilter(ApplicationFilterChain.java:168)
		at org.apache.catalina.core.ApplicationFilterChain.doFilter(ApplicationFilterChain.java:144)
		at org.apache.catalina.core.ApplicationDispatcher.invoke(ApplicationDispatcher.java:641)
		at org.apache.catalina.core.ApplicationDispatcher.processRequest(ApplicationDispatcher.java:415)
		at org.apache.catalina.core.ApplicationDispatcher.doForward(ApplicationDispatcher.java:347)
		at org.apache.catalina.core.ApplicationDispatcher.forward(ApplicationDispatcher.java:284)
		at fundreq.GetAllFundraisingApprovelServlet.doGet(GetAllFundraisingApprovelServlet.java:29)
		at javax.servlet.http.HttpServlet.service(HttpServlet.java:529)
		at javax.servlet.http.HttpServlet.service(HttpServlet.java:623)
		at org.apache.catalina.core.ApplicationFilterChain.internalDoFilter(ApplicationFilterChain.java:199)
		at org.apache.catalina.core.ApplicationFilterChain.doFilter(ApplicationFilterChain.java:144)
		at org.apache.tomcat.websocket.server.WsFilter.doFilter(WsFilter.java:51)
		at org.apache.catalina.core.ApplicationFilterChain.internalDoFilter(ApplicationFilterChain.java:168)
		at org.apache.catalina.core.ApplicationFilterChain.doFilter(ApplicationFilterChain.java:144)
		at UserPackage.UserSessionFilter.doFilter(UserSessionFilter.java:34)
		at org.apache.catalina.core.ApplicationFilterChain.internalDoFilter(ApplicationFilterChain.java:168)
		at org.apache.catalina.core.ApplicationFilterChain.doFilter(ApplicationFilterChain.java:144)
		at UserPackage.UserSessionFilter.doFilter(UserSessionFilter.java:34)
		at org.apache.catalina.core.ApplicationFilterChain.internalDoFilter(ApplicationFilterChain.java:168)
		at org.apache.catalina.core.ApplicationFilterChain.doFilter(ApplicationFilterChain.java:144)
		at org.apache.catalina.core.StandardWrapperValve.invoke(StandardWrapperValve.java:168)
		at org.apache.catalina.core.StandardContextValve.invoke(StandardContextValve.java:90)
		at org.apache.catalina.authenticator.AuthenticatorBase.invoke(AuthenticatorBase.java:482)
		at org.apache.catalina.core.StandardHostValve.invoke(StandardHostValve.java:130)
		at org.apache.catalina.valves.ErrorReportValve.invoke(ErrorReportValve.java:93)
		at org.apache.catalina.valves.AbstractAccessLogValve.invoke(AbstractAccessLogValve.java:660)
		at org.apache.catalina.core.StandardEngineValve.invoke(StandardEngineValve.java:74)
		at org.apache.catalina.connector.CoyoteAdapter.service(CoyoteAdapter.java:346)
		at org.apache.coyote.http11.Http11Processor.service(Http11Processor.java:383)
		at org.apache.coyote.AbstractProcessorLight.process(AbstractProcessorLight.java:63)
		at org.apache.coyote.AbstractProtocol$ConnectionHandler.process(AbstractProtocol.java:937)
		at org.apache.tomcat.util.net.NioEndpoint$SocketProcessor.doRun(NioEndpoint.java:1791)
		at org.apache.tomcat.util.net.SocketProcessorBase.run(SocketProcessorBase.java:52)
		at org.apache.tomcat.util.threads.ThreadPoolExecutor.runWorker(ThreadPoolExecutor.java:1190)
		at org.apache.tomcat.util.threads.ThreadPoolExecutor$Worker.run(ThreadPoolExecutor.java:659)
		at org.apache.tomcat.util.threads.TaskThread$WrappingRunnable.run(TaskThread.java:63)
		at java.base/java.lang.Thread.run(Thread.java:1570)
17-Apr-2025 16:21:25.659 SEVERE [http-nio-8080-exec-96] org.apache.catalina.core.StandardWrapperValve.invoke Servlet.service() for servlet [AuthorizePaymentServlet] in context with path [/Parlimate] threw exception [Servlet execution threw an exception] with root cause
	java.lang.StackOverflowError
		at cardreq.OrderDetail.getUserId(OrderDetail.java:57)
		at cardreq.OrderDetail.getUserId(OrderDetail.java:57)
		at cardreq.OrderDetail.getUserId(OrderDetail.java:57)
		at cardreq.OrderDetail.getUserId(OrderDetail.java:57)
		at cardreq.OrderDetail.getUserId(OrderDetail.java:57)
		at cardreq.OrderDetail.getUserId(OrderDetail.java:57)
		at cardreq.OrderDetail.getUserId(OrderDetail.java:57)
		at cardreq.OrderDetail.getUserId(OrderDetail.java:57)
		at cardreq.OrderDetail.getUserId(OrderDetail.java:57)
		at cardreq.OrderDetail.getUserId(OrderDetail.java:57)
		at cardreq.OrderDetail.getUserId(OrderDetail.java:57)
		at cardreq.OrderDetail.getUserId(OrderDetail.java:57)
		at cardreq.OrderDetail.getUserId(OrderDetail.java:57)
		at cardreq.OrderDetail.getUserId(OrderDetail.java:57)
		at cardreq.OrderDetail.getUserId(OrderDetail.java:57)
		at cardreq.OrderDetail.getUserId(OrderDetail.java:57)
		at cardreq.OrderDetail.getUserId(OrderDetail.java:57)
		at cardreq.OrderDetail.getUserId(OrderDetail.java:57)
		at cardreq.OrderDetail.getUserId(OrderDetail.java:57)
		at cardreq.OrderDetail.getUserId(OrderDetail.java:57)
		at cardreq.OrderDetail.getUserId(OrderDetail.java:57)
		at cardreq.OrderDetail.getUserId(OrderDetail.java:57)
		at cardreq.OrderDetail.getUserId(OrderDetail.java:57)
		at cardreq.OrderDetail.getUserId(OrderDetail.java:57)
		at cardreq.OrderDetail.getUserId(OrderDetail.java:57)
		at cardreq.OrderDetail.getUserId(OrderDetail.java:57)
		at cardreq.OrderDetail.getUserId(OrderDetail.java:57)
		at cardreq.OrderDetail.getUserId(OrderDetail.java:57)
		at cardreq.OrderDetail.getUserId(OrderDetail.java:57)
		at cardreq.OrderDetail.getUserId(OrderDetail.java:57)
		at cardreq.OrderDetail.getUserId(OrderDetail.java:57)
		at cardreq.OrderDetail.getUserId(OrderDetail.java:57)
		at cardreq.OrderDetail.getUserId(OrderDetail.java:57)
		at cardreq.OrderDetail.getUserId(OrderDetail.java:57)
		at cardreq.OrderDetail.getUserId(OrderDetail.java:57)
		at cardreq.OrderDetail.getUserId(OrderDetail.java:57)
		at cardreq.OrderDetail.getUserId(OrderDetail.java:57)
		at cardreq.OrderDetail.getUserId(OrderDetail.java:57)
		at cardreq.OrderDetail.getUserId(OrderDetail.java:57)
		at cardreq.OrderDetail.getUserId(OrderDetail.java:57)
		at cardreq.OrderDetail.getUserId(OrderDetail.java:57)
		at cardreq.OrderDetail.getUserId(OrderDetail.java:57)
		at cardreq.OrderDetail.getUserId(OrderDetail.java:57)
		at cardreq.OrderDetail.getUserId(OrderDetail.java:57)
		at cardreq.OrderDetail.getUserId(OrderDetail.java:57)
		at cardreq.OrderDetail.getUserId(OrderDetail.java:57)
		at cardreq.OrderDetail.getUserId(OrderDetail.java:57)
		at cardreq.OrderDetail.getUserId(OrderDetail.java:57)
		at cardreq.OrderDetail.getUserId(OrderDetail.java:57)
		at cardreq.OrderDetail.getUserId(OrderDetail.java:57)
		at cardreq.OrderDetail.getUserId(OrderDetail.java:57)
		at cardreq.OrderDetail.getUserId(OrderDetail.java:57)
		at cardreq.OrderDetail.getUserId(OrderDetail.java:57)
		at cardreq.OrderDetail.getUserId(OrderDetail.java:57)
		at cardreq.OrderDetail.getUserId(OrderDetail.java:57)
		at cardreq.OrderDetail.getUserId(OrderDetail.java:57)
		at cardreq.OrderDetail.getUserId(OrderDetail.java:57)
		at cardreq.OrderDetail.getUserId(OrderDetail.java:57)
		at cardreq.OrderDetail.getUserId(OrderDetail.java:57)
		at cardreq.OrderDetail.getUserId(OrderDetail.java:57)
		at cardreq.OrderDetail.getUserId(OrderDetail.java:57)
		at cardreq.OrderDetail.getUserId(OrderDetail.java:57)
		at cardreq.OrderDetail.getUserId(OrderDetail.java:57)
		at cardreq.OrderDetail.getUserId(OrderDetail.java:57)
		at cardreq.OrderDetail.getUserId(OrderDetail.java:57)
		at cardreq.OrderDetail.getUserId(OrderDetail.java:57)
		at cardreq.OrderDetail.getUserId(OrderDetail.java:57)
		at cardreq.OrderDetail.getUserId(OrderDetail.java:57)
		at cardreq.OrderDetail.getUserId(OrderDetail.java:57)
		at cardreq.OrderDetail.getUserId(OrderDetail.java:57)
		at cardreq.OrderDetail.getUserId(OrderDetail.java:57)
		at cardreq.OrderDetail.getUserId(OrderDetail.java:57)
		at cardreq.OrderDetail.getUserId(OrderDetail.java:57)
		at cardreq.OrderDetail.getUserId(OrderDetail.java:57)
		at cardreq.OrderDetail.getUserId(OrderDetail.java:57)
		at cardreq.OrderDetail.getUserId(OrderDetail.java:57)
		at cardreq.OrderDetail.getUserId(OrderDetail.java:57)
		at cardreq.OrderDetail.getUserId(OrderDetail.java:57)
		at cardreq.OrderDetail.getUserId(OrderDetail.java:57)
		at cardreq.OrderDetail.getUserId(OrderDetail.java:57)
		at cardreq.OrderDetail.getUserId(OrderDetail.java:57)
		at cardreq.OrderDetail.getUserId(OrderDetail.java:57)
		at cardreq.OrderDetail.getUserId(OrderDetail.java:57)
		at cardreq.OrderDetail.getUserId(OrderDetail.java:57)
		at cardreq.OrderDetail.getUserId(OrderDetail.java:57)
		at cardreq.OrderDetail.getUserId(OrderDetail.java:57)
		at cardreq.OrderDetail.getUserId(OrderDetail.java:57)
		at cardreq.OrderDetail.getUserId(OrderDetail.java:57)
		at cardreq.OrderDetail.getUserId(OrderDetail.java:57)
		at cardreq.OrderDetail.getUserId(OrderDetail.java:57)
		at cardreq.OrderDetail.getUserId(OrderDetail.java:57)
		at cardreq.OrderDetail.getUserId(OrderDetail.java:57)
		at cardreq.OrderDetail.getUserId(OrderDetail.java:57)
		at cardreq.OrderDetail.getUserId(OrderDetail.java:57)
		at cardreq.OrderDetail.getUserId(OrderDetail.java:57)
		at cardreq.OrderDetail.getUserId(OrderDetail.java:57)
		at cardreq.OrderDetail.getUserId(OrderDetail.java:57)
		at cardreq.OrderDetail.getUserId(OrderDetail.java:57)
		at cardreq.OrderDetail.getUserId(OrderDetail.java:57)
		at cardreq.OrderDetail.getUserId(OrderDetail.java:57)
		at cardreq.OrderDetail.getUserId(OrderDetail.java:57)
		at cardreq.OrderDetail.getUserId(OrderDetail.java:57)
		at cardreq.OrderDetail.getUserId(OrderDetail.java:57)
		at cardreq.OrderDetail.getUserId(OrderDetail.java:57)
		at cardreq.OrderDetail.getUserId(OrderDetail.java:57)
		at cardreq.OrderDetail.getUserId(OrderDetail.java:57)
		at cardreq.OrderDetail.getUserId(OrderDetail.java:57)
		at cardreq.OrderDetail.getUserId(OrderDetail.java:57)
		at cardreq.OrderDetail.getUserId(OrderDetail.java:57)
		at cardreq.OrderDetail.getUserId(OrderDetail.java:57)
		at cardreq.OrderDetail.getUserId(OrderDetail.java:57)
		at cardreq.OrderDetail.getUserId(OrderDetail.java:57)
		at cardreq.OrderDetail.getUserId(OrderDetail.java:57)
		at cardreq.OrderDetail.getUserId(OrderDetail.java:57)
		at cardreq.OrderDetail.getUserId(OrderDetail.java:57)
		at cardreq.OrderDetail.getUserId(OrderDetail.java:57)
		at cardreq.OrderDetail.getUserId(OrderDetail.java:57)
		at cardreq.OrderDetail.getUserId(OrderDetail.java:57)
		at cardreq.OrderDetail.getUserId(OrderDetail.java:57)
		at cardreq.OrderDetail.getUserId(OrderDetail.java:57)
		at cardreq.OrderDetail.getUserId(OrderDetail.java:57)
		at cardreq.OrderDetail.getUserId(OrderDetail.java:57)
		at cardreq.OrderDetail.getUserId(OrderDetail.java:57)
		at cardreq.OrderDetail.getUserId(OrderDetail.java:57)
		at cardreq.OrderDetail.getUserId(OrderDetail.java:57)
		at cardreq.OrderDetail.getUserId(OrderDetail.java:57)
		at cardreq.OrderDetail.getUserId(OrderDetail.java:57)
		at cardreq.OrderDetail.getUserId(OrderDetail.java:57)
		at cardreq.OrderDetail.getUserId(OrderDetail.java:57)
		at cardreq.OrderDetail.getUserId(OrderDetail.java:57)
		at cardreq.OrderDetail.getUserId(OrderDetail.java:57)
		at cardreq.OrderDetail.getUserId(OrderDetail.java:57)
		at cardreq.OrderDetail.getUserId(OrderDetail.java:57)
		at cardreq.OrderDetail.getUserId(OrderDetail.java:57)
		at cardreq.OrderDetail.getUserId(OrderDetail.java:57)
		at cardreq.OrderDetail.getUserId(OrderDetail.java:57)
		at cardreq.OrderDetail.getUserId(OrderDetail.java:57)
		at cardreq.OrderDetail.getUserId(OrderDetail.java:57)
		at cardreq.OrderDetail.getUserId(OrderDetail.java:57)
		at cardreq.OrderDetail.getUserId(OrderDetail.java:57)
		at cardreq.OrderDetail.getUserId(OrderDetail.java:57)
		at cardreq.OrderDetail.getUserId(OrderDetail.java:57)
		at cardreq.OrderDetail.getUserId(OrderDetail.java:57)
		at cardreq.OrderDetail.getUserId(OrderDetail.java:57)
		at cardreq.OrderDetail.getUserId(OrderDetail.java:57)
		at cardreq.OrderDetail.getUserId(OrderDetail.java:57)
		at cardreq.OrderDetail.getUserId(OrderDetail.java:57)
		at cardreq.OrderDetail.getUserId(OrderDetail.java:57)
		at cardreq.OrderDetail.getUserId(OrderDetail.java:57)
		at cardreq.OrderDetail.getUserId(OrderDetail.java:57)
		at cardreq.OrderDetail.getUserId(OrderDetail.java:57)
		at cardreq.OrderDetail.getUserId(OrderDetail.java:57)
		at cardreq.OrderDetail.getUserId(OrderDetail.java:57)
		at cardreq.OrderDetail.getUserId(OrderDetail.java:57)
		at cardreq.OrderDetail.getUserId(OrderDetail.java:57)
		at cardreq.OrderDetail.getUserId(OrderDetail.java:57)
		at cardreq.OrderDetail.getUserId(OrderDetail.java:57)
		at cardreq.OrderDetail.getUserId(OrderDetail.java:57)
		at cardreq.OrderDetail.getUserId(OrderDetail.java:57)
		at cardreq.OrderDetail.getUserId(OrderDetail.java:57)
		at cardreq.OrderDetail.getUserId(OrderDetail.java:57)
		at cardreq.OrderDetail.getUserId(OrderDetail.java:57)
		at cardreq.OrderDetail.getUserId(OrderDetail.java:57)
		at cardreq.OrderDetail.getUserId(OrderDetail.java:57)
		at cardreq.OrderDetail.getUserId(OrderDetail.java:57)
		at cardreq.OrderDetail.getUserId(OrderDetail.java:57)
		at cardreq.OrderDetail.getUserId(OrderDetail.java:57)
		at cardreq.OrderDetail.getUserId(OrderDetail.java:57)
		at cardreq.OrderDetail.getUserId(OrderDetail.java:57)
		at cardreq.OrderDetail.getUserId(OrderDetail.java:57)
		at cardreq.OrderDetail.getUserId(OrderDetail.java:57)
		at cardreq.OrderDetail.getUserId(OrderDetail.java:57)
		at cardreq.OrderDetail.getUserId(OrderDetail.java:57)
		at cardreq.OrderDetail.getUserId(OrderDetail.java:57)
		at cardreq.OrderDetail.getUserId(OrderDetail.java:57)
		at cardreq.OrderDetail.getUserId(OrderDetail.java:57)
		at cardreq.OrderDetail.getUserId(OrderDetail.java:57)
		at cardreq.OrderDetail.getUserId(OrderDetail.java:57)
		at cardreq.OrderDetail.getUserId(OrderDetail.java:57)
		at cardreq.OrderDetail.getUserId(OrderDetail.java:57)
		at cardreq.OrderDetail.getUserId(OrderDetail.java:57)
		at cardreq.OrderDetail.getUserId(OrderDetail.java:57)
		at cardreq.OrderDetail.getUserId(OrderDetail.java:57)
		at cardreq.OrderDetail.getUserId(OrderDetail.java:57)
		at cardreq.OrderDetail.getUserId(OrderDetail.java:57)
		at cardreq.OrderDetail.getUserId(OrderDetail.java:57)
		at cardreq.OrderDetail.getUserId(OrderDetail.java:57)
		at cardreq.OrderDetail.getUserId(OrderDetail.java:57)
		at cardreq.OrderDetail.getUserId(OrderDetail.java:57)
		at cardreq.OrderDetail.getUserId(OrderDetail.java:57)
		at cardreq.OrderDetail.getUserId(OrderDetail.java:57)
		at cardreq.OrderDetail.getUserId(OrderDetail.java:57)
		at cardreq.OrderDetail.getUserId(OrderDetail.java:57)
		at cardreq.OrderDetail.getUserId(OrderDetail.java:57)
		at cardreq.OrderDetail.getUserId(OrderDetail.java:57)
		at cardreq.OrderDetail.getUserId(OrderDetail.java:57)
		at cardreq.OrderDetail.getUserId(OrderDetail.java:57)
		at cardreq.OrderDetail.getUserId(OrderDetail.java:57)
		at cardreq.OrderDetail.getUserId(OrderDetail.java:57)
		at cardreq.OrderDetail.getUserId(OrderDetail.java:57)
		at cardreq.OrderDetail.getUserId(OrderDetail.java:57)
		at cardreq.OrderDetail.getUserId(OrderDetail.java:57)
		at cardreq.OrderDetail.getUserId(OrderDetail.java:57)
		at cardreq.OrderDetail.getUserId(OrderDetail.java:57)
		at cardreq.OrderDetail.getUserId(OrderDetail.java:57)
		at cardreq.OrderDetail.getUserId(OrderDetail.java:57)
		at cardreq.OrderDetail.getUserId(OrderDetail.java:57)
		at cardreq.OrderDetail.getUserId(OrderDetail.java:57)
		at cardreq.OrderDetail.getUserId(OrderDetail.java:57)
		at cardreq.OrderDetail.getUserId(OrderDetail.java:57)
		at cardreq.OrderDetail.getUserId(OrderDetail.java:57)
		at cardreq.OrderDetail.getUserId(OrderDetail.java:57)
		at cardreq.OrderDetail.getUserId(OrderDetail.java:57)
		at cardreq.OrderDetail.getUserId(OrderDetail.java:57)
		at cardreq.OrderDetail.getUserId(OrderDetail.java:57)
		at cardreq.OrderDetail.getUserId(OrderDetail.java:57)
		at cardreq.OrderDetail.getUserId(OrderDetail.java:57)
		at cardreq.OrderDetail.getUserId(OrderDetail.java:57)
		at cardreq.OrderDetail.getUserId(OrderDetail.java:57)
		at cardreq.OrderDetail.getUserId(OrderDetail.java:57)
		at cardreq.OrderDetail.getUserId(OrderDetail.java:57)
		at cardreq.OrderDetail.getUserId(OrderDetail.java:57)
		at cardreq.OrderDetail.getUserId(OrderDetail.java:57)
		at cardreq.OrderDetail.getUserId(OrderDetail.java:57)
		at cardreq.OrderDetail.getUserId(OrderDetail.java:57)
		at cardreq.OrderDetail.getUserId(OrderDetail.java:57)
		at cardreq.OrderDetail.getUserId(OrderDetail.java:57)
		at cardreq.OrderDetail.getUserId(OrderDetail.java:57)
		at cardreq.OrderDetail.getUserId(OrderDetail.java:57)
		at cardreq.OrderDetail.getUserId(OrderDetail.java:57)
		at cardreq.OrderDetail.getUserId(OrderDetail.java:57)
		at cardreq.OrderDetail.getUserId(OrderDetail.java:57)
		at cardreq.OrderDetail.getUserId(OrderDetail.java:57)
		at cardreq.OrderDetail.getUserId(OrderDetail.java:57)
		at cardreq.OrderDetail.getUserId(OrderDetail.java:57)
		at cardreq.OrderDetail.getUserId(OrderDetail.java:57)
		at cardreq.OrderDetail.getUserId(OrderDetail.java:57)
		at cardreq.OrderDetail.getUserId(OrderDetail.java:57)
		at cardreq.OrderDetail.getUserId(OrderDetail.java:57)
		at cardreq.OrderDetail.getUserId(OrderDetail.java:57)
		at cardreq.OrderDetail.getUserId(OrderDetail.java:57)
		at cardreq.OrderDetail.getUserId(OrderDetail.java:57)
		at cardreq.OrderDetail.getUserId(OrderDetail.java:57)
		at cardreq.OrderDetail.getUserId(OrderDetail.java:57)
		at cardreq.OrderDetail.getUserId(OrderDetail.java:57)
		at cardreq.OrderDetail.getUserId(OrderDetail.java:57)
		at cardreq.OrderDetail.getUserId(OrderDetail.java:57)
		at cardreq.OrderDetail.getUserId(OrderDetail.java:57)
		at cardreq.OrderDetail.getUserId(OrderDetail.java:57)
		at cardreq.OrderDetail.getUserId(OrderDetail.java:57)
		at cardreq.OrderDetail.getUserId(OrderDetail.java:57)
		at cardreq.OrderDetail.getUserId(OrderDetail.java:57)
		at cardreq.OrderDetail.getUserId(OrderDetail.java:57)
		at cardreq.OrderDetail.getUserId(OrderDetail.java:57)
		at cardreq.OrderDetail.getUserId(OrderDetail.java:57)
		at cardreq.OrderDetail.getUserId(OrderDetail.java:57)
		at cardreq.OrderDetail.getUserId(OrderDetail.java:57)
		at cardreq.OrderDetail.getUserId(OrderDetail.java:57)
		at cardreq.OrderDetail.getUserId(OrderDetail.java:57)
		at cardreq.OrderDetail.getUserId(OrderDetail.java:57)
		at cardreq.OrderDetail.getUserId(OrderDetail.java:57)
		at cardreq.OrderDetail.getUserId(OrderDetail.java:57)
		at cardreq.OrderDetail.getUserId(OrderDetail.java:57)
		at cardreq.OrderDetail.getUserId(OrderDetail.java:57)
		at cardreq.OrderDetail.getUserId(OrderDetail.java:57)
		at cardreq.OrderDetail.getUserId(OrderDetail.java:57)
		at cardreq.OrderDetail.getUserId(OrderDetail.java:57)
		at cardreq.OrderDetail.getUserId(OrderDetail.java:57)
		at cardreq.OrderDetail.getUserId(OrderDetail.java:57)
		at cardreq.OrderDetail.getUserId(OrderDetail.java:57)
		at cardreq.OrderDetail.getUserId(OrderDetail.java:57)
		at cardreq.OrderDetail.getUserId(OrderDetail.java:57)
		at cardreq.OrderDetail.getUserId(OrderDetail.java:57)
		at cardreq.OrderDetail.getUserId(OrderDetail.java:57)
		at cardreq.OrderDetail.getUserId(OrderDetail.java:57)
		at cardreq.OrderDetail.getUserId(OrderDetail.java:57)
		at cardreq.OrderDetail.getUserId(OrderDetail.java:57)
		at cardreq.OrderDetail.getUserId(OrderDetail.java:57)
		at cardreq.OrderDetail.getUserId(OrderDetail.java:57)
		at cardreq.OrderDetail.getUserId(OrderDetail.java:57)
		at cardreq.OrderDetail.getUserId(OrderDetail.java:57)
		at cardreq.OrderDetail.getUserId(OrderDetail.java:57)
		at cardreq.OrderDetail.getUserId(OrderDetail.java:57)
		at cardreq.OrderDetail.getUserId(OrderDetail.java:57)
		at cardreq.OrderDetail.getUserId(OrderDetail.java:57)
		at cardreq.OrderDetail.getUserId(OrderDetail.java:57)
		at cardreq.OrderDetail.getUserId(OrderDetail.java:57)
		at cardreq.OrderDetail.getUserId(OrderDetail.java:57)
		at cardreq.OrderDetail.getUserId(OrderDetail.java:57)
		at cardreq.OrderDetail.getUserId(OrderDetail.java:57)
		at cardreq.OrderDetail.getUserId(OrderDetail.java:57)
		at cardreq.OrderDetail.getUserId(OrderDetail.java:57)
		at cardreq.OrderDetail.getUserId(OrderDetail.java:57)
		at cardreq.OrderDetail.getUserId(OrderDetail.java:57)
		at cardreq.OrderDetail.getUserId(OrderDetail.java:57)
		at cardreq.OrderDetail.getUserId(OrderDetail.java:57)
		at cardreq.OrderDetail.getUserId(OrderDetail.java:57)
		at cardreq.OrderDetail.getUserId(OrderDetail.java:57)
		at cardreq.OrderDetail.getUserId(OrderDetail.java:57)
		at cardreq.OrderDetail.getUserId(OrderDetail.java:57)
		at cardreq.OrderDetail.getUserId(OrderDetail.java:57)
		at cardreq.OrderDetail.getUserId(OrderDetail.java:57)
		at cardreq.OrderDetail.getUserId(OrderDetail.java:57)
		at cardreq.OrderDetail.getUserId(OrderDetail.java:57)
		at cardreq.OrderDetail.getUserId(OrderDetail.java:57)
		at cardreq.OrderDetail.getUserId(OrderDetail.java:57)
		at cardreq.OrderDetail.getUserId(OrderDetail.java:57)
		at cardreq.OrderDetail.getUserId(OrderDetail.java:57)
		at cardreq.OrderDetail.getUserId(OrderDetail.java:57)
		at cardreq.OrderDetail.getUserId(OrderDetail.java:57)
		at cardreq.OrderDetail.getUserId(OrderDetail.java:57)
		at cardreq.OrderDetail.getUserId(OrderDetail.java:57)
		at cardreq.OrderDetail.getUserId(OrderDetail.java:57)
		at cardreq.OrderDetail.getUserId(OrderDetail.java:57)
		at cardreq.OrderDetail.getUserId(OrderDetail.java:57)
		at cardreq.OrderDetail.getUserId(OrderDetail.java:57)
		at cardreq.OrderDetail.getUserId(OrderDetail.java:57)
		at cardreq.OrderDetail.getUserId(OrderDetail.java:57)
		at cardreq.OrderDetail.getUserId(OrderDetail.java:57)
		at cardreq.OrderDetail.getUserId(OrderDetail.java:57)
		at cardreq.OrderDetail.getUserId(OrderDetail.java:57)
		at cardreq.OrderDetail.getUserId(OrderDetail.java:57)
		at cardreq.OrderDetail.getUserId(OrderDetail.java:57)
		at cardreq.OrderDetail.getUserId(OrderDetail.java:57)
		at cardreq.OrderDetail.getUserId(OrderDetail.java:57)
		at cardreq.OrderDetail.getUserId(OrderDetail.java:57)
		at cardreq.OrderDetail.getUserId(OrderDetail.java:57)
		at cardreq.OrderDetail.getUserId(OrderDetail.java:57)
		at cardreq.OrderDetail.getUserId(OrderDetail.java:57)
		at cardreq.OrderDetail.getUserId(OrderDetail.java:57)
		at cardreq.OrderDetail.getUserId(OrderDetail.java:57)
		at cardreq.OrderDetail.getUserId(OrderDetail.java:57)
		at cardreq.OrderDetail.getUserId(OrderDetail.java:57)
		at cardreq.OrderDetail.getUserId(OrderDetail.java:57)
		at cardreq.OrderDetail.getUserId(OrderDetail.java:57)
		at cardreq.OrderDetail.getUserId(OrderDetail.java:57)
		at cardreq.OrderDetail.getUserId(OrderDetail.java:57)
		at cardreq.OrderDetail.getUserId(OrderDetail.java:57)
		at cardreq.OrderDetail.getUserId(OrderDetail.java:57)
		at cardreq.OrderDetail.getUserId(OrderDetail.java:57)
		at cardreq.OrderDetail.getUserId(OrderDetail.java:57)
		at cardreq.OrderDetail.getUserId(OrderDetail.java:57)
		at cardreq.OrderDetail.getUserId(OrderDetail.java:57)
		at cardreq.OrderDetail.getUserId(OrderDetail.java:57)
		at cardreq.OrderDetail.getUserId(OrderDetail.java:57)
		at cardreq.OrderDetail.getUserId(OrderDetail.java:57)
		at cardreq.OrderDetail.getUserId(OrderDetail.java:57)
		at cardreq.OrderDetail.getUserId(OrderDetail.java:57)
		at cardreq.OrderDetail.getUserId(OrderDetail.java:57)
		at cardreq.OrderDetail.getUserId(OrderDetail.java:57)
		at cardreq.OrderDetail.getUserId(OrderDetail.java:57)
		at cardreq.OrderDetail.getUserId(OrderDetail.java:57)
		at cardreq.OrderDetail.getUserId(OrderDetail.java:57)
		at cardreq.OrderDetail.getUserId(OrderDetail.java:57)
		at cardreq.OrderDetail.getUserId(OrderDetail.java:57)
		at cardreq.OrderDetail.getUserId(OrderDetail.java:57)
		at cardreq.OrderDetail.getUserId(OrderDetail.java:57)
		at cardreq.OrderDetail.getUserId(OrderDetail.java:57)
		at cardreq.OrderDetail.getUserId(OrderDetail.java:57)
		at cardreq.OrderDetail.getUserId(OrderDetail.java:57)
		at cardreq.OrderDetail.getUserId(OrderDetail.java:57)
		at cardreq.OrderDetail.getUserId(OrderDetail.java:57)
		at cardreq.OrderDetail.getUserId(OrderDetail.java:57)
		at cardreq.OrderDetail.getUserId(OrderDetail.java:57)
		at cardreq.OrderDetail.getUserId(OrderDetail.java:57)
		at cardreq.OrderDetail.getUserId(OrderDetail.java:57)
		at cardreq.OrderDetail.getUserId(OrderDetail.java:57)
		at cardreq.OrderDetail.getUserId(OrderDetail.java:57)
		at cardreq.OrderDetail.getUserId(OrderDetail.java:57)
		at cardreq.OrderDetail.getUserId(OrderDetail.java:57)
		at cardreq.OrderDetail.getUserId(OrderDetail.java:57)
		at cardreq.OrderDetail.getUserId(OrderDetail.java:57)
		at cardreq.OrderDetail.getUserId(OrderDetail.java:57)
		at cardreq.OrderDetail.getUserId(OrderDetail.java:57)
		at cardreq.OrderDetail.getUserId(OrderDetail.java:57)
		at cardreq.OrderDetail.getUserId(OrderDetail.java:57)
		at cardreq.OrderDetail.getUserId(OrderDetail.java:57)
		at cardreq.OrderDetail.getUserId(OrderDetail.java:57)
		at cardreq.OrderDetail.getUserId(OrderDetail.java:57)
		at cardreq.OrderDetail.getUserId(OrderDetail.java:57)
		at cardreq.OrderDetail.getUserId(OrderDetail.java:57)
		at cardreq.OrderDetail.getUserId(OrderDetail.java:57)
		at cardreq.OrderDetail.getUserId(OrderDetail.java:57)
		at cardreq.OrderDetail.getUserId(OrderDetail.java:57)
		at cardreq.OrderDetail.getUserId(OrderDetail.java:57)
		at cardreq.OrderDetail.getUserId(OrderDetail.java:57)
		at cardreq.OrderDetail.getUserId(OrderDetail.java:57)
		at cardreq.OrderDetail.getUserId(OrderDetail.java:57)
		at cardreq.OrderDetail.getUserId(OrderDetail.java:57)
		at cardreq.OrderDetail.getUserId(OrderDetail.java:57)
		at cardreq.OrderDetail.getUserId(OrderDetail.java:57)
		at cardreq.OrderDetail.getUserId(OrderDetail.java:57)
		at cardreq.OrderDetail.getUserId(OrderDetail.java:57)
		at cardreq.OrderDetail.getUserId(OrderDetail.java:57)
		at cardreq.OrderDetail.getUserId(OrderDetail.java:57)
		at cardreq.OrderDetail.getUserId(OrderDetail.java:57)
		at cardreq.OrderDetail.getUserId(OrderDetail.java:57)
		at cardreq.OrderDetail.getUserId(OrderDetail.java:57)
		at cardreq.OrderDetail.getUserId(OrderDetail.java:57)
		at cardreq.OrderDetail.getUserId(OrderDetail.java:57)
		at cardreq.OrderDetail.getUserId(OrderDetail.java:57)
		at cardreq.OrderDetail.getUserId(OrderDetail.java:57)
		at cardreq.OrderDetail.getUserId(OrderDetail.java:57)
		at cardreq.OrderDetail.getUserId(OrderDetail.java:57)
		at cardreq.OrderDetail.getUserId(OrderDetail.java:57)
		at cardreq.OrderDetail.getUserId(OrderDetail.java:57)
		at cardreq.OrderDetail.getUserId(OrderDetail.java:57)
		at cardreq.OrderDetail.getUserId(OrderDetail.java:57)
		at cardreq.OrderDetail.getUserId(OrderDetail.java:57)
		at cardreq.OrderDetail.getUserId(OrderDetail.java:57)
		at cardreq.OrderDetail.getUserId(OrderDetail.java:57)
		at cardreq.OrderDetail.getUserId(OrderDetail.java:57)
		at cardreq.OrderDetail.getUserId(OrderDetail.java:57)
		at cardreq.OrderDetail.getUserId(OrderDetail.java:57)
		at cardreq.OrderDetail.getUserId(OrderDetail.java:57)
		at cardreq.OrderDetail.getUserId(OrderDetail.java:57)
		at cardreq.OrderDetail.getUserId(OrderDetail.java:57)
		at cardreq.OrderDetail.getUserId(OrderDetail.java:57)
		at cardreq.OrderDetail.getUserId(OrderDetail.java:57)
		at cardreq.OrderDetail.getUserId(OrderDetail.java:57)
		at cardreq.OrderDetail.getUserId(OrderDetail.java:57)
		at cardreq.OrderDetail.getUserId(OrderDetail.java:57)
		at cardreq.OrderDetail.getUserId(OrderDetail.java:57)
		at cardreq.OrderDetail.getUserId(OrderDetail.java:57)
		at cardreq.OrderDetail.getUserId(OrderDetail.java:57)
		at cardreq.OrderDetail.getUserId(OrderDetail.java:57)
		at cardreq.OrderDetail.getUserId(OrderDetail.java:57)
		at cardreq.OrderDetail.getUserId(OrderDetail.java:57)
		at cardreq.OrderDetail.getUserId(OrderDetail.java:57)
		at cardreq.OrderDetail.getUserId(OrderDetail.java:57)
		at cardreq.OrderDetail.getUserId(OrderDetail.java:57)
		at cardreq.OrderDetail.getUserId(OrderDetail.java:57)
		at cardreq.OrderDetail.getUserId(OrderDetail.java:57)
		at cardreq.OrderDetail.getUserId(OrderDetail.java:57)
		at cardreq.OrderDetail.getUserId(OrderDetail.java:57)
		at cardreq.OrderDetail.getUserId(OrderDetail.java:57)
		at cardreq.OrderDetail.getUserId(OrderDetail.java:57)
		at cardreq.OrderDetail.getUserId(OrderDetail.java:57)
		at cardreq.OrderDetail.getUserId(OrderDetail.java:57)
		at cardreq.OrderDetail.getUserId(OrderDetail.java:57)
		at cardreq.OrderDetail.getUserId(OrderDetail.java:57)
		at cardreq.OrderDetail.getUserId(OrderDetail.java:57)
		at cardreq.OrderDetail.getUserId(OrderDetail.java:57)
		at cardreq.OrderDetail.getUserId(OrderDetail.java:57)
		at cardreq.OrderDetail.getUserId(OrderDetail.java:57)
		at cardreq.OrderDetail.getUserId(OrderDetail.java:57)
		at cardreq.OrderDetail.getUserId(OrderDetail.java:57)
		at cardreq.OrderDetail.getUserId(OrderDetail.java:57)
		at cardreq.OrderDetail.getUserId(OrderDetail.java:57)
		at cardreq.OrderDetail.getUserId(OrderDetail.java:57)
		at cardreq.OrderDetail.getUserId(OrderDetail.java:57)
		at cardreq.OrderDetail.getUserId(OrderDetail.java:57)
		at cardreq.OrderDetail.getUserId(OrderDetail.java:57)
		at cardreq.OrderDetail.getUserId(OrderDetail.java:57)
		at cardreq.OrderDetail.getUserId(OrderDetail.java:57)
		at cardreq.OrderDetail.getUserId(OrderDetail.java:57)
		at cardreq.OrderDetail.getUserId(OrderDetail.java:57)
		at cardreq.OrderDetail.getUserId(OrderDetail.java:57)
		at cardreq.OrderDetail.getUserId(OrderDetail.java:57)
		at cardreq.OrderDetail.getUserId(OrderDetail.java:57)
		at cardreq.OrderDetail.getUserId(OrderDetail.java:57)
		at cardreq.OrderDetail.getUserId(OrderDetail.java:57)
		at cardreq.OrderDetail.getUserId(OrderDetail.java:57)
		at cardreq.OrderDetail.getUserId(OrderDetail.java:57)
		at cardreq.OrderDetail.getUserId(OrderDetail.java:57)
		at cardreq.OrderDetail.getUserId(OrderDetail.java:57)
		at cardreq.OrderDetail.getUserId(OrderDetail.java:57)
		at cardreq.OrderDetail.getUserId(OrderDetail.java:57)
		at cardreq.OrderDetail.getUserId(OrderDetail.java:57)
		at cardreq.OrderDetail.getUserId(OrderDetail.java:57)
		at cardreq.OrderDetail.getUserId(OrderDetail.java:57)
		at cardreq.OrderDetail.getUserId(OrderDetail.java:57)
		at cardreq.OrderDetail.getUserId(OrderDetail.java:57)
		at cardreq.OrderDetail.getUserId(OrderDetail.java:57)
		at cardreq.OrderDetail.getUserId(OrderDetail.java:57)
		at cardreq.OrderDetail.getUserId(OrderDetail.java:57)
		at cardreq.OrderDetail.getUserId(OrderDetail.java:57)
		at cardreq.OrderDetail.getUserId(OrderDetail.java:57)
		at cardreq.OrderDetail.getUserId(OrderDetail.java:57)
		at cardreq.OrderDetail.getUserId(OrderDetail.java:57)
		at cardreq.OrderDetail.getUserId(OrderDetail.java:57)
		at cardreq.OrderDetail.getUserId(OrderDetail.java:57)
		at cardreq.OrderDetail.getUserId(OrderDetail.java:57)
		at cardreq.OrderDetail.getUserId(OrderDetail.java:57)
		at cardreq.OrderDetail.getUserId(OrderDetail.java:57)
		at cardreq.OrderDetail.getUserId(OrderDetail.java:57)
		at cardreq.OrderDetail.getUserId(OrderDetail.java:57)
		at cardreq.OrderDetail.getUserId(OrderDetail.java:57)
		at cardreq.OrderDetail.getUserId(OrderDetail.java:57)
		at cardreq.OrderDetail.getUserId(OrderDetail.java:57)
		at cardreq.OrderDetail.getUserId(OrderDetail.java:57)
		at cardreq.OrderDetail.getUserId(OrderDetail.java:57)
		at cardreq.OrderDetail.getUserId(OrderDetail.java:57)
		at cardreq.OrderDetail.getUserId(OrderDetail.java:57)
		at cardreq.OrderDetail.getUserId(OrderDetail.java:57)
		at cardreq.OrderDetail.getUserId(OrderDetail.java:57)
		at cardreq.OrderDetail.getUserId(OrderDetail.java:57)
		at cardreq.OrderDetail.getUserId(OrderDetail.java:57)
		at cardreq.OrderDetail.getUserId(OrderDetail.java:57)
		at cardreq.OrderDetail.getUserId(OrderDetail.java:57)
		at cardreq.OrderDetail.getUserId(OrderDetail.java:57)
		at cardreq.OrderDetail.getUserId(OrderDetail.java:57)
		at cardreq.OrderDetail.getUserId(OrderDetail.java:57)
		at cardreq.OrderDetail.getUserId(OrderDetail.java:57)
		at cardreq.OrderDetail.getUserId(OrderDetail.java:57)
		at cardreq.OrderDetail.getUserId(OrderDetail.java:57)
		at cardreq.OrderDetail.getUserId(OrderDetail.java:57)
		at cardreq.OrderDetail.getUserId(OrderDetail.java:57)
		at cardreq.OrderDetail.getUserId(OrderDetail.java:57)
		at cardreq.OrderDetail.getUserId(OrderDetail.java:57)
		at cardreq.OrderDetail.getUserId(OrderDetail.java:57)
		at cardreq.OrderDetail.getUserId(OrderDetail.java:57)
		at cardreq.OrderDetail.getUserId(OrderDetail.java:57)
		at cardreq.OrderDetail.getUserId(OrderDetail.java:57)
		at cardreq.OrderDetail.getUserId(OrderDetail.java:57)
		at cardreq.OrderDetail.getUserId(OrderDetail.java:57)
		at cardreq.OrderDetail.getUserId(OrderDetail.java:57)
		at cardreq.OrderDetail.getUserId(OrderDetail.java:57)
		at cardreq.OrderDetail.getUserId(OrderDetail.java:57)
		at cardreq.OrderDetail.getUserId(OrderDetail.java:57)
		at cardreq.OrderDetail.getUserId(OrderDetail.java:57)
		at cardreq.OrderDetail.getUserId(OrderDetail.java:57)
		at cardreq.OrderDetail.getUserId(OrderDetail.java:57)
		at cardreq.OrderDetail.getUserId(OrderDetail.java:57)
		at cardreq.OrderDetail.getUserId(OrderDetail.java:57)
		at cardreq.OrderDetail.getUserId(OrderDetail.java:57)
		at cardreq.OrderDetail.getUserId(OrderDetail.java:57)
		at cardreq.OrderDetail.getUserId(OrderDetail.java:57)
		at cardreq.OrderDetail.getUserId(OrderDetail.java:57)
		at cardreq.OrderDetail.getUserId(OrderDetail.java:57)
		at cardreq.OrderDetail.getUserId(OrderDetail.java:57)
		at cardreq.OrderDetail.getUserId(OrderDetail.java:57)
		at cardreq.OrderDetail.getUserId(OrderDetail.java:57)
		at cardreq.OrderDetail.getUserId(OrderDetail.java:57)
		at cardreq.OrderDetail.getUserId(OrderDetail.java:57)
		at cardreq.OrderDetail.getUserId(OrderDetail.java:57)
		at cardreq.OrderDetail.getUserId(OrderDetail.java:57)
		at cardreq.OrderDetail.getUserId(OrderDetail.java:57)
		at cardreq.OrderDetail.getUserId(OrderDetail.java:57)
		at cardreq.OrderDetail.getUserId(OrderDetail.java:57)
		at cardreq.OrderDetail.getUserId(OrderDetail.java:57)
		at cardreq.OrderDetail.getUserId(OrderDetail.java:57)
		at cardreq.OrderDetail.getUserId(OrderDetail.java:57)
		at cardreq.OrderDetail.getUserId(OrderDetail.java:57)
		at cardreq.OrderDetail.getUserId(OrderDetail.java:57)
		at cardreq.OrderDetail.getUserId(OrderDetail.java:57)
		at cardreq.OrderDetail.getUserId(OrderDetail.java:57)
		at cardreq.OrderDetail.getUserId(OrderDetail.java:57)
		at cardreq.OrderDetail.getUserId(OrderDetail.java:57)
		at cardreq.OrderDetail.getUserId(OrderDetail.java:57)
		at cardreq.OrderDetail.getUserId(OrderDetail.java:57)
		at cardreq.OrderDetail.getUserId(OrderDetail.java:57)
		at cardreq.OrderDetail.getUserId(OrderDetail.java:57)
		at cardreq.OrderDetail.getUserId(OrderDetail.java:57)
		at cardreq.OrderDetail.getUserId(OrderDetail.java:57)
		at cardreq.OrderDetail.getUserId(OrderDetail.java:57)
		at cardreq.OrderDetail.getUserId(OrderDetail.java:57)
		at cardreq.OrderDetail.getUserId(OrderDetail.java:57)
		at cardreq.OrderDetail.getUserId(OrderDetail.java:57)
		at cardreq.OrderDetail.getUserId(OrderDetail.java:57)
		at cardreq.OrderDetail.getUserId(OrderDetail.java:57)
		at cardreq.OrderDetail.getUserId(OrderDetail.java:57)
		at cardreq.OrderDetail.getUserId(OrderDetail.java:57)
		at cardreq.OrderDetail.getUserId(OrderDetail.java:57)
		at cardreq.OrderDetail.getUserId(OrderDetail.java:57)
		at cardreq.OrderDetail.getUserId(OrderDetail.java:57)
		at cardreq.OrderDetail.getUserId(OrderDetail.java:57)
		at cardreq.OrderDetail.getUserId(OrderDetail.java:57)
		at cardreq.OrderDetail.getUserId(OrderDetail.java:57)
		at cardreq.OrderDetail.getUserId(OrderDetail.java:57)
		at cardreq.OrderDetail.getUserId(OrderDetail.java:57)
		at cardreq.OrderDetail.getUserId(OrderDetail.java:57)
		at cardreq.OrderDetail.getUserId(OrderDetail.java:57)
		at cardreq.OrderDetail.getUserId(OrderDetail.java:57)
		at cardreq.OrderDetail.getUserId(OrderDetail.java:57)
		at cardreq.OrderDetail.getUserId(OrderDetail.java:57)
		at cardreq.OrderDetail.getUserId(OrderDetail.java:57)
		at cardreq.OrderDetail.getUserId(OrderDetail.java:57)
		at cardreq.OrderDetail.getUserId(OrderDetail.java:57)
		at cardreq.OrderDetail.getUserId(OrderDetail.java:57)
		at cardreq.OrderDetail.getUserId(OrderDetail.java:57)
		at cardreq.OrderDetail.getUserId(OrderDetail.java:57)
		at cardreq.OrderDetail.getUserId(OrderDetail.java:57)
		at cardreq.OrderDetail.getUserId(OrderDetail.java:57)
		at cardreq.OrderDetail.getUserId(OrderDetail.java:57)
		at cardreq.OrderDetail.getUserId(OrderDetail.java:57)
		at cardreq.OrderDetail.getUserId(OrderDetail.java:57)
		at cardreq.OrderDetail.getUserId(OrderDetail.java:57)
		at cardreq.OrderDetail.getUserId(OrderDetail.java:57)
		at cardreq.OrderDetail.getUserId(OrderDetail.java:57)
		at cardreq.OrderDetail.getUserId(OrderDetail.java:57)
		at cardreq.OrderDetail.getUserId(OrderDetail.java:57)
		at cardreq.OrderDetail.getUserId(OrderDetail.java:57)
		at cardreq.OrderDetail.getUserId(OrderDetail.java:57)
		at cardreq.OrderDetail.getUserId(OrderDetail.java:57)
		at cardreq.OrderDetail.getUserId(OrderDetail.java:57)
		at cardreq.OrderDetail.getUserId(OrderDetail.java:57)
		at cardreq.OrderDetail.getUserId(OrderDetail.java:57)
		at cardreq.OrderDetail.getUserId(OrderDetail.java:57)
		at cardreq.OrderDetail.getUserId(OrderDetail.java:57)
		at cardreq.OrderDetail.getUserId(OrderDetail.java:57)
		at cardreq.OrderDetail.getUserId(OrderDetail.java:57)
		at cardreq.OrderDetail.getUserId(OrderDetail.java:57)
		at cardreq.OrderDetail.getUserId(OrderDetail.java:57)
		at cardreq.OrderDetail.getUserId(OrderDetail.java:57)
		at cardreq.OrderDetail.getUserId(OrderDetail.java:57)
		at cardreq.OrderDetail.getUserId(OrderDetail.java:57)
		at cardreq.OrderDetail.getUserId(OrderDetail.java:57)
		at cardreq.OrderDetail.getUserId(OrderDetail.java:57)
		at cardreq.OrderDetail.getUserId(OrderDetail.java:57)
		at cardreq.OrderDetail.getUserId(OrderDetail.java:57)
		at cardreq.OrderDetail.getUserId(OrderDetail.java:57)
		at cardreq.OrderDetail.getUserId(OrderDetail.java:57)
		at cardreq.OrderDetail.getUserId(OrderDetail.java:57)
		at cardreq.OrderDetail.getUserId(OrderDetail.java:57)
		at cardreq.OrderDetail.getUserId(OrderDetail.java:57)
		at cardreq.OrderDetail.getUserId(OrderDetail.java:57)
		at cardreq.OrderDetail.getUserId(OrderDetail.java:57)
		at cardreq.OrderDetail.getUserId(OrderDetail.java:57)
		at cardreq.OrderDetail.getUserId(OrderDetail.java:57)
		at cardreq.OrderDetail.getUserId(OrderDetail.java:57)
		at cardreq.OrderDetail.getUserId(OrderDetail.java:57)
		at cardreq.OrderDetail.getUserId(OrderDetail.java:57)
		at cardreq.OrderDetail.getUserId(OrderDetail.java:57)
		at cardreq.OrderDetail.getUserId(OrderDetail.java:57)
		at cardreq.OrderDetail.getUserId(OrderDetail.java:57)
		at cardreq.OrderDetail.getUserId(OrderDetail.java:57)
		at cardreq.OrderDetail.getUserId(OrderDetail.java:57)
		at cardreq.OrderDetail.getUserId(OrderDetail.java:57)
		at cardreq.OrderDetail.getUserId(OrderDetail.java:57)
		at cardreq.OrderDetail.getUserId(OrderDetail.java:57)
		at cardreq.OrderDetail.getUserId(OrderDetail.java:57)
		at cardreq.OrderDetail.getUserId(OrderDetail.java:57)
		at cardreq.OrderDetail.getUserId(OrderDetail.java:57)
		at cardreq.OrderDetail.getUserId(OrderDetail.java:57)
		at cardreq.OrderDetail.getUserId(OrderDetail.java:57)
		at cardreq.OrderDetail.getUserId(OrderDetail.java:57)
		at cardreq.OrderDetail.getUserId(OrderDetail.java:57)
		at cardreq.OrderDetail.getUserId(OrderDetail.java:57)
		at cardreq.OrderDetail.getUserId(OrderDetail.java:57)
		at cardreq.OrderDetail.getUserId(OrderDetail.java:57)
		at cardreq.OrderDetail.getUserId(OrderDetail.java:57)
		at cardreq.OrderDetail.getUserId(OrderDetail.java:57)
		at cardreq.OrderDetail.getUserId(OrderDetail.java:57)
		at cardreq.OrderDetail.getUserId(OrderDetail.java:57)
		at cardreq.OrderDetail.getUserId(OrderDetail.java:57)
		at cardreq.OrderDetail.getUserId(OrderDetail.java:57)
		at cardreq.OrderDetail.getUserId(OrderDetail.java:57)
		at cardreq.OrderDetail.getUserId(OrderDetail.java:57)
		at cardreq.OrderDetail.getUserId(OrderDetail.java:57)
		at cardreq.OrderDetail.getUserId(OrderDetail.java:57)
		at cardreq.OrderDetail.getUserId(OrderDetail.java:57)
		at cardreq.OrderDetail.getUserId(OrderDetail.java:57)
		at cardreq.OrderDetail.getUserId(OrderDetail.java:57)
		at cardreq.OrderDetail.getUserId(OrderDetail.java:57)
		at cardreq.OrderDetail.getUserId(OrderDetail.java:57)
		at cardreq.OrderDetail.getUserId(OrderDetail.java:57)
		at cardreq.OrderDetail.getUserId(OrderDetail.java:57)
		at cardreq.OrderDetail.getUserId(OrderDetail.java:57)
		at cardreq.OrderDetail.getUserId(OrderDetail.java:57)
		at cardreq.OrderDetail.getUserId(OrderDetail.java:57)
		at cardreq.OrderDetail.getUserId(OrderDetail.java:57)
		at cardreq.OrderDetail.getUserId(OrderDetail.java:57)
		at cardreq.OrderDetail.getUserId(OrderDetail.java:57)
		at cardreq.OrderDetail.getUserId(OrderDetail.java:57)
		at cardreq.OrderDetail.getUserId(OrderDetail.java:57)
		at cardreq.OrderDetail.getUserId(OrderDetail.java:57)
		at cardreq.OrderDetail.getUserId(OrderDetail.java:57)
		at cardreq.OrderDetail.getUserId(OrderDetail.java:57)
		at cardreq.OrderDetail.getUserId(OrderDetail.java:57)
		at cardreq.OrderDetail.getUserId(OrderDetail.java:57)
		at cardreq.OrderDetail.getUserId(OrderDetail.java:57)
		at cardreq.OrderDetail.getUserId(OrderDetail.java:57)
		at cardreq.OrderDetail.getUserId(OrderDetail.java:57)
		at cardreq.OrderDetail.getUserId(OrderDetail.java:57)
		at cardreq.OrderDetail.getUserId(OrderDetail.java:57)
		at cardreq.OrderDetail.getUserId(OrderDetail.java:57)
		at cardreq.OrderDetail.getUserId(OrderDetail.java:57)
		at cardreq.OrderDetail.getUserId(OrderDetail.java:57)
		at cardreq.OrderDetail.getUserId(OrderDetail.java:57)
		at cardreq.OrderDetail.getUserId(OrderDetail.java:57)
		at cardreq.OrderDetail.getUserId(OrderDetail.java:57)
		at cardreq.OrderDetail.getUserId(OrderDetail.java:57)
		at cardreq.OrderDetail.getUserId(OrderDetail.java:57)
		at cardreq.OrderDetail.getUserId(OrderDetail.java:57)
		at cardreq.OrderDetail.getUserId(OrderDetail.java:57)
		at cardreq.OrderDetail.getUserId(OrderDetail.java:57)
		at cardreq.OrderDetail.getUserId(OrderDetail.java:57)
		at cardreq.OrderDetail.getUserId(OrderDetail.java:57)
		at cardreq.OrderDetail.getUserId(OrderDetail.java:57)
		at cardreq.OrderDetail.getUserId(OrderDetail.java:57)
		at cardreq.OrderDetail.getUserId(OrderDetail.java:57)
		at cardreq.OrderDetail.getUserId(OrderDetail.java:57)
		at cardreq.OrderDetail.getUserId(OrderDetail.java:57)
		at cardreq.OrderDetail.getUserId(OrderDetail.java:57)
		at cardreq.OrderDetail.getUserId(OrderDetail.java:57)
		at cardreq.OrderDetail.getUserId(OrderDetail.java:57)
		at cardreq.OrderDetail.getUserId(OrderDetail.java:57)
		at cardreq.OrderDetail.getUserId(OrderDetail.java:57)
		at cardreq.OrderDetail.getUserId(OrderDetail.java:57)
		at cardreq.OrderDetail.getUserId(OrderDetail.java:57)
		at cardreq.OrderDetail.getUserId(OrderDetail.java:57)
		at cardreq.OrderDetail.getUserId(OrderDetail.java:57)
		at cardreq.OrderDetail.getUserId(OrderDetail.java:57)
		at cardreq.OrderDetail.getUserId(OrderDetail.java:57)
		at cardreq.OrderDetail.getUserId(OrderDetail.java:57)
		at cardreq.OrderDetail.getUserId(OrderDetail.java:57)
		at cardreq.OrderDetail.getUserId(OrderDetail.java:57)
		at cardreq.OrderDetail.getUserId(OrderDetail.java:57)
		at cardreq.OrderDetail.getUserId(OrderDetail.java:57)
		at cardreq.OrderDetail.getUserId(OrderDetail.java:57)
		at cardreq.OrderDetail.getUserId(OrderDetail.java:57)
		at cardreq.OrderDetail.getUserId(OrderDetail.java:57)
		at cardreq.OrderDetail.getUserId(OrderDetail.java:57)
		at cardreq.OrderDetail.getUserId(OrderDetail.java:57)
		at cardreq.OrderDetail.getUserId(OrderDetail.java:57)
		at cardreq.OrderDetail.getUserId(OrderDetail.java:57)
		at cardreq.OrderDetail.getUserId(OrderDetail.java:57)
		at cardreq.OrderDetail.getUserId(OrderDetail.java:57)
		at cardreq.OrderDetail.getUserId(OrderDetail.java:57)
		at cardreq.OrderDetail.getUserId(OrderDetail.java:57)
		at cardreq.OrderDetail.getUserId(OrderDetail.java:57)
		at cardreq.OrderDetail.getUserId(OrderDetail.java:57)
		at cardreq.OrderDetail.getUserId(OrderDetail.java:57)
		at cardreq.OrderDetail.getUserId(OrderDetail.java:57)
		at cardreq.OrderDetail.getUserId(OrderDetail.java:57)
		at cardreq.OrderDetail.getUserId(OrderDetail.java:57)
		at cardreq.OrderDetail.getUserId(OrderDetail.java:57)
		at cardreq.OrderDetail.getUserId(OrderDetail.java:57)
		at cardreq.OrderDetail.getUserId(OrderDetail.java:57)
		at cardreq.OrderDetail.getUserId(OrderDetail.java:57)
		at cardreq.OrderDetail.getUserId(OrderDetail.java:57)
		at cardreq.OrderDetail.getUserId(OrderDetail.java:57)
		at cardreq.OrderDetail.getUserId(OrderDetail.java:57)
		at cardreq.OrderDetail.getUserId(OrderDetail.java:57)
		at cardreq.OrderDetail.getUserId(OrderDetail.java:57)
		at cardreq.OrderDetail.getUserId(OrderDetail.java:57)
		at cardreq.OrderDetail.getUserId(OrderDetail.java:57)
		at cardreq.OrderDetail.getUserId(OrderDetail.java:57)
		at cardreq.OrderDetail.getUserId(OrderDetail.java:57)
		at cardreq.OrderDetail.getUserId(OrderDetail.java:57)
		at cardreq.OrderDetail.getUserId(OrderDetail.java:57)
		at cardreq.OrderDetail.getUserId(OrderDetail.java:57)
		at cardreq.OrderDetail.getUserId(OrderDetail.java:57)
		at cardreq.OrderDetail.getUserId(OrderDetail.java:57)
		at cardreq.OrderDetail.getUserId(OrderDetail.java:57)
		at cardreq.OrderDetail.getUserId(OrderDetail.java:57)
		at cardreq.OrderDetail.getUserId(OrderDetail.java:57)
		at cardreq.OrderDetail.getUserId(OrderDetail.java:57)
		at cardreq.OrderDetail.getUserId(OrderDetail.java:57)
		at cardreq.OrderDetail.getUserId(OrderDetail.java:57)
		at cardreq.OrderDetail.getUserId(OrderDetail.java:57)
		at cardreq.OrderDetail.getUserId(OrderDetail.java:57)
		at cardreq.OrderDetail.getUserId(OrderDetail.java:57)
		at cardreq.OrderDetail.getUserId(OrderDetail.java:57)
		at cardreq.OrderDetail.getUserId(OrderDetail.java:57)
		at cardreq.OrderDetail.getUserId(OrderDetail.java:57)
		at cardreq.OrderDetail.getUserId(OrderDetail.java:57)
		at cardreq.OrderDetail.getUserId(OrderDetail.java:57)
		at cardreq.OrderDetail.getUserId(OrderDetail.java:57)
		at cardreq.OrderDetail.getUserId(OrderDetail.java:57)
		at cardreq.OrderDetail.getUserId(OrderDetail.java:57)
		at cardreq.OrderDetail.getUserId(OrderDetail.java:57)
		at cardreq.OrderDetail.getUserId(OrderDetail.java:57)
		at cardreq.OrderDetail.getUserId(OrderDetail.java:57)
		at cardreq.OrderDetail.getUserId(OrderDetail.java:57)
		at cardreq.OrderDetail.getUserId(OrderDetail.java:57)
		at cardreq.OrderDetail.getUserId(OrderDetail.java:57)
		at cardreq.OrderDetail.getUserId(OrderDetail.java:57)
		at cardreq.OrderDetail.getUserId(OrderDetail.java:57)
		at cardreq.OrderDetail.getUserId(OrderDetail.java:57)
		at cardreq.OrderDetail.getUserId(OrderDetail.java:57)
		at cardreq.OrderDetail.getUserId(OrderDetail.java:57)
		at cardreq.OrderDetail.getUserId(OrderDetail.java:57)
		at cardreq.OrderDetail.getUserId(OrderDetail.java:57)
		at cardreq.OrderDetail.getUserId(OrderDetail.java:57)
		at cardreq.OrderDetail.getUserId(OrderDetail.java:57)
		at cardreq.OrderDetail.getUserId(OrderDetail.java:57)
		at cardreq.OrderDetail.getUserId(OrderDetail.java:57)
		at cardreq.OrderDetail.getUserId(OrderDetail.java:57)
		at cardreq.OrderDetail.getUserId(OrderDetail.java:57)
		at cardreq.OrderDetail.getUserId(OrderDetail.java:57)
		at cardreq.OrderDetail.getUserId(OrderDetail.java:57)
		at cardreq.OrderDetail.getUserId(OrderDetail.java:57)
		at cardreq.OrderDetail.getUserId(OrderDetail.java:57)
		at cardreq.OrderDetail.getUserId(OrderDetail.java:57)
		at cardreq.OrderDetail.getUserId(OrderDetail.java:57)
		at cardreq.OrderDetail.getUserId(OrderDetail.java:57)
		at cardreq.OrderDetail.getUserId(OrderDetail.java:57)
		at cardreq.OrderDetail.getUserId(OrderDetail.java:57)
		at cardreq.OrderDetail.getUserId(OrderDetail.java:57)
		at cardreq.OrderDetail.getUserId(OrderDetail.java:57)
		at cardreq.OrderDetail.getUserId(OrderDetail.java:57)
		at cardreq.OrderDetail.getUserId(OrderDetail.java:57)
		at cardreq.OrderDetail.getUserId(OrderDetail.java:57)
		at cardreq.OrderDetail.getUserId(OrderDetail.java:57)
		at cardreq.OrderDetail.getUserId(OrderDetail.java:57)
		at cardreq.OrderDetail.getUserId(OrderDetail.java:57)
		at cardreq.OrderDetail.getUserId(OrderDetail.java:57)
		at cardreq.OrderDetail.getUserId(OrderDetail.java:57)
		at cardreq.OrderDetail.getUserId(OrderDetail.java:57)
		at cardreq.OrderDetail.getUserId(OrderDetail.java:57)
		at cardreq.OrderDetail.getUserId(OrderDetail.java:57)
		at cardreq.OrderDetail.getUserId(OrderDetail.java:57)
		at cardreq.OrderDetail.getUserId(OrderDetail.java:57)
		at cardreq.OrderDetail.getUserId(OrderDetail.java:57)
		at cardreq.OrderDetail.getUserId(OrderDetail.java:57)
		at cardreq.OrderDetail.getUserId(OrderDetail.java:57)
		at cardreq.OrderDetail.getUserId(OrderDetail.java:57)
		at cardreq.OrderDetail.getUserId(OrderDetail.java:57)
		at cardreq.OrderDetail.getUserId(OrderDetail.java:57)
		at cardreq.OrderDetail.getUserId(OrderDetail.java:57)
		at cardreq.OrderDetail.getUserId(OrderDetail.java:57)
		at cardreq.OrderDetail.getUserId(OrderDetail.java:57)
		at cardreq.OrderDetail.getUserId(OrderDetail.java:57)
		at cardreq.OrderDetail.getUserId(OrderDetail.java:57)
		at cardreq.OrderDetail.getUserId(OrderDetail.java:57)
		at cardreq.OrderDetail.getUserId(OrderDetail.java:57)
		at cardreq.OrderDetail.getUserId(OrderDetail.java:57)
		at cardreq.OrderDetail.getUserId(OrderDetail.java:57)
		at cardreq.OrderDetail.getUserId(OrderDetail.java:57)
		at cardreq.OrderDetail.getUserId(OrderDetail.java:57)
		at cardreq.OrderDetail.getUserId(OrderDetail.java:57)
		at cardreq.OrderDetail.getUserId(OrderDetail.java:57)
		at cardreq.OrderDetail.getUserId(OrderDetail.java:57)
		at cardreq.OrderDetail.getUserId(OrderDetail.java:57)
		at cardreq.OrderDetail.getUserId(OrderDetail.java:57)
		at cardreq.OrderDetail.getUserId(OrderDetail.java:57)
		at cardreq.OrderDetail.getUserId(OrderDetail.java:57)
		at cardreq.OrderDetail.getUserId(OrderDetail.java:57)
		at cardreq.OrderDetail.getUserId(OrderDetail.java:57)
		at cardreq.OrderDetail.getUserId(OrderDetail.java:57)
		at cardreq.OrderDetail.getUserId(OrderDetail.java:57)
		at cardreq.OrderDetail.getUserId(OrderDetail.java:57)
		at cardreq.OrderDetail.getUserId(OrderDetail.java:57)
		at cardreq.OrderDetail.getUserId(OrderDetail.java:57)
		at cardreq.OrderDetail.getUserId(OrderDetail.java:57)
		at cardreq.OrderDetail.getUserId(OrderDetail.java:57)
		at cardreq.OrderDetail.getUserId(OrderDetail.java:57)
		at cardreq.OrderDetail.getUserId(OrderDetail.java:57)
		at cardreq.OrderDetail.getUserId(OrderDetail.java:57)
		at cardreq.OrderDetail.getUserId(OrderDetail.java:57)
		at cardreq.OrderDetail.getUserId(OrderDetail.java:57)
		at cardreq.OrderDetail.getUserId(OrderDetail.java:57)
		at cardreq.OrderDetail.getUserId(OrderDetail.java:57)
		at cardreq.OrderDetail.getUserId(OrderDetail.java:57)
		at cardreq.OrderDetail.getUserId(OrderDetail.java:57)
		at cardreq.OrderDetail.getUserId(OrderDetail.java:57)
		at cardreq.OrderDetail.getUserId(OrderDetail.java:57)
		at cardreq.OrderDetail.getUserId(OrderDetail.java:57)
		at cardreq.OrderDetail.getUserId(OrderDetail.java:57)
		at cardreq.OrderDetail.getUserId(OrderDetail.java:57)
		at cardreq.OrderDetail.getUserId(OrderDetail.java:57)
		at cardreq.OrderDetail.getUserId(OrderDetail.java:57)
		at cardreq.OrderDetail.getUserId(OrderDetail.java:57)
		at cardreq.OrderDetail.getUserId(OrderDetail.java:57)
		at cardreq.OrderDetail.getUserId(OrderDetail.java:57)
		at cardreq.OrderDetail.getUserId(OrderDetail.java:57)
		at cardreq.OrderDetail.getUserId(OrderDetail.java:57)
		at cardreq.OrderDetail.getUserId(OrderDetail.java:57)
		at cardreq.OrderDetail.getUserId(OrderDetail.java:57)
		at cardreq.OrderDetail.getUserId(OrderDetail.java:57)
		at cardreq.OrderDetail.getUserId(OrderDetail.java:57)
		at cardreq.OrderDetail.getUserId(OrderDetail.java:57)
		at cardreq.OrderDetail.getUserId(OrderDetail.java:57)
		at cardreq.OrderDetail.getUserId(OrderDetail.java:57)
		at cardreq.OrderDetail.getUserId(OrderDetail.java:57)
		at cardreq.OrderDetail.getUserId(OrderDetail.java:57)
		at cardreq.OrderDetail.getUserId(OrderDetail.java:57)
		at cardreq.OrderDetail.getUserId(OrderDetail.java:57)
		at cardreq.OrderDetail.getUserId(OrderDetail.java:57)
		at cardreq.OrderDetail.getUserId(OrderDetail.java:57)
		at cardreq.OrderDetail.getUserId(OrderDetail.java:57)
		at cardreq.OrderDetail.getUserId(OrderDetail.java:57)
		at cardreq.OrderDetail.getUserId(OrderDetail.java:57)
		at cardreq.OrderDetail.getUserId(OrderDetail.java:57)
		at cardreq.OrderDetail.getUserId(OrderDetail.java:57)
		at cardreq.OrderDetail.getUserId(OrderDetail.java:57)
		at cardreq.OrderDetail.getUserId(OrderDetail.java:57)
		at cardreq.OrderDetail.getUserId(OrderDetail.java:57)
		at cardreq.OrderDetail.getUserId(OrderDetail.java:57)
		at cardreq.OrderDetail.getUserId(OrderDetail.java:57)
		at cardreq.OrderDetail.getUserId(OrderDetail.java:57)
		at cardreq.OrderDetail.getUserId(OrderDetail.java:57)
		at cardreq.OrderDetail.getUserId(OrderDetail.java:57)
		at cardreq.OrderDetail.getUserId(OrderDetail.java:57)
		at cardreq.OrderDetail.getUserId(OrderDetail.java:57)
		at cardreq.OrderDetail.getUserId(OrderDetail.java:57)
		at cardreq.OrderDetail.getUserId(OrderDetail.java:57)
		at cardreq.OrderDetail.getUserId(OrderDetail.java:57)
		at cardreq.OrderDetail.getUserId(OrderDetail.java:57)
		at cardreq.OrderDetail.getUserId(OrderDetail.java:57)
		at cardreq.OrderDetail.getUserId(OrderDetail.java:57)
		at cardreq.OrderDetail.getUserId(OrderDetail.java:57)
		at cardreq.OrderDetail.getUserId(OrderDetail.java:57)
		at cardreq.OrderDetail.getUserId(OrderDetail.java:57)
		at cardreq.OrderDetail.getUserId(OrderDetail.java:57)
		at cardreq.OrderDetail.getUserId(OrderDetail.java:57)
		at cardreq.OrderDetail.getUserId(OrderDetail.java:57)
		at cardreq.OrderDetail.getUserId(OrderDetail.java:57)
		at cardreq.OrderDetail.getUserId(OrderDetail.java:57)
		at cardreq.OrderDetail.getUserId(OrderDetail.java:57)
		at cardreq.OrderDetail.getUserId(OrderDetail.java:57)
		at cardreq.OrderDetail.getUserId(OrderDetail.java:57)
		at cardreq.OrderDetail.getUserId(OrderDetail.java:57)
		at cardreq.OrderDetail.getUserId(OrderDetail.java:57)
		at cardreq.OrderDetail.getUserId(OrderDetail.java:57)
		at cardreq.OrderDetail.getUserId(OrderDetail.java:57)
		at cardreq.OrderDetail.getUserId(OrderDetail.java:57)
		at cardreq.OrderDetail.getUserId(OrderDetail.java:57)
		at cardreq.OrderDetail.getUserId(OrderDetail.java:57)
		at cardreq.OrderDetail.getUserId(OrderDetail.java:57)
		at cardreq.OrderDetail.getUserId(OrderDetail.java:57)
		at cardreq.OrderDetail.getUserId(OrderDetail.java:57)
		at cardreq.OrderDetail.getUserId(OrderDetail.java:57)
		at cardreq.OrderDetail.getUserId(OrderDetail.java:57)
		at cardreq.OrderDetail.getUserId(OrderDetail.java:57)
		at cardreq.OrderDetail.getUserId(OrderDetail.java:57)
		at cardreq.OrderDetail.getUserId(OrderDetail.java:57)
		at cardreq.OrderDetail.getUserId(OrderDetail.java:57)
		at cardreq.OrderDetail.getUserId(OrderDetail.java:57)
		at cardreq.OrderDetail.getUserId(OrderDetail.java:57)
		at cardreq.OrderDetail.getUserId(OrderDetail.java:57)
		at cardreq.OrderDetail.getUserId(OrderDetail.java:57)
		at cardreq.OrderDetail.getUserId(OrderDetail.java:57)
		at cardreq.OrderDetail.getUserId(OrderDetail.java:57)
		at cardreq.OrderDetail.getUserId(OrderDetail.java:57)
		at cardreq.OrderDetail.getUserId(OrderDetail.java:57)
		at cardreq.OrderDetail.getUserId(OrderDetail.java:57)
		at cardreq.OrderDetail.getUserId(OrderDetail.java:57)
		at cardreq.OrderDetail.getUserId(OrderDetail.java:57)
		at cardreq.OrderDetail.getUserId(OrderDetail.java:57)
		at cardreq.OrderDetail.getUserId(OrderDetail.java:57)
		at cardreq.OrderDetail.getUserId(OrderDetail.java:57)
		at cardreq.OrderDetail.getUserId(OrderDetail.java:57)
		at cardreq.OrderDetail.getUserId(OrderDetail.java:57)
		at cardreq.OrderDetail.getUserId(OrderDetail.java:57)
		at cardreq.OrderDetail.getUserId(OrderDetail.java:57)
		at cardreq.OrderDetail.getUserId(OrderDetail.java:57)
		at cardreq.OrderDetail.getUserId(OrderDetail.java:57)
		at cardreq.OrderDetail.getUserId(OrderDetail.java:57)
		at cardreq.OrderDetail.getUserId(OrderDetail.java:57)
		at cardreq.OrderDetail.getUserId(OrderDetail.java:57)
		at cardreq.OrderDetail.getUserId(OrderDetail.java:57)
		at cardreq.OrderDetail.getUserId(OrderDetail.java:57)
		at cardreq.OrderDetail.getUserId(OrderDetail.java:57)
		at cardreq.OrderDetail.getUserId(OrderDetail.java:57)
		at cardreq.OrderDetail.getUserId(OrderDetail.java:57)
		at cardreq.OrderDetail.getUserId(OrderDetail.java:57)
		at cardreq.OrderDetail.getUserId(OrderDetail.java:57)
		at cardreq.OrderDetail.getUserId(OrderDetail.java:57)
		at cardreq.OrderDetail.getUserId(OrderDetail.java:57)
		at cardreq.OrderDetail.getUserId(OrderDetail.java:57)
		at cardreq.OrderDetail.getUserId(OrderDetail.java:57)
		at cardreq.OrderDetail.getUserId(OrderDetail.java:57)
		at cardreq.OrderDetail.getUserId(OrderDetail.java:57)
		at cardreq.OrderDetail.getUserId(OrderDetail.java:57)
		at cardreq.OrderDetail.getUserId(OrderDetail.java:57)
		at cardreq.OrderDetail.getUserId(OrderDetail.java:57)
		at cardreq.OrderDetail.getUserId(OrderDetail.java:57)
		at cardreq.OrderDetail.getUserId(OrderDetail.java:57)
		at cardreq.OrderDetail.getUserId(OrderDetail.java:57)
		at cardreq.OrderDetail.getUserId(OrderDetail.java:57)
		at cardreq.OrderDetail.getUserId(OrderDetail.java:57)
		at cardreq.OrderDetail.getUserId(OrderDetail.java:57)
		at cardreq.OrderDetail.getUserId(OrderDetail.java:57)
		at cardreq.OrderDetail.getUserId(OrderDetail.java:57)
		at cardreq.OrderDetail.getUserId(OrderDetail.java:57)
		at cardreq.OrderDetail.getUserId(OrderDetail.java:57)
		at cardreq.OrderDetail.getUserId(OrderDetail.java:57)
		at cardreq.OrderDetail.getUserId(OrderDetail.java:57)
		at cardreq.OrderDetail.getUserId(OrderDetail.java:57)
		at cardreq.OrderDetail.getUserId(OrderDetail.java:57)
		at cardreq.OrderDetail.getUserId(OrderDetail.java:57)
		at cardreq.OrderDetail.getUserId(OrderDetail.java:57)
		at cardreq.OrderDetail.getUserId(OrderDetail.java:57)
		at cardreq.OrderDetail.getUserId(OrderDetail.java:57)
		at cardreq.OrderDetail.getUserId(OrderDetail.java:57)
		at cardreq.OrderDetail.getUserId(OrderDetail.java:57)
		at cardreq.OrderDetail.getUserId(OrderDetail.java:57)
		at cardreq.OrderDetail.getUserId(OrderDetail.java:57)
		at cardreq.OrderDetail.getUserId(OrderDetail.java:57)
		at cardreq.OrderDetail.getUserId(OrderDetail.java:57)
		at cardreq.OrderDetail.getUserId(OrderDetail.java:57)
		at cardreq.OrderDetail.getUserId(OrderDetail.java:57)
		at cardreq.OrderDetail.getUserId(OrderDetail.java:57)
		at cardreq.OrderDetail.getUserId(OrderDetail.java:57)
		at cardreq.OrderDetail.getUserId(OrderDetail.java:57)
		at cardreq.OrderDetail.getUserId(OrderDetail.java:57)
		at cardreq.OrderDetail.getUserId(OrderDetail.java:57)
		at cardreq.OrderDetail.getUserId(OrderDetail.java:57)
		at cardreq.OrderDetail.getUserId(OrderDetail.java:57)
		at cardreq.OrderDetail.getUserId(OrderDetail.java:57)
		at cardreq.OrderDetail.getUserId(OrderDetail.java:57)
		at cardreq.OrderDetail.getUserId(OrderDetail.java:57)
		at cardreq.OrderDetail.getUserId(OrderDetail.java:57)
		at cardreq.OrderDetail.getUserId(OrderDetail.java:57)
		at cardreq.OrderDetail.getUserId(OrderDetail.java:57)
		at cardreq.OrderDetail.getUserId(OrderDetail.java:57)
		at cardreq.OrderDetail.getUserId(OrderDetail.java:57)
		at cardreq.OrderDetail.getUserId(OrderDetail.java:57)
		at cardreq.OrderDetail.getUserId(OrderDetail.java:57)
		at cardreq.OrderDetail.getUserId(OrderDetail.java:57)
		at cardreq.OrderDetail.getUserId(OrderDetail.java:57)
		at cardreq.OrderDetail.getUserId(OrderDetail.java:57)
		at cardreq.OrderDetail.getUserId(OrderDetail.java:57)
		at cardreq.OrderDetail.getUserId(OrderDetail.java:57)
		at cardreq.OrderDetail.getUserId(OrderDetail.java:57)
		at cardreq.OrderDetail.getUserId(OrderDetail.java:57)
		at cardreq.OrderDetail.getUserId(OrderDetail.java:57)
		at cardreq.OrderDetail.getUserId(OrderDetail.java:57)
		at cardreq.OrderDetail.getUserId(OrderDetail.java:57)
		at cardreq.OrderDetail.getUserId(OrderDetail.java:57)
		at cardreq.OrderDetail.getUserId(OrderDetail.java:57)
		at cardreq.OrderDetail.getUserId(OrderDetail.java:57)
		at cardreq.OrderDetail.getUserId(OrderDetail.java:57)
		at cardreq.OrderDetail.getUserId(OrderDetail.java:57)
		at cardreq.OrderDetail.getUserId(OrderDetail.java:57)
		at cardreq.OrderDetail.getUserId(OrderDetail.java:57)
		at cardreq.OrderDetail.getUserId(OrderDetail.java:57)
		at cardreq.OrderDetail.getUserId(OrderDetail.java:57)
		at cardreq.OrderDetail.getUserId(OrderDetail.java:57)
		at cardreq.OrderDetail.getUserId(OrderDetail.java:57)
		at cardreq.OrderDetail.getUserId(OrderDetail.java:57)
17-Apr-2025 22:38:24.784 SEVERE [http-nio-8080-exec-8] org.apache.catalina.core.ApplicationDispatcher.invoke Servlet.service() for servlet [jsp] threw exception
	java.lang.NullPointerException: Cannot invoke "cardreq.OrderDetail.getTransactionId()" because "order" is null
		at org.apache.jsp.Fundraising.review_jsp._jspService(review_jsp.java:158)
		at org.apache.jasper.runtime.HttpJspBase.service(HttpJspBase.java:67)
		at javax.servlet.http.HttpServlet.service(HttpServlet.java:623)
		at org.apache.jasper.servlet.JspServletWrapper.service(JspServletWrapper.java:466)
		at org.apache.jasper.servlet.JspServlet.serviceJspFile(JspServlet.java:376)
		at org.apache.jasper.servlet.JspServlet.service(JspServlet.java:324)
		at javax.servlet.http.HttpServlet.service(HttpServlet.java:623)
		at org.apache.catalina.core.ApplicationFilterChain.internalDoFilter(ApplicationFilterChain.java:199)
		at org.apache.catalina.core.ApplicationFilterChain.doFilter(ApplicationFilterChain.java:144)
		at org.apache.tomcat.websocket.server.WsFilter.doFilter(WsFilter.java:51)
		at org.apache.catalina.core.ApplicationFilterChain.internalDoFilter(ApplicationFilterChain.java:168)
		at org.apache.catalina.core.ApplicationFilterChain.doFilter(ApplicationFilterChain.java:144)
		at org.apache.catalina.core.ApplicationDispatcher.invoke(ApplicationDispatcher.java:641)
		at org.apache.catalina.core.ApplicationDispatcher.processRequest(ApplicationDispatcher.java:415)
		at org.apache.catalina.core.ApplicationDispatcher.doForward(ApplicationDispatcher.java:347)
		at org.apache.catalina.core.ApplicationDispatcher.forward(ApplicationDispatcher.java:284)
		at cardreq.ReviewPaymentServlet.doGet(ReviewPaymentServlet.java:76)
		at javax.servlet.http.HttpServlet.service(HttpServlet.java:529)
		at javax.servlet.http.HttpServlet.service(HttpServlet.java:623)
		at org.apache.catalina.core.ApplicationFilterChain.internalDoFilter(ApplicationFilterChain.java:199)
		at org.apache.catalina.core.ApplicationFilterChain.doFilter(ApplicationFilterChain.java:144)
		at org.apache.tomcat.websocket.server.WsFilter.doFilter(WsFilter.java:51)
		at org.apache.catalina.core.ApplicationFilterChain.internalDoFilter(ApplicationFilterChain.java:168)
		at org.apache.catalina.core.ApplicationFilterChain.doFilter(ApplicationFilterChain.java:144)
		at UserPackage.UserSessionFilter.doFilter(UserSessionFilter.java:34)
		at org.apache.catalina.core.ApplicationFilterChain.internalDoFilter(ApplicationFilterChain.java:168)
		at org.apache.catalina.core.ApplicationFilterChain.doFilter(ApplicationFilterChain.java:144)
		at UserPackage.UserSessionFilter.doFilter(UserSessionFilter.java:34)
		at org.apache.catalina.core.ApplicationFilterChain.internalDoFilter(ApplicationFilterChain.java:168)
		at org.apache.catalina.core.ApplicationFilterChain.doFilter(ApplicationFilterChain.java:144)
		at org.apache.catalina.core.StandardWrapperValve.invoke(StandardWrapperValve.java:168)
		at org.apache.catalina.core.StandardContextValve.invoke(StandardContextValve.java:90)
		at org.apache.catalina.authenticator.AuthenticatorBase.invoke(AuthenticatorBase.java:482)
		at org.apache.catalina.core.StandardHostValve.invoke(StandardHostValve.java:130)
		at org.apache.catalina.valves.ErrorReportValve.invoke(ErrorReportValve.java:93)
		at org.apache.catalina.valves.AbstractAccessLogValve.invoke(AbstractAccessLogValve.java:660)
		at org.apache.catalina.core.StandardEngineValve.invoke(StandardEngineValve.java:74)
		at org.apache.catalina.connector.CoyoteAdapter.service(CoyoteAdapter.java:346)
		at org.apache.coyote.http11.Http11Processor.service(Http11Processor.java:383)
		at org.apache.coyote.AbstractProcessorLight.process(AbstractProcessorLight.java:63)
		at org.apache.coyote.AbstractProtocol$ConnectionHandler.process(AbstractProtocol.java:937)
		at org.apache.tomcat.util.net.NioEndpoint$SocketProcessor.doRun(NioEndpoint.java:1791)
		at org.apache.tomcat.util.net.SocketProcessorBase.run(SocketProcessorBase.java:52)
		at org.apache.tomcat.util.threads.ThreadPoolExecutor.runWorker(ThreadPoolExecutor.java:1190)
		at org.apache.tomcat.util.threads.ThreadPoolExecutor$Worker.run(ThreadPoolExecutor.java:659)
		at org.apache.tomcat.util.threads.TaskThread$WrappingRunnable.run(TaskThread.java:63)
		at java.base/java.lang.Thread.run(Thread.java:1570)
